2016/10/21 11:39:27,INFO  - ,=== This application works at 64 bits  ===
2016/10/21 11:39:27,INFO  - ,=== START-UP!  ===
2016/10/21 11:39:27,INFO  - ,=== USB-Key OK!  ===
2016/10/21 11:39:28,INFO  - ,=== USER LEVEL : Operator ===
2016/10/21 11:39:59,INFO  - ,=== ERROR : STOPPED.  CAPTURE TIME-OUT ===
2016/10/21 11:40:10,INFO  - ,=== ERROR : STOPPED.  CAPTURE TIME-OUT ===
2016/10/21 11:40:56,INFO  - ,=== This application works at 64 bits  ===
2016/10/21 11:40:56,INFO  - ,=== START-UP!  ===
2016/10/21 11:40:56,INFO  - ,=== USB-Key OK!  ===
2016/10/21 11:40:56,INFO  - ,=== USER LEVEL : Operator ===
2016/10/21 11:51:39,INFO  - ,MEASURE,UMC demo,1,,99.64,0.00,PASS,497,534,173,158,20,20,1,0.2,1,1,1,1.1,3,20,1,5,1,1,45,45,45,45,100,200000,95,200,0,31,0,0,False,False,False,False,,,
2016/10/21 11:51:39,INFO  - ,MEASURE,UMC demo,2,,98.88,0.64,PASS,789,967,182,164,20,20,1,0.2,1,1,1,1.1,3,20,1,5,1,1,45,45,45,45,100,200000,95,200,0,31,0,0,False,False,False,False,,,
2016/10/21 11:51:39,INFO  - ,MEASURE,UMC demo,3,,99.83,0.00,PASS,1037,140,64,24,20,20,1,0.2,1,1,1,1.1,3,20,1,5,1,1,45,45,45,45,100,200000,95,200,0,31,0,0,False,False,False,False,,,
2016/10/21 11:51:39,INFO  - ,MEASURE,UMC demo,4,,99.55,0.00,PASS,1058,613,15,39,20,20,1,0.2,1,1,1,1.1,3,20,1,5,1,1,45,45,45,45,100,200000,95,200,0,31,0,0,False,False,False,False,,,
2016/10/21 11:51:39,INFO  - ,MEASURE,UMC demo,5,,99.45,0.00,PASS,564,1410,30,52,20,20,1,0.2,1,1,1,1.1,3,20,1,5,1,1,45,45,45,45,100,200000,95,200,0,31,0,0,False,False,False,False,,,
2016/10/21 11:51:39,INFO  - ,MEASURE,UMC demo,6,,99.57,0.00,PASS,1383,1253,306,94,20,20,1,0.2,1,1,1,1.1,3,20,1,5,1,1,45,45,45,45,100,200000,95,200,0,31,0,0,False,False,False,False,,,
2016/10/21 11:51:40,INFO  - ,JUDGE,UMC demo,1,PASS,1,0,6,0,1.09,,
2016/10/21 11:51:51,INFO  - ,MEASURE,UMC demo,1,,64.25,74.79,NG,497,534,173,158,20,20,1,0.2,1,1,1,1.1,3,20,1,5,1,1,45,45,45,45,100,200000,95,200,-58,-120,0,0,False,False,False,False,,,
2016/10/21 11:51:51,INFO  - ,MEASURE,UMC demo,2,,57.83,63.87,NG,789,967,182,164,20,20,1,0.2,1,1,1,1.1,3,20,1,5,1,1,45,45,45,45,100,200000,95,200,-58,-120,0,0,False,False,False,False,,,
2016/10/21 11:51:51,INFO  - ,MEASURE,UMC demo,3,,0.00,88.80,NG,1037,140,64,24,20,20,1,0.2,1,1,1,1.1,3,20,1,5,1,1,45,45,45,45,100,200000,95,200,-58,-120,0,0,False,False,False,False,,,
2016/10/21 11:51:51,INFO  - ,MEASURE,UMC demo,4,,65.96,79.66,NG,1058,613,15,39,20,20,1,0.2,1,1,1,1.1,3,20,1,5,1,1,45,45,45,45,100,200000,95,200,-58,-120,0,0,False,False,False,False,,,
2016/10/21 11:51:51,INFO  - ,MEASURE,UMC demo,5,,88.11,0.00,NG,564,1410,30,52,20,20,1,0.2,1,1,1,1.1,3,20,1,5,1,1,45,45,45,45,100,200000,95,200,-58,-120,0,0,False,False,False,False,,,
2016/10/21 11:51:51,INFO  - ,MEASURE,UMC demo,6,,77.43,16.61,NG,1383,1253,306,94,20,20,1,0.2,1,1,1,1.1,3,20,1,5,1,1,45,45,45,45,100,200000,95,200,-58,-120,0,0,False,False,False,False,,,
2016/10/21 11:51:51,INFO  - ,JUDGE,UMC demo,2,NG,1,1,0,6,0.76,,
2016/10/21 11:52:02,INFO  - ,MEASURE,UMC demo,1,,90.65,25.02,NG,497,534,173,158,20,20,1,0.2,1,1,1,1.1,3,20,1,5,1,1,45,45,45,45,100,200000,95,200,-120,78,0,0,False,False,False,False,,,
2016/10/21 11:52:02,INFO  - ,MEASURE,UMC demo,2,,94.28,8.94,NG,789,967,182,164,20,20,1,0.2,1,1,1,1.1,3,20,1,5,1,1,45,45,45,45,100,200000,95,200,-120,78,0,0,False,False,False,False,,,
2016/10/21 11:52:02,INFO  - ,MEASURE,UMC demo,3,,98.98,0.00,PASS,1037,140,64,24,20,20,1,0.2,1,1,1,1.1,3,20,1,5,1,1,45,45,45,45,100,200000,95,200,-120,78,0,0,False,False,False,False,,,
2016/10/21 11:52:02,INFO  - ,MEASURE,UMC demo,4,,83.58,0.00,NG,1058,613,15,39,20,20,1,0.2,1,1,1,1.1,3,20,1,5,1,1,45,45,45,45,100,200000,95,200,-120,78,0,0,False,False,False,False,,,
2016/10/21 11:52:02,INFO  - ,MEASURE,UMC demo,5,,99.36,0.00,PASS,564,1410,30,52,20,20,1,0.2,1,1,1,1.1,3,20,1,5,1,1,45,45,45,45,100,200000,95,200,-120,78,0,0,False,False,False,False,,,
2016/10/21 11:52:02,INFO  - ,MEASURE,UMC demo,6,,99.00,0.00,PASS,1383,1253,306,94,20,20,1,0.2,1,1,1,1.1,3,20,1,5,1,1,45,45,45,45,100,200000,95,200,-120,78,0,0,False,False,False,False,,,
2016/10/21 11:52:02,INFO  - ,JUDGE,UMC demo,3,NG,1,2,3,3,0.72,,
2016/10/21 11:52:09,INFO  - ,MEASURE,UMC demo,1,,80.43,51.16,NG,497,534,173,158,20,20,1,0.2,1,1,1,1.1,3,20,1,5,1,1,45,45,45,45,100,200000,95,200,-120,84,0,0,False,False,False,False,,,
2016/10/21 11:52:09,INFO  - ,MEASURE,UMC demo,2,,66.70,45.48,NG,789,967,182,164,20,20,1,0.2,1,1,1,1.1,3,20,1,5,1,1,45,45,45,45,100,200000,95,200,-120,84,0,0,False,False,False,False,,,
2016/10/21 11:52:09,INFO  - ,MEASURE,UMC demo,3,,66.25,79.30,NG,1037,140,64,24,20,20,1,0.2,1,1,1,1.1,3,20,1,5,1,1,45,45,45,45,100,200000,95,200,-120,84,0,0,False,False,False,False,,,
2016/10/21 11:52:09,INFO  - ,MEASURE,UMC demo,4,,62.34,34.02,NG,1058,613,15,39,20,20,1,0.2,1,1,1,1.1,3,20,1,5,1,1,45,45,45,45,100,200000,95,200,-120,84,0,0,False,False,False,False,,,
2016/10/21 11:52:09,INFO  - ,MEASURE,UMC demo,5,,99.16,0.00,PASS,564,1410,30,52,20,20,1,0.2,1,1,1,1.1,3,20,1,5,1,1,45,45,45,45,100,200000,95,200,-120,84,0,0,False,False,False,False,,,
2016/10/21 11:52:09,INFO  - ,MEASURE,UMC demo,6,,87.53,15.09,NG,1383,1253,306,94,20,20,1,0.2,1,1,1,1.1,3,20,1,5,1,1,45,45,45,45,100,200000,95,200,-120,84,0,0,False,False,False,False,,,
2016/10/21 11:52:09,INFO  - ,JUDGE,UMC demo,4,NG,1,3,1,5,0.78,,
2016/10/21 11:52:18,INFO  - ,MEASURE,UMC demo,1,,73.13,55.38,NG,497,534,173,158,20,20,1,0.2,1,1,1,1.1,3,20,1,5,1,1,45,45,45,45,100,200000,95,200,-120,80,0,0,False,False,False,False,,,
2016/10/21 11:52:18,INFO  - ,MEASURE,UMC demo,2,,70.87,44.12,NG,789,967,182,164,20,20,1,0.2,1,1,1,1.1,3,20,1,5,1,1,45,45,45,45,100,200000,95,200,-120,80,0,0,False,False,False,False,,,
2016/10/21 11:52:18,INFO  - ,MEASURE,UMC demo,3,,15.97,88.80,NG,1037,140,64,24,20,20,1,0.2,1,1,1,1.1,3,20,1,5,1,1,45,45,45,45,100,200000,95,200,-120,80,0,0,False,False,False,False,,,
2016/10/21 11:52:18,INFO  - ,MEASURE,UMC demo,4,,92.16,0.00,NG,1058,613,15,39,20,20,1,0.2,1,1,1,1.1,3,20,1,5,1,1,45,45,45,45,100,200000,95,200,-120,80,0,0,False,False,False,False,,,
2016/10/21 11:52:18,INFO  - ,MEASURE,UMC demo,5,,86.06,0.00,NG,564,1410,30,52,20,20,1,0.2,1,1,1,1.1,3,20,1,5,1,1,45,45,45,45,100,200000,95,200,-120,80,0,0,False,False,False,False,,,
2016/10/21 11:52:18,INFO  - ,MEASURE,UMC demo,6,,86.99,17.38,NG,1383,1253,306,94,20,20,1,0.2,1,1,1,1.1,3,20,1,5,1,1,45,45,45,45,100,200000,95,200,-120,80,0,0,False,False,False,False,,,
2016/10/21 11:52:18,INFO  - ,JUDGE,UMC demo,5,NG,1,4,0,6,0.74,,
2016/10/21 11:52:29,INFO  - ,MEASURE,UMC demo,1,,84.51,42.28,NG,497,534,173,158,20,20,1,0.2,1,1,1,1.1,3,20,1,5,1,1,45,45,45,45,100,200000,95,200,-120,78,0,0,False,False,False,False,,,
2016/10/21 11:52:29,INFO  - ,MEASURE,UMC demo,2,,84.36,27.05,NG,789,967,182,164,20,20,1,0.2,1,1,1,1.1,3,20,1,5,1,1,45,45,45,45,100,200000,95,200,-120,78,0,0,False,False,False,False,,,
2016/10/21 11:52:29,INFO  - ,MEASURE,UMC demo,3,,78.13,70.31,NG,1037,140,64,24,20,20,1,0.2,1,1,1,1.1,3,20,1,5,1,1,45,45,45,45,100,200000,95,200,-120,78,0,0,False,False,False,False,,,
2016/10/21 11:52:29,INFO  - ,MEASURE,UMC demo,4,,38.21,75.38,NG,1058,613,15,39,20,20,1,0.2,1,1,1,1.1,3,20,1,5,1,1,45,45,45,45,100,200000,95,200,-120,78,0,0,False,False,False,False,,,
2016/10/21 11:52:29,INFO  - ,MEASURE,UMC demo,5,,99.37,0.00,PASS,564,1410,30,52,20,20,1,0.2,1,1,1,1.1,3,20,1,5,1,1,45,45,45,45,100,200000,95,200,-120,78,0,0,False,False,False,False,,,
2016/10/21 11:52:29,INFO  - ,MEASURE,UMC demo,6,,97.38,0.71,PASS,1383,1253,306,94,20,20,1,0.2,1,1,1,1.1,3,20,1,5,1,1,45,45,45,45,100,200000,95,200,-120,78,0,0,False,False,False,False,,,
2016/10/21 11:52:29,INFO  - ,JUDGE,UMC demo,6,NG,1,5,2,4,0.75,,
2016/10/21 11:52:35,INFO  - ,MEASURE,UMC demo,1,,98.46,0.49,PASS,497,534,173,158,20,20,1,0.2,1,1,1,1.1,3,20,1,5,1,1,45,45,45,45,100,200000,95,200,-119,67,0,0,False,False,False,False,,,
2016/10/21 11:52:35,INFO  - ,MEASURE,UMC demo,2,,94.96,7.22,NG,789,967,182,164,20,20,1,0.2,1,1,1,1.1,3,20,1,5,1,1,45,45,45,45,100,200000,95,200,-119,67,0,0,False,False,False,False,,,
2016/10/21 11:52:35,INFO  - ,MEASURE,UMC demo,3,,99.68,0.00,PASS,1037,140,64,24,20,20,1,0.2,1,1,1,1.1,3,20,1,5,1,1,45,45,45,45,100,200000,95,200,-119,67,0,0,False,False,False,False,,,
2016/10/21 11:52:35,INFO  - ,MEASURE,UMC demo,4,,98.88,0.00,PASS,1058,613,15,39,20,20,1,0.2,1,1,1,1.1,3,20,1,5,1,1,45,45,45,45,100,200000,95,200,-119,67,0,0,False,False,False,False,,,
2016/10/21 11:52:35,INFO  - ,MEASURE,UMC demo,5,,99.43,0.00,PASS,564,1410,30,52,20,20,1,0.2,1,1,1,1.1,3,20,1,5,1,1,45,45,45,45,100,200000,95,200,-119,67,0,0,False,False,False,False,,,
2016/10/21 11:52:35,INFO  - ,MEASURE,UMC demo,6,,92.60,9.49,NG,1383,1253,306,94,20,20,1,0.2,1,1,1,1.1,3,20,1,5,1,1,45,45,45,45,100,200000,95,200,-119,67,0,0,False,False,False,False,,,
2016/10/21 11:52:35,INFO  - ,JUDGE,UMC demo,7,NG,1,6,4,2,0.74,,
2016/10/21 11:52:44,INFO  - ,MEASURE,UMC demo,1,,98.55,0.48,PASS,497,534,173,158,20,20,1,0.2,1,1,1,1.1,3,20,1,5,1,1,45,45,45,45,100,200000,95,200,-96,79,0,0,False,False,False,False,,,
2016/10/21 11:52:44,INFO  - ,MEASURE,UMC demo,2,,95.49,5.50,NG,789,967,182,164,20,20,1,0.2,1,1,1,1.1,3,20,1,5,1,1,45,45,45,45,100,200000,95,200,-96,79,0,0,False,False,False,False,,,
2016/10/21 11:52:44,INFO  - ,MEASURE,UMC demo,3,,99.77,0.00,PASS,1037,140,64,24,20,20,1,0.2,1,1,1,1.1,3,20,1,5,1,1,45,45,45,45,100,200000,95,200,-96,79,0,0,False,False,False,False,,,
2016/10/21 11:52:44,INFO  - ,MEASURE,UMC demo,4,,98.91,0.00,PASS,1058,613,15,39,20,20,1,0.2,1,1,1,1.1,3,20,1,5,1,1,45,45,45,45,100,200000,95,200,-96,79,0,0,False,False,False,False,,,
2016/10/21 11:52:44,INFO  - ,MEASURE,UMC demo,5,,99.42,0.00,PASS,564,1410,30,52,20,20,1,0.2,1,1,1,1.1,3,20,1,5,1,1,45,45,45,45,100,200000,95,200,-96,79,0,0,False,False,False,False,,,
2016/10/21 11:52:44,INFO  - ,MEASURE,UMC demo,6,,95.97,5.30,NG,1383,1253,306,94,20,20,1,0.2,1,1,1,1.1,3,20,1,5,1,1,45,45,45,45,100,200000,95,200,-96,79,0,0,False,False,False,False,,,
2016/10/21 11:52:44,INFO  - ,JUDGE,UMC demo,8,NG,1,7,4,2,0.73,,
2016/10/21 11:52:51,INFO  - ,MEASURE,UMC demo,1,,98.42,0.78,PASS,497,534,173,158,20,20,1,0.2,1,1,1,1.1,3,20,1,5,1,1,45,45,45,45,100,200000,95,200,-93,102,0,0,False,False,False,False,,,
2016/10/21 11:52:51,INFO  - ,MEASURE,UMC demo,2,,94.83,7.72,NG,789,967,182,164,20,20,1,0.2,1,1,1,1.1,3,20,1,5,1,1,45,45,45,45,100,200000,95,200,-93,102,0,0,False,False,False,False,,,
2016/10/21 11:52:51,INFO  - ,MEASURE,UMC demo,3,,99.81,0.00,PASS,1037,140,64,24,20,20,1,0.2,1,1,1,1.1,3,20,1,5,1,1,45,45,45,45,100,200000,95,200,-93,102,0,0,False,False,False,False,,,
2016/10/21 11:52:51,INFO  - ,MEASURE,UMC demo,4,,99.46,0.00,PASS,1058,613,15,39,20,20,1,0.2,1,1,1,1.1,3,20,1,5,1,1,45,45,45,45,100,200000,95,200,-93,102,0,0,False,False,False,False,,,
2016/10/21 11:52:51,INFO  - ,MEASURE,UMC demo,5,,99.45,0.00,PASS,564,1410,30,52,20,20,1,0.2,1,1,1,1.1,3,20,1,5,1,1,45,45,45,45,100,200000,95,200,-93,102,0,0,False,False,False,False,,,
2016/10/21 11:52:51,INFO  - ,MEASURE,UMC demo,6,,98.11,0.32,PASS,1383,1253,306,94,20,20,1,0.2,1,1,1,1.1,3,20,1,5,1,1,45,45,45,45,100,200000,95,200,-93,102,0,0,False,False,False,False,,,
2016/10/21 11:52:51,INFO  - ,JUDGE,UMC demo,9,NG,1,8,5,1,0.75,,
2016/10/21 11:52:58,INFO  - ,MEASURE,UMC demo,1,,98.30,0.82,PASS,497,534,173,158,20,20,1,0.2,1,1,1,1.1,3,20,1,5,1,1,45,45,45,45,100,200000,95,200,-91,118,0,0,False,False,False,False,,,
2016/10/21 11:52:58,INFO  - ,MEASURE,UMC demo,2,,94.31,7.95,NG,789,967,182,164,20,20,1,0.2,1,1,1,1.1,3,20,1,5,1,1,45,45,45,45,100,200000,95,200,-91,118,0,0,False,False,False,False,,,
2016/10/21 11:52:58,INFO  - ,MEASURE,UMC demo,3,,99.73,0.00,PASS,1037,140,64,24,20,20,1,0.2,1,1,1,1.1,3,20,1,5,1,1,45,45,45,45,100,200000,95,200,-91,118,0,0,False,False,False,False,,,
2016/10/21 11:52:58,INFO  - ,MEASURE,UMC demo,4,,99.59,0.00,PASS,1058,613,15,39,20,20,1,0.2,1,1,1,1.1,3,20,1,5,1,1,45,45,45,45,100,200000,95,200,-91,118,0,0,False,False,False,False,,,
2016/10/21 11:52:58,INFO  - ,MEASURE,UMC demo,5,,99.44,0.00,PASS,564,1410,30,52,20,20,1,0.2,1,1,1,1.1,3,20,1,5,1,1,45,45,45,45,100,200000,95,200,-91,118,0,0,False,False,False,False,,,
2016/10/21 11:52:58,INFO  - ,MEASURE,UMC demo,6,,98.33,0.00,PASS,1383,1253,306,94,20,20,1,0.2,1,1,1,1.1,3,20,1,5,1,1,45,45,45,45,100,200000,95,200,-91,118,0,0,False,False,False,False,,,
2016/10/21 11:52:58,INFO  - ,JUDGE,UMC demo,10,NG,1,9,5,1,0.70,,
2016/10/21 11:53:42,INFO  - ,MEASURE,UMC demo,1,,98.32,0.43,PASS,497,534,173,158,20,20,1,0.2,1,1,1,1.1,3,20,1,5,1,1,45,45,45,45,100,200000,95,200,-91,117,0,0,False,False,False,False,,,
2016/10/21 11:53:42,INFO  - ,MEASURE,UMC demo,2,,0.00,0.00,Not inspection,789,967,182,164,20,20,1,0.2,1,1,1,1.1,3,20,1,5,1,1,45,45,45,45,100,200000,95,200,-91,117,0,0,False,False,False,False,UNDER,OVER,
2016/10/21 11:53:42,INFO  - ,MEASURE,UMC demo,3,,99.77,0.00,PASS,1037,140,64,24,20,20,1,0.2,1,1,1,1.1,3,20,1,5,1,1,45,45,45,45,100,200000,95,200,-91,117,0,0,False,False,False,False,,,
2016/10/21 11:53:42,INFO  - ,MEASURE,UMC demo,4,,99.58,0.00,PASS,1058,613,15,39,20,20,1,0.2,1,1,1,1.1,3,20,1,5,1,1,45,45,45,45,100,200000,95,200,-91,117,0,0,False,False,False,False,,,
2016/10/21 11:53:42,INFO  - ,MEASURE,UMC demo,5,,99.45,0.00,PASS,564,1410,30,52,20,20,1,0.2,1,1,1,1.1,3,20,1,5,1,1,45,45,45,45,100,200000,95,200,-91,117,0,0,False,False,False,False,,,
2016/10/21 11:53:42,INFO  - ,MEASURE,UMC demo,6,,98.41,0.00,PASS,1383,1253,306,94,20,20,1,0.2,1,1,1,1.1,3,20,1,5,1,1,45,45,45,45,100,200000,95,200,-91,117,0,0,False,False,False,False,,,
2016/10/21 11:53:42,INFO  - ,JUDGE,UMC demo,11,PASS,2,9,5,0,0.68,,
2016/10/21 11:54:20,INFO  - ,MEASURE,UMC demo,1,,98.30,0.46,PASS,497,534,173,158,20,20,1,0.2,1,1,1,1.1,3,20,1,5,1,1,45,45,45,45,100,200000,95,200,-91,117,0,0,False,False,False,False,UNDER,OVER,
2016/10/21 11:54:20,INFO  - ,MEASURE,UMC demo,2,,0.00,0.00,Not inspection,789,967,182,164,20,20,1,0.2,1,1,1,1.1,3,20,1,5,1,1,45,45,45,45,100,200000,95,200,-91,117,0,0,False,False,False,False,UNDER,OVER,
2016/10/21 11:54:20,INFO  - ,MEASURE,UMC demo,3,,99.76,0.00,PASS,1037,140,64,24,20,20,1,0.2,1,1,1,1.1,3,20,1,5,1,1,45,45,45,45,100,200000,95,200,-91,117,0,0,False,False,False,False,,,
2016/10/21 11:54:20,INFO  - ,MEASURE,UMC demo,4,,99.53,0.00,PASS,1058,613,15,39,20,20,1,0.2,1,1,1,1.1,3,20,1,5,1,1,45,45,45,45,100,200000,95,200,-91,117,0,0,False,False,False,False,,,
2016/10/21 11:54:20,INFO  - ,MEASURE,UMC demo,5,,99.38,0.00,PASS,564,1410,30,52,20,20,1,0.2,1,1,1,1.1,3,20,1,5,1,1,45,45,45,45,100,200000,95,200,-91,117,0,0,False,False,False,False,,,
2016/10/21 11:54:20,INFO  - ,MEASURE,UMC demo,6,,98.41,0.00,PASS,1383,1253,306,94,20,20,1,0.2,1,1,1,1.1,3,20,1,5,1,1,45,45,45,45,100,200000,95,200,-91,117,0,0,False,False,False,False,,,
2016/10/21 11:54:20,INFO  - ,MEASURE,UMC demo,7,,0.00,0.00,Not inspection,716,910,140,133,20,20,1,0.2,1,1,1,1.1,3,20,1,5,1,1,45,45,45,45,100,200000,95,200,-91,117,0,0,False,False,False,False,UNDER,OVER,
2016/10/21 11:54:20,INFO  - ,JUDGE,UMC demo,12,PASS,3,9,5,0,0.71,,
2016/10/21 11:54:24,INFO  - ,MEASURE,UMC demo,1,,98.28,0.40,PASS,497,534,173,158,20,20,1,0.2,1,1,1,1.1,3,20,1,5,1,1,45,45,45,45,100,200000,95,200,-91,117,0,0,False,False,False,False,UNDER,OVER,
2016/10/21 11:54:24,INFO  - ,MEASURE,UMC demo,2,,0.00,0.00,Not inspection,789,967,182,164,20,20,1,0.2,1,1,1,1.1,3,20,1,5,1,1,45,45,45,45,100,200000,95,200,-91,117,0,0,False,False,False,False,UNDER,OVER,
2016/10/21 11:54:24,INFO  - ,MEASURE,UMC demo,3,,99.74,0.00,PASS,1037,140,64,24,20,20,1,0.2,1,1,1,1.1,3,20,1,5,1,1,45,45,45,45,100,200000,95,200,-91,117,0,0,False,False,False,False,,,
2016/10/21 11:54:24,INFO  - ,MEASURE,UMC demo,4,,99.12,0.00,PASS,1058,613,15,39,20,20,1,0.2,1,1,1,1.1,3,20,1,5,1,1,45,45,45,45,100,200000,95,200,-91,117,0,0,False,False,False,False,,,
2016/10/21 11:54:24,INFO  - ,MEASURE,UMC demo,5,,99.38,0.00,PASS,564,1410,30,52,20,20,1,0.2,1,1,1,1.1,3,20,1,5,1,1,45,45,45,45,100,200000,95,200,-91,117,0,0,False,False,False,False,,,
2016/10/21 11:54:24,INFO  - ,MEASURE,UMC demo,6,,98.39,0.00,PASS,1383,1253,306,94,20,20,1,0.2,1,1,1,1.1,3,20,1,5,1,1,45,45,45,45,100,200000,95,200,-91,117,0,0,False,False,False,False,,,
2016/10/21 11:54:24,INFO  - ,MEASURE,UMC demo,7,,0.00,0.00,Not inspection,716,910,140,133,20,20,1,0.2,1,1,1,1.1,3,20,1,5,1,1,45,45,45,45,100,200000,95,200,-91,117,0,0,False,False,False,False,UNDER,OVER,
2016/10/21 11:54:24,INFO  - ,JUDGE,UMC demo,13,PASS,4,9,5,0,0.69,,
2016/10/21 11:54:30,INFO  - ,MEASURE,UMC demo,1,,98.31,0.57,PASS,497,534,173,158,20,20,1,0.2,1,1,1,1.1,3,20,1,5,1,1,45,45,45,45,100,200000,95,200,-91,117,0,0,False,False,False,False,UNDER,OVER,
2016/10/21 11:54:30,INFO  - ,MEASURE,UMC demo,2,,0.00,0.00,Not inspection,789,967,182,164,20,20,1,0.2,1,1,1,1.1,3,20,1,5,1,1,45,45,45,45,100,200000,95,200,-91,117,0,0,False,False,False,False,UNDER,OVER,
2016/10/21 11:54:30,INFO  - ,MEASURE,UMC demo,3,,99.76,0.00,PASS,1037,140,64,24,20,20,1,0.2,1,1,1,1.1,3,20,1,5,1,1,45,45,45,45,100,200000,95,200,-91,117,0,0,False,False,False,False,,,
2016/10/21 11:54:30,INFO  - ,MEASURE,UMC demo,4,,99.56,0.00,PASS,1058,613,15,39,20,20,1,0.2,1,1,1,1.1,3,20,1,5,1,1,45,45,45,45,100,200000,95,200,-91,117,0,0,False,False,False,False,,,
2016/10/21 11:54:30,INFO  - ,MEASURE,UMC demo,5,,99.43,0.00,PASS,564,1410,30,52,20,20,1,0.2,1,1,1,1.1,3,20,1,5,1,1,45,45,45,45,100,200000,95,200,-91,117,0,0,False,False,False,False,,,
2016/10/21 11:54:30,INFO  - ,MEASURE,UMC demo,6,,98.39,0.54,PASS,1383,1253,306,94,20,20,1,0.2,1,1,1,1.1,3,20,1,5,1,1,45,45,45,45,100,200000,95,200,-91,117,0,0,False,False,False,False,,,
2016/10/21 11:54:30,INFO  - ,MEASURE,UMC demo,7,,0.00,0.00,Not inspection,716,910,140,133,20,20,1,0.2,1,1,1,1.1,3,20,1,5,1,1,45,45,45,45,100,200000,95,200,-91,117,0,0,False,False,False,False,UNDER,OVER,
2016/10/21 11:54:30,INFO  - ,JUDGE,UMC demo,14,PASS,5,9,5,0,0.73,,
2016/10/21 11:54:37,INFO  - ,MEASURE,UMC demo,1,,98.32,0.59,PASS,497,534,173,158,20,20,1,0.2,1,1,1,1.1,3,20,1,5,1,1,45,45,45,45,100,200000,95,200,-91,117,0,0,False,False,False,False,UNDER,OVER,
2016/10/21 11:54:37,INFO  - ,MEASURE,UMC demo,2,,0.00,0.00,Not inspection,789,967,182,164,20,20,1,0.2,1,1,1,1.1,3,20,1,5,1,1,45,45,45,45,100,200000,95,200,-91,117,0,0,False,False,False,False,UNDER,OVER,
2016/10/21 11:54:37,INFO  - ,MEASURE,UMC demo,3,,99.74,0.00,PASS,1037,140,64,24,20,20,1,0.2,1,1,1,1.1,3,20,1,5,1,1,45,45,45,45,100,200000,95,200,-91,117,0,0,False,False,False,False,,,
2016/10/21 11:54:37,INFO  - ,MEASURE,UMC demo,4,,99.53,0.00,PASS,1058,613,15,39,20,20,1,0.2,1,1,1,1.1,3,20,1,5,1,1,45,45,45,45,100,200000,95,200,-91,117,0,0,False,False,False,False,,,
2016/10/21 11:54:37,INFO  - ,MEASURE,UMC demo,5,,99.43,0.00,PASS,564,1410,30,52,20,20,1,0.2,1,1,1,1.1,3,20,1,5,1,1,45,45,45,45,100,200000,95,200,-91,117,0,0,False,False,False,False,,,
2016/10/21 11:54:37,INFO  - ,MEASURE,UMC demo,6,,98.39,0.00,PASS,1383,1253,306,94,20,20,1,0.2,1,1,1,1.1,3,20,1,5,1,1,45,45,45,45,100,200000,95,200,-91,117,0,0,False,False,False,False,,,
2016/10/21 11:54:37,INFO  - ,MEASURE,UMC demo,7,,0.00,0.00,Not inspection,716,910,140,133,20,20,1,0.2,1,1,1,1.1,3,20,1,5,1,1,45,45,45,45,100,200000,95,200,-91,117,0,0,False,False,False,False,UNDER,OVER,
2016/10/21 11:54:37,INFO  - ,JUDGE,UMC demo,15,PASS,6,9,5,0,0.69,,
2016/10/21 11:54:44,INFO  - ,MEASURE,UMC demo,1,,98.36,0.36,PASS,497,534,173,158,20,20,1,0.2,1,1,1,1.1,3,20,1,5,1,1,45,45,45,45,100,200000,95,200,-91,117,0,0,False,False,False,False,UNDER,OVER,
2016/10/21 11:54:44,INFO  - ,MEASURE,UMC demo,2,,0.00,0.00,Not inspection,789,967,182,164,20,20,1,0.2,1,1,1,1.1,3,20,1,5,1,1,45,45,45,45,100,200000,95,200,-91,117,0,0,False,False,False,False,UNDER,OVER,
2016/10/21 11:54:44,INFO  - ,MEASURE,UMC demo,3,,99.77,0.00,PASS,1037,140,64,24,20,20,1,0.2,1,1,1,1.1,3,20,1,5,1,1,45,45,45,45,100,200000,95,200,-91,117,0,0,False,False,False,False,,,
2016/10/21 11:54:44,INFO  - ,MEASURE,UMC demo,4,,99.60,0.00,PASS,1058,613,15,39,20,20,1,0.2,1,1,1,1.1,3,20,1,5,1,1,45,45,45,45,100,200000,95,200,-91,117,0,0,False,False,False,False,,,
2016/10/21 11:54:44,INFO  - ,MEASURE,UMC demo,5,,99.43,0.00,PASS,564,1410,30,52,20,20,1,0.2,1,1,1,1.1,3,20,1,5,1,1,45,45,45,45,100,200000,95,200,-91,117,0,0,False,False,False,False,,,
2016/10/21 11:54:44,INFO  - ,MEASURE,UMC demo,6,,98.40,0.56,PASS,1383,1253,306,94,20,20,1,0.2,1,1,1,1.1,3,20,1,5,1,1,45,45,45,45,100,200000,95,200,-91,117,0,0,False,False,False,False,,,
2016/10/21 11:54:44,INFO  - ,MEASURE,UMC demo,7,,0.00,0.00,Not inspection,716,910,140,133,20,20,1,0.2,1,1,1,1.1,3,20,1,5,1,1,45,45,45,45,100,200000,95,200,-91,117,0,0,False,False,False,False,UNDER,OVER,
2016/10/21 11:54:44,INFO  - ,JUDGE,UMC demo,16,PASS,7,9,5,0,0.73,,
2016/10/21 11:55:47,INFO  - ,=== This application works at 64 bits  ===
2016/10/21 11:55:47,INFO  - ,=== START-UP!  ===
2016/10/21 11:55:47,INFO  - ,=== USB-Key OK!  ===
2016/10/21 11:55:47,INFO  - ,=== USER LEVEL : Operator ===
2016/10/21 11:57:06,INFO  - ,MEASURE,ooo,1,,99.79,0.00,PASS,422,655,124,136,10,10,1,0.2,1,1,1,1,3,20,1,8,1,1,30,30,30,30,10,200000,96,200,0,0,0,0,False,False,False,False,,,
2016/10/21 11:57:06,INFO  - ,MEASURE,ooo,2,,99.87,0.00,PASS,931,240,64,45,10,10,1,0.2,1,1,1,1,3,20,1,8,1,1,30,30,30,30,10,200000,96,200,0,0,0,0,False,False,False,False,,,
2016/10/21 11:57:06,INFO  - ,MEASURE,ooo,3,,99.54,0.00,PASS,1149,1298,610,200,10,10,1,0.2,1,1,1,1,3,20,1,8,1,1,30,30,30,30,10,200000,96,200,0,0,0,0,False,False,False,False,,,
2016/10/21 11:57:06,INFO  - ,JUDGE,ooo,1,PASS,1,0,3,0,0.92,,
2016/10/21 11:57:26,INFO  - ,MEASURE,ooo,1,,96.67,12.81,NG,422,655,124,136,10,10,1,0.2,1,1,1,1,3,20,1,8,1,1,30,30,30,30,10,200000,96,200,2,0,0,0,False,False,False,False,,,
2016/10/21 11:57:26,INFO  - ,MEASURE,ooo,2,,77.70,84.69,NG,931,240,64,45,10,10,1,0.2,1,1,1,1,3,20,1,8,1,1,30,30,30,30,10,200000,96,200,2,0,0,0,False,False,False,False,,,
2016/10/21 11:57:26,INFO  - ,MEASURE,ooo,3,,99.28,0.08,PASS,1149,1298,610,200,10,10,1,0.2,1,1,1,1,3,20,1,8,1,1,30,30,30,30,10,200000,96,200,2,0,0,0,False,False,False,False,,,
2016/10/21 11:57:26,INFO  - ,JUDGE,ooo,2,NG,1,1,1,2,0.90,,
2016/10/21 11:57:29,INFO  - ,MEASURE,ooo,1,,96.69,12.75,NG,422,655,124,136,10,10,1,0.2,1,1,1,1,3,20,1,8,1,1,30,30,30,30,10,200000,96,200,2,0,0,0,False,False,False,False,,,
2016/10/21 11:57:29,INFO  - ,MEASURE,ooo,2,,77.68,84.51,NG,931,240,64,45,10,10,1,0.2,1,1,1,1,3,20,1,8,1,1,30,30,30,30,10,200000,96,200,2,0,0,0,False,False,False,False,,,
2016/10/21 11:57:29,INFO  - ,MEASURE,ooo,3,,99.29,0.07,PASS,1149,1298,610,200,10,10,1,0.2,1,1,1,1,3,20,1,8,1,1,30,30,30,30,10,200000,96,200,2,0,0,0,False,False,False,False,,,
2016/10/21 11:57:29,INFO  - ,JUDGE,ooo,3,NG,1,2,1,2,0.88,,
2016/10/21 11:57:32,INFO  - ,MEASURE,ooo,1,,96.68,12.68,NG,422,655,124,136,10,10,1,0.2,1,1,1,1,3,20,1,8,1,1,30,30,30,30,10,200000,96,200,2,0,0,0,False,False,False,False,,,
2016/10/21 11:57:32,INFO  - ,MEASURE,ooo,2,,77.72,84.38,NG,931,240,64,45,10,10,1,0.2,1,1,1,1,3,20,1,8,1,1,30,30,30,30,10,200000,96,200,2,0,0,0,False,False,False,False,,,
2016/10/21 11:57:32,INFO  - ,MEASURE,ooo,3,,99.28,0.08,PASS,1149,1298,610,200,10,10,1,0.2,1,1,1,1,3,20,1,8,1,1,30,30,30,30,10,200000,96,200,2,0,0,0,False,False,False,False,,,
2016/10/21 11:57:32,INFO  - ,JUDGE,ooo,4,NG,1,3,1,2,0.88,,
2016/10/21 11:57:40,INFO  - ,MEASURE,ooo,1,,96.67,12.55,NG,422,655,124,136,10,10,1,0.2,1,1,1,1,3,20,1,8,1,1,30,30,30,30,10,200000,96,200,3,0,0,0,False,False,False,False,,,
2016/10/21 11:57:40,INFO  - ,MEASURE,ooo,2,,77.52,84.72,NG,931,240,64,45,10,10,1,0.2,1,1,1,1,3,20,1,8,1,1,30,30,30,30,10,200000,96,200,3,0,0,0,False,False,False,False,,,
2016/10/21 11:57:40,INFO  - ,MEASURE,ooo,3,,99.30,0.07,PASS,1149,1298,610,200,10,10,1,0.2,1,1,1,1,3,20,1,8,1,1,30,30,30,30,10,200000,96,200,3,0,0,0,False,False,False,False,,,
2016/10/21 11:57:40,INFO  - ,JUDGE,ooo,5,NG,1,4,1,2,0.90,,
2016/10/21 11:59:03,INFO  - ,MEASURE,ooo,1,,28.49,91.38,NG,422,655,124,136,10,10,1,0.2,1,1,1,1,3,20,1,8,1,1,30,30,30,30,10,200000,96,200,110,110,0,0,False,False,False,False,,,
2016/10/21 11:59:03,INFO  - ,MEASURE,ooo,2,,0.00,79.34,NG,931,240,64,45,10,10,1,0.2,1,1,1,1,3,20,1,8,1,1,30,30,30,30,10,200000,96,200,110,110,0,0,False,False,False,False,,,
2016/10/21 11:59:03,INFO  - ,MEASURE,ooo,3,,57.22,98.68,NG,1149,1298,610,200,10,10,1,0.2,1,1,1,1,3,20,1,8,1,1,30,30,30,30,10,200000,96,200,110,110,0,0,False,False,False,False,,,
2016/10/21 11:59:03,INFO  - ,MEASURE,ooo,4,,1.16,79.67,NG,673,770,100,27,10,10,1,0.2,1,1,1,1,3,20,1,8,1,1,30,30,30,30,10,200000,96,200,110,110,0,0,False,False,False,False,UNDER,OVER,
2016/10/21 11:59:03,INFO  - ,JUDGE,ooo,6,NG,1,5,0,4,0.93,,
2016/10/21 11:59:07,INFO  - ,MEASURE,ooo,1,,28.27,91.29,NG,422,655,124,136,10,10,1,0.2,1,1,1,1,3,20,1,8,1,1,30,30,30,30,10,200000,96,200,110,110,0,0,False,False,False,False,,,
2016/10/21 11:59:07,INFO  - ,MEASURE,ooo,2,,0.00,79.34,NG,931,240,64,45,10,10,1,0.2,1,1,1,1,3,20,1,8,1,1,30,30,30,30,10,200000,96,200,110,110,0,0,False,False,False,False,,,
2016/10/21 11:59:07,INFO  - ,MEASURE,ooo,3,,57.23,98.68,NG,1149,1298,610,200,10,10,1,0.2,1,1,1,1,3,20,1,8,1,1,30,30,30,30,10,200000,96,200,110,110,0,0,False,False,False,False,,,
2016/10/21 11:59:07,INFO  - ,MEASURE,ooo,4,,1.17,79.63,NG,673,770,100,27,10,10,1,0.2,1,1,1,1,3,20,1,8,1,1,30,30,30,30,10,200000,96,200,110,110,0,0,False,False,False,False,UNDER,OVER,
2016/10/21 11:59:07,INFO  - ,JUDGE,ooo,7,NG,1,6,0,4,0.89,,
2016/10/21 11:59:31,INFO  - ,MEASURE,ooo,1,,68.41,96.38,NG,422,655,124,136,10,10,1,0.2,1,1,1,1,3,20,1,8,1,1,30,30,30,30,10,200000,96,200,-45,63,0,0,False,False,False,False,,,
2016/10/21 11:59:31,INFO  - ,MEASURE,ooo,2,,37.24,90.03,NG,931,240,64,45,10,10,1,0.2,1,1,1,1,3,20,1,8,1,1,30,30,30,30,10,200000,96,200,-45,63,0,0,False,False,False,False,,,
2016/10/21 11:59:31,INFO  - ,MEASURE,ooo,3,,73.66,91.96,NG,1149,1298,610,200,10,10,1,0.2,1,1,1,1,3,20,1,8,1,1,30,30,30,30,10,200000,96,200,-45,63,0,0,False,False,False,False,,,
2016/10/21 11:59:31,INFO  - ,MEASURE,ooo,4,,47.62,88.56,NG,673,770,100,27,10,10,1,0.2,1,1,1,1,3,20,1,8,1,1,30,30,30,30,10,200000,96,200,-45,63,0,0,False,False,False,False,UNDER,OVER,
2016/10/21 11:59:31,INFO  - ,JUDGE,ooo,8,NG,1,7,0,4,0.93,,
2016/10/21 11:59:45,INFO  - ,MEASURE,ooo,1,,99.54,0.42,PASS,422,655,124,136,10,10,1,0.2,1,1,1,1,3,20,1,8,1,1,30,30,30,30,10,200000,96,200,-7,-12,0,0,False,False,False,False,,,
2016/10/21 11:59:45,INFO  - ,MEASURE,ooo,2,,99.34,2.05,NG,931,240,64,45,10,10,1,0.2,1,1,1,1,3,20,1,8,1,1,30,30,30,30,10,200000,96,200,-7,-12,0,0,False,False,False,False,,,
2016/10/21 11:59:45,INFO  - ,MEASURE,ooo,3,,92.05,10.32,NG,1149,1298,610,200,10,10,1,0.2,1,1,1,1,3,20,1,8,1,1,30,30,30,30,10,200000,96,200,-7,-12,0,0,False,False,False,False,,,
2016/10/21 11:59:45,INFO  - ,MEASURE,ooo,4,,98.74,10.85,NG,673,770,100,27,10,10,1,0.2,1,1,1,1,3,20,1,8,1,1,30,30,30,30,10,200000,96,200,-7,-12,0,0,False,False,False,False,UNDER,OVER,
2016/10/21 11:59:45,INFO  - ,JUDGE,ooo,9,NG,1,8,1,3,0.93,,
2016/10/21 11:59:58,INFO  - ,MEASURE,ooo,1,,99.50,0.67,PASS,422,655,124,136,10,10,1,0.2,1,1,1,1,3,20,1,8,1,1,30,30,30,30,10,200000,96,200,-7,-11,0,0,False,False,False,False,,,
2016/10/21 11:59:58,INFO  - ,MEASURE,ooo,2,,99.40,1.25,PASS,931,240,64,45,10,10,1,0.2,1,1,1,1,3,20,1,8,1,1,30,30,30,30,10,200000,96,200,-7,-11,0,0,False,False,False,False,,,
2016/10/21 11:59:58,INFO  - ,MEASURE,ooo,3,,92.27,10.28,NG,1149,1298,610,200,10,10,1,0.2,1,1,1,1,3,20,1,8,1,1,30,30,30,30,10,200000,96,200,-7,-11,0,0,False,False,False,False,,,
2016/10/21 11:59:58,INFO  - ,MEASURE,ooo,4,,98.93,5.70,NG,673,770,100,27,10,10,1,0.2,1,1,1,1,3,20,1,8,1,1,30,30,30,30,10,200000,96,200,-7,-11,0,0,False,False,False,False,UNDER,OVER,
2016/10/21 11:59:58,INFO  - ,JUDGE,ooo,10,NG,1,9,2,2,0.91,,
2016/10/21 12:00:20,INFO  - ,MEASURE,ooo,1,,99.53,0.58,PASS,422,655,124,136,10,10,1,0.2,1,1,1,1,3,20,1,8,1,1,30,30,30,30,10,200000,96,200,-22,-15,0,0,False,False,False,False,,,
2016/10/21 12:00:20,INFO  - ,MEASURE,ooo,2,,99.59,0.21,PASS,931,240,64,45,10,10,1,0.2,1,1,1,1,3,20,1,8,1,1,30,30,30,30,10,200000,96,200,-22,-15,0,0,False,False,False,False,,,
2016/10/21 12:00:20,INFO  - ,MEASURE,ooo,3,,92.57,10.15,NG,1149,1298,610,200,10,10,1,0.2,1,1,1,1,3,20,1,8,1,1,30,30,30,30,10,200000,96,200,-22,-15,0,0,False,False,False,False,,,
2016/10/21 12:00:20,INFO  - ,MEASURE,ooo,4,,98.79,7.19,NG,673,770,100,27,10,10,1,0.2,1,1,1,1,3,20,1,8,1,1,30,30,30,30,10,200000,96,200,-22,-15,0,0,False,False,False,False,UNDER,OVER,
2016/10/21 12:00:20,INFO  - ,JUDGE,ooo,11,NG,1,10,2,2,0.93,,
2016/10/21 12:00:28,INFO  - ,MEASURE,ooo,1,,99.51,0.63,PASS,422,655,124,136,10,10,1,0.2,1,1,1,1,3,20,1,8,1,1,30,30,30,30,10,200000,96,200,-9,-14,0,0,False,False,False,False,,,
2016/10/21 12:00:28,INFO  - ,MEASURE,ooo,2,,99.26,3.02,NG,931,240,64,45,10,10,1,0.2,1,1,1,1,3,20,1,8,1,1,30,30,30,30,10,200000,96,200,-9,-14,0,0,False,False,False,False,,,
2016/10/21 12:00:28,INFO  - ,MEASURE,ooo,3,,92.01,10.56,NG,1149,1298,610,200,10,10,1,0.2,1,1,1,1,3,20,1,8,1,1,30,30,30,30,10,200000,96,200,-9,-14,0,0,False,False,False,False,,,
2016/10/21 12:00:28,INFO  - ,MEASURE,ooo,4,,98.70,7.15,NG,673,770,100,27,10,10,1,0.2,1,1,1,1,3,20,1,8,1,1,30,30,30,30,10,200000,96,200,-9,-14,0,0,False,False,False,False,UNDER,OVER,
2016/10/21 12:00:28,INFO  - ,JUDGE,ooo,12,NG,1,11,1,3,0.93,,
2016/10/21 12:00:34,INFO  - ,MEASURE,ooo,1,,99.52,0.21,PASS,422,655,124,136,10,10,1,0.2,1,1,1,1,3,20,1,8,1,1,30,30,30,30,10,200000,96,200,18,-11,0,0,False,False,False,False,,,
2016/10/21 12:00:34,INFO  - ,MEASURE,ooo,2,,98.83,7.50,NG,931,240,64,45,10,10,1,0.2,1,1,1,1,3,20,1,8,1,1,30,30,30,30,10,200000,96,200,18,-11,0,0,False,False,False,False,,,
2016/10/21 12:00:34,INFO  - ,MEASURE,ooo,3,,90.77,11.51,NG,1149,1298,610,200,10,10,1,0.2,1,1,1,1,3,20,1,8,1,1,30,30,30,30,10,200000,96,200,18,-11,0,0,False,False,False,False,,,
2016/10/21 12:00:34,INFO  - ,MEASURE,ooo,4,,98.61,8.07,NG,673,770,100,27,10,10,1,0.2,1,1,1,1,3,20,1,8,1,1,30,30,30,30,10,200000,96,200,18,-11,0,0,False,False,False,False,UNDER,OVER,
2016/10/21 12:00:34,INFO  - ,JUDGE,ooo,13,NG,1,12,1,3,0.88,,
2016/10/21 12:00:44,INFO  - ,MEASURE,ooo,1,,99.60,0.22,PASS,422,655,124,136,10,10,1,0.2,1,1,1,1,3,20,1,8,1,1,30,30,30,30,10,200000,96,200,-51,-26,0,0,False,False,False,False,,,
2016/10/21 12:00:44,INFO  - ,MEASURE,ooo,2,,99.71,0.00,PASS,931,240,64,45,10,10,1,0.2,1,1,1,1,3,20,1,8,1,1,30,30,30,30,10,200000,96,200,-51,-26,0,0,False,False,False,False,,,
2016/10/21 12:00:44,INFO  - ,MEASURE,ooo,3,,91.94,10.39,NG,1149,1298,610,200,10,10,1,0.2,1,1,1,1,3,20,1,8,1,1,30,30,30,30,10,200000,96,200,-51,-26,0,0,False,False,False,False,,,
2016/10/21 12:00:44,INFO  - ,MEASURE,ooo,4,,99.06,4.41,NG,673,770,100,27,10,10,1,0.2,1,1,1,1,3,20,1,8,1,1,30,30,30,30,10,200000,96,200,-51,-26,0,0,False,False,False,False,UNDER,OVER,
2016/10/21 12:00:44,INFO  - ,JUDGE,ooo,14,NG,1,13,2,2,0.91,,
2016/10/21 12:00:50,INFO  - ,MEASURE,ooo,1,,99.64,0.04,PASS,422,655,124,136,10,10,1,0.2,1,1,1,1,3,20,1,8,1,1,30,30,30,30,10,200000,96,200,-83,-38,0,0,False,False,False,False,,,
2016/10/21 12:00:50,INFO  - ,MEASURE,ooo,2,,99.81,0.00,PASS,931,240,64,45,10,10,1,0.2,1,1,1,1,3,20,1,8,1,1,30,30,30,30,10,200000,96,200,-83,-38,0,0,False,False,False,False,,,
2016/10/21 12:00:50,INFO  - ,MEASURE,ooo,3,,92.02,10.44,NG,1149,1298,610,200,10,10,1,0.2,1,1,1,1,3,20,1,8,1,1,30,30,30,30,10,200000,96,200,-83,-38,0,0,False,False,False,False,,,
2016/10/21 12:00:50,INFO  - ,MEASURE,ooo,4,,99.10,5.22,NG,673,770,100,27,10,10,1,0.2,1,1,1,1,3,20,1,8,1,1,30,30,30,30,10,200000,96,200,-83,-38,0,0,False,False,False,False,UNDER,OVER,
2016/10/21 12:00:50,INFO  - ,JUDGE,ooo,15,NG,1,14,2,2,0.93,,
2016/10/21 12:05:38,INFO  - ,=== This application works at 64 bits  ===
2016/10/21 12:05:38,INFO  - ,=== START-UP!  ===
2016/10/21 12:05:38,INFO  - ,=== USB-Key OK!  ===
2016/10/21 12:05:38,INFO  - ,=== USER LEVEL : Operator ===
2016/10/21 12:06:15,INFO  - ,MEASURE,fff,1,,99.79,0.00,PASS,604,218,94,58,10,10,1,0.2,1,1,1,1,3,20,1,8,1,1,30,30,30,30,10,200000,96,200,0,0,0,0,False,False,False,False,,,
2016/10/21 12:06:15,INFO  - ,JUDGE,fff,1,PASS,1,0,1,0,0.67,,
2016/10/21 12:07:53,INFO  - ,MEASURE,fff,1,,99.29,4.31,NG,604,218,94,58,10,10,1,0.2,1,1,1,1,3,20,1,8,1,1,30,30,30,30,10,200000,96,200,-11,6,0,0,False,False,False,False,,,
2016/10/21 12:07:53,INFO  - ,MEASURE,fff,2,,98.93,0.00,PASS,682,1131,21,191,20,20,1,0.2,1,1,1,1.1,3,20,1,5,1,1,45,45,45,45,100,200000,95,200,-11,6,0,0,False,False,False,False,UNDER,OVER,
2016/10/21 12:07:53,INFO  - ,JUDGE,fff,2,NG,1,1,1,1,0.64,,
2016/10/21 12:07:57,INFO  - ,MEASURE,fff,1,,99.24,5.63,NG,604,218,94,58,10,10,1,0.2,1,1,1,1,3,20,1,8,1,1,30,30,30,30,10,200000,96,200,-11,6,0,0,False,False,False,False,,,
2016/10/21 12:07:57,INFO  - ,MEASURE,fff,2,,98.99,0.00,PASS,682,1131,21,191,20,20,1,0.2,1,1,1,1.1,3,20,1,5,1,1,45,45,45,45,100,200000,95,200,-11,6,0,0,False,False,False,False,UNDER,OVER,
2016/10/21 12:07:57,INFO  - ,JUDGE,fff,3,NG,1,2,1,1,0.54,,
2016/10/21 12:09:01,INFO  - ,MEASURE,fff,1,,99.77,0.00,PASS,588,215,103,70,10,10,1,0.2,1,1,1,1,3,20,1,8,1,1,30,30,30,30,10,200000,96,200,0,0,0,0,False,False,False,False,UNDER,OVER,
2016/10/21 12:09:01,INFO  - ,JUDGE,fff,4,PASS,2,2,1,0,0.69,,
2016/10/21 12:09:19,INFO  - ,MEASURE,fff,1,,96.65,33.12,NG,588,215,103,70,10,10,1,0.2,1,1,1,1,3,20,1,8,1,1,30,30,30,30,10,200000,96,200,-8,-8,0,0,False,False,False,False,UNDER,OVER,
2016/10/21 12:09:19,INFO  - ,JUDGE,fff,5,NG,2,3,0,1,0.57,,
2016/10/21 12:09:22,INFO  - ,MEASURE,fff,1,,96.63,33.97,NG,588,215,103,70,10,10,1,0.2,1,1,1,1,3,20,1,8,1,1,30,30,30,30,10,200000,96,200,-8,-8,0,0,False,False,False,False,UNDER,OVER,
2016/10/21 12:09:22,INFO  - ,JUDGE,fff,6,NG,2,4,0,1,0.59,,
2016/10/21 12:09:29,INFO  - ,MEASURE,fff,1,,95.99,44.06,NG,588,215,103,70,10,10,1,0.2,1,1,1,1,3,20,1,8,1,1,30,30,30,30,10,200000,96,200,-8,16,0,0,False,False,False,False,UNDER,OVER,
2016/10/21 12:09:29,INFO  - ,JUDGE,fff,7,NG,2,5,0,1,0.60,,
2016/10/21 12:09:31,INFO  - ,MEASURE,fff,1,,95.99,44.81,NG,588,215,103,70,10,10,1,0.2,1,1,1,1,3,20,1,8,1,1,30,30,30,30,10,200000,96,200,-8,16,0,0,False,False,False,False,UNDER,OVER,
2016/10/21 12:09:31,INFO  - ,JUDGE,fff,8,NG,2,6,0,1,0.57,,
2016/10/21 12:09:41,INFO  - ,MEASURE,fff,1,,99.68,0.00,PASS,588,215,103,70,10,10,1,0.2,1,1,1,1,3,20,1,8,1,1,30,30,30,30,10,200000,96,200,-1,0,0,0,False,False,False,False,UNDER,OVER,
2016/10/21 12:09:41,INFO  - ,JUDGE,fff,9,PASS,3,6,1,0,0.61,,
2016/10/21 12:09:43,INFO  - ,MEASURE,fff,1,,99.68,0.00,PASS,588,215,103,70,10,10,1,0.2,1,1,1,1,3,20,1,8,1,1,30,30,30,30,10,200000,96,200,-1,0,0,0,False,False,False,False,UNDER,OVER,
2016/10/21 12:09:43,INFO  - ,JUDGE,fff,10,PASS,4,6,1,0,0.59,,
2016/10/21 12:09:49,INFO  - ,MEASURE,fff,1,,99.67,0.00,PASS,588,215,103,70,10,10,1,0.2,1,1,1,1,3,20,1,8,1,1,30,30,30,30,10,200000,96,200,-1,0,0,0,False,False,False,False,UNDER,OVER,
2016/10/21 12:09:49,INFO  - ,JUDGE,fff,11,PASS,5,6,1,0,0.56,,
2016/10/21 12:09:51,INFO  - ,MEASURE,fff,1,,99.66,0.00,PASS,588,215,103,70,10,10,1,0.2,1,1,1,1,3,20,1,8,1,1,30,30,30,30,10,200000,96,200,-1,0,0,0,False,False,False,False,UNDER,OVER,
2016/10/21 12:09:51,INFO  - ,JUDGE,fff,12,PASS,6,6,1,0,0.59,,
2016/10/21 12:09:53,INFO  - ,MEASURE,fff,1,,99.68,0.00,PASS,588,215,103,70,10,10,1,0.2,1,1,1,1,3,20,1,8,1,1,30,30,30,30,10,200000,96,200,-1,0,0,0,False,False,False,False,UNDER,OVER,
2016/10/21 12:09:53,INFO  - ,JUDGE,fff,13,PASS,7,6,1,0,0.61,,
2016/10/21 12:10:09,INFO  - ,MEASURE,fff,1,,95.73,43.19,NG,588,215,103,70,10,10,1,0.2,1,1,1,1,3,20,1,8,1,1,30,30,30,30,10,200000,96,200,-36,28,0,0,False,False,False,False,UNDER,OVER,
2016/10/21 12:10:09,INFO  - ,JUDGE,fff,14,NG,7,7,0,1,0.62,,
2016/10/21 12:10:11,INFO  - ,MEASURE,fff,1,,95.78,42.77,NG,588,215,103,70,10,10,1,0.2,1,1,1,1,3,20,1,8,1,1,30,30,30,30,10,200000,96,200,-34,27,0,0,False,False,False,False,UNDER,OVER,
2016/10/21 12:10:11,INFO  - ,JUDGE,fff,15,NG,7,8,0,1,0.62,,
2016/10/21 12:10:13,INFO  - ,MEASURE,fff,1,,95.71,42.88,NG,588,215,103,70,10,10,1,0.2,1,1,1,1,3,20,1,8,1,1,30,30,30,30,10,200000,96,200,-34,27,0,0,False,False,False,False,UNDER,OVER,
2016/10/21 12:10:13,INFO  - ,JUDGE,fff,16,NG,7,9,0,1,0.60,,
2016/10/21 12:10:22,INFO  - ,MEASURE,fff,1,,96.22,47.92,NG,588,215,103,70,10,10,1,0.2,1,1,1,1,3,20,1,8,1,1,30,30,30,30,10,200000,96,200,-20,34,0,0,False,False,False,False,UNDER,OVER,
2016/10/21 12:10:22,INFO  - ,JUDGE,fff,17,NG,7,10,0,1,0.61,,
2016/10/21 12:10:24,INFO  - ,MEASURE,fff,1,,96.13,47.46,NG,588,215,103,70,10,10,1,0.2,1,1,1,1,3,20,1,8,1,1,30,30,30,30,10,200000,96,200,-20,34,0,0,False,False,False,False,UNDER,OVER,
2016/10/21 12:10:24,INFO  - ,JUDGE,fff,18,NG,7,11,0,1,0.59,,
2016/10/21 12:11:26,INFO  - ,MEASURE,fff,1,,84.31,88.22,NG,588,215,103,70,10,10,1,0.2,1,1,1,1,3,20,1,8,1,1,30,30,30,30,10,200000,96,200,99,100,0,0,False,False,False,False,UNDER,OVER,
2016/10/21 12:11:26,INFO  - ,MEASURE,fff,2,,85.95,14.55,NG,537,761,67,67,25,25,1,0.2,1,1,1,1,3,20,1,4,1,0,55,55,55,55,150,200000,92,200,99,100,0,0,False,False,False,False,UNDER,OVER,
2016/10/21 12:11:26,INFO  - ,JUDGE,fff,19,NG,7,12,0,2,0.66,,
2016/10/21 12:11:29,INFO  - ,MEASURE,fff,1,,84.29,88.38,NG,588,215,103,70,10,10,1,0.2,1,1,1,1,3,20,1,8,1,1,30,30,30,30,10,200000,96,200,99,100,0,0,False,False,False,False,UNDER,OVER,
2016/10/21 12:11:29,INFO  - ,MEASURE,fff,2,,85.92,14.70,NG,537,761,67,67,25,25,1,0.2,1,1,1,1,3,20,1,4,1,0,55,55,55,55,150,200000,92,200,99,100,0,0,False,False,False,False,UNDER,OVER,
2016/10/21 12:11:29,INFO  - ,JUDGE,fff,20,NG,7,13,0,2,0.61,,
2016/10/21 12:12:03,INFO  - ,MEASURE,fff,1,,99.67,0.00,PASS,543,679,197,294,25,25,1,0.2,1,1,1,1,3,20,1,4,1,0,55,55,55,55,150,200000,92,200,0,0,0,0,False,False,False,False,UNDER,OVER,
2016/10/21 12:12:03,INFO  - ,JUDGE,fff,21,PASS,8,13,1,0,0.68,,
2016/10/21 12:12:26,INFO  - ,MEASURE,fff,1,,99.02,0.00,PASS,543,679,197,294,25,25,1,0.2,1,1,1,1,3,20,1,4,1,0,55,55,55,55,150,200000,92,200,0,0,0,0,False,False,False,False,UNDER,OVER,
2016/10/21 12:12:26,INFO  - ,JUDGE,fff,22,PASS,9,13,1,0,0.70,,
2016/10/21 12:12:29,INFO  - ,MEASURE,fff,1,,99.66,0.00,PASS,543,679,197,294,25,25,1,0.2,1,1,1,1,3,20,1,4,1,0,55,55,55,55,150,200000,92,200,0,0,0,0,False,False,False,False,UNDER,OVER,
2016/10/21 12:12:29,INFO  - ,JUDGE,fff,23,PASS,10,13,1,0,0.73,,
2016/10/21 12:12:30,INFO  - ,MEASURE,fff,1,,99.66,0.00,PASS,543,679,197,294,25,25,1,0.2,1,1,1,1,3,20,1,4,1,0,55,55,55,55,150,200000,92,200,0,0,0,0,False,False,False,False,UNDER,OVER,
2016/10/21 12:12:30,INFO  - ,JUDGE,fff,24,PASS,11,13,1,0,0.69,,
2016/10/21 12:12:33,INFO  - ,MEASURE,fff,1,,99.66,0.00,PASS,543,679,197,294,25,25,1,0.2,1,1,1,1,3,20,1,4,1,0,55,55,55,55,150,200000,92,200,0,0,0,0,False,False,False,False,UNDER,OVER,
2016/10/21 12:12:33,INFO  - ,JUDGE,fff,25,PASS,12,13,1,0,0.69,,
2016/10/21 12:12:35,INFO  - ,MEASURE,fff,1,,99.66,0.00,PASS,543,679,197,294,25,25,1,0.2,1,1,1,1,3,20,1,4,1,0,55,55,55,55,150,200000,92,200,0,0,0,0,False,False,False,False,UNDER,OVER,
2016/10/21 12:12:35,INFO  - ,JUDGE,fff,26,PASS,13,13,1,0,0.72,,
2016/10/21 12:20:13,INFO  - ,MEASURE,fffioio,1,,99.65,0.00,PASS,1344,1031,227,306,25,25,1,0.2,1,1,1,1,3,20,1,4,1,0,55,55,55,55,150,200000,92,200,0,0,0,0,False,False,False,False,UNDER,OVER,
2016/10/21 12:20:13,INFO  - ,JUDGE,fffioio,1,PASS,1,0,1,0,0.73,,
2016/10/21 12:20:22,INFO  - ,MEASURE,fffioio,1,,97.86,0.00,PASS,1344,1031,227,306,25,25,1,0.2,1,1,1,1,3,20,1,4,1,0,55,55,55,55,150,200000,92,200,-4,2,0,0,False,False,False,False,UNDER,OVER,
2016/10/21 12:20:22,INFO  - ,JUDGE,fffioio,2,PASS,2,0,1,0,0.70,,
2016/10/21 12:20:34,INFO  - ,MEASURE,fffioio,1,,97.89,0.00,PASS,1344,1031,227,306,25,25,1,0.2,1,1,1,1,3,20,1,4,1,0,55,55,55,55,150,200000,92,200,-3,2,0,0,False,False,False,False,UNDER,OVER,
2016/10/21 12:20:34,INFO  - ,JUDGE,fffioio,3,PASS,3,0,1,0,0.71,,
2016/10/21 12:45:23,INFO  - ,MEASURE,fff,1,,76.74,20.94,NG,1344,1031,227,306,25,25,1,0.2,1,1,1,1,3,20,1,4,1,0,55,55,55,55,150,200000,92,200,90,-99,0,0,False,False,False,False,UNDER,OVER,
2016/10/21 12:45:23,INFO  - ,MEASURE,fff,2,,84.43,67.86,NG,1318,604,21,8,10,10,1,0.2,1,1,1,1,3,20,1,8,1,1,30,30,30,30,10,200000,96,200,90,-99,0,0,False,False,False,False,UNDER,OVER,
2016/10/21 12:45:23,INFO  - ,MEASURE,fff,3,,83.75,0.00,NG,1314,601,29,12,20,20,1,0.2,1,1,1,1.1,3,20,1,5,1,1,45,45,45,45,100,200000,95,200,90,-99,0,0,False,False,False,False,UNDER,OVER,
2016/10/21 12:45:23,INFO  - ,JUDGE,fff,1,NG,0,1,0,3,0.74,,
2016/10/21 12:46:03,INFO  - ,MEASURE,fff,1,,99.49,0.00,PASS,1318,604,21,8,10,10,1,0.2,1,1,1,1,3,20,1,8,1,1,30,30,30,30,10,200000,96,200,0,0,0,0,False,False,False,False,UNDER,OVER,
2016/10/21 12:46:03,INFO  - ,MEASURE,fff,2,,99.48,0.00,PASS,1314,601,29,12,20,20,1,0.2,1,1,1,1.1,3,20,1,5,1,1,45,45,45,45,100,200000,95,200,0,0,0,0,False,False,False,False,UNDER,OVER,
2016/10/21 12:46:03,INFO  - ,JUDGE,fff,2,PASS,1,1,2,0,0.59,,
2016/10/21 12:46:11,INFO  - ,MEASURE,fff,1,,96.76,0.00,PASS,1318,604,21,8,10,10,1,0.2,1,1,1,1,3,20,1,8,1,1,30,30,30,30,10,200000,96,200,90,-24,0,0,False,False,False,False,UNDER,OVER,
2016/10/21 12:46:11,INFO  - ,MEASURE,fff,2,,84.58,0.00,NG,1314,601,29,12,20,20,1,0.2,1,1,1,1.1,3,20,1,5,1,1,45,45,45,45,100,200000,95,200,90,-24,0,0,False,False,False,False,UNDER,OVER,
2016/10/21 12:46:11,INFO  - ,JUDGE,fff,3,NG,1,2,1,1,0.59,,
2016/10/21 12:46:23,INFO  - ,MEASURE,fff,1,,98.55,0.00,PASS,1318,604,21,8,10,10,1,0.2,1,1,1,1,3,20,1,8,1,1,30,30,30,30,10,200000,96,200,22,4,0,0,False,False,False,False,UNDER,OVER,
2016/10/21 12:46:23,INFO  - ,MEASURE,fff,2,,97.55,0.00,PASS,1314,601,29,12,20,20,1,0.2,1,1,1,1.1,3,20,1,5,1,1,45,45,45,45,100,200000,95,200,22,4,0,0,False,False,False,False,UNDER,OVER,
2016/10/21 12:46:23,INFO  - ,JUDGE,fff,4,PASS,2,2,2,0,0.57,,
2016/10/21 12:46:27,INFO  - ,MEASURE,fff,1,,99.13,0.00,PASS,1318,604,21,8,10,10,1,0.2,1,1,1,1,3,20,1,8,1,1,30,30,30,30,10,200000,96,200,22,4,0,0,False,False,False,False,UNDER,OVER,
2016/10/21 12:46:27,INFO  - ,MEASURE,fff,2,,97.88,0.00,PASS,1314,601,29,12,20,20,1,0.2,1,1,1,1.1,3,20,1,5,1,1,45,45,45,45,100,200000,95,200,22,4,0,0,False,False,False,False,UNDER,OVER,
2016/10/21 12:46:27,INFO  - ,JUDGE,fff,5,PASS,3,2,2,0,0.58,,
2016/10/21 12:46:32,INFO  - ,MEASURE,fff,1,,98.63,0.00,PASS,1318,604,21,8,10,10,1,0.2,1,1,1,1,3,20,1,8,1,1,30,30,30,30,10,200000,96,200,-2,4,0,0,False,False,False,False,UNDER,OVER,
2016/10/21 12:46:32,INFO  - ,MEASURE,fff,2,,98.55,0.00,PASS,1314,601,29,12,20,20,1,0.2,1,1,1,1.1,3,20,1,5,1,1,45,45,45,45,100,200000,95,200,-2,4,0,0,False,False,False,False,UNDER,OVER,
2016/10/21 12:46:32,INFO  - ,JUDGE,fff,6,PASS,4,2,2,0,0.58,,
2016/10/21 12:46:41,INFO  - ,MEASURE,fff,1,,99.29,0.00,PASS,1318,604,21,8,10,10,1,0.2,1,1,1,1,3,20,1,8,1,1,30,30,30,30,10,200000,96,200,-20,2,0,0,False,False,False,False,UNDER,OVER,
2016/10/21 12:46:41,INFO  - ,MEASURE,fff,2,,99.30,0.00,PASS,1314,601,29,12,20,20,1,0.2,1,1,1,1.1,3,20,1,5,1,1,45,45,45,45,100,200000,95,200,-20,2,0,0,False,False,False,False,UNDER,OVER,
2016/10/21 12:46:41,INFO  - ,JUDGE,fff,7,PASS,5,2,2,0,0.57,,
2016/10/21 12:46:47,INFO  - ,MEASURE,fff,1,,98.57,0.00,PASS,1318,604,21,8,10,10,1,0.2,1,1,1,1,3,20,1,8,1,1,30,30,30,30,10,200000,96,200,-43,4,0,0,False,False,False,False,UNDER,OVER,
2016/10/21 12:46:47,INFO  - ,MEASURE,fff,2,,98.29,0.00,PASS,1314,601,29,12,20,20,1,0.2,1,1,1,1.1,3,20,1,5,1,1,45,45,45,45,100,200000,95,200,-43,4,0,0,False,False,False,False,UNDER,OVER,
2016/10/21 12:46:47,INFO  - ,JUDGE,fff,8,PASS,6,2,2,0,0.59,,
2016/10/21 12:46:55,INFO  - ,MEASURE,fff,1,,97.74,0.00,PASS,1318,604,21,8,10,10,1,0.2,1,1,1,1,3,20,1,8,1,1,30,30,30,30,10,200000,96,200,-80,1,0,0,False,False,False,False,UNDER,OVER,
2016/10/21 12:46:55,INFO  - ,MEASURE,fff,2,,95.25,0.00,PASS,1314,601,29,12,20,20,1,0.2,1,1,1,1.1,3,20,1,5,1,1,45,45,45,45,100,200000,95,200,-80,1,0,0,False,False,False,False,UNDER,OVER,
2016/10/21 12:46:55,INFO  - ,JUDGE,fff,9,PASS,7,2,2,0,0.56,,
2016/10/21 12:47:05,INFO  - ,MEASURE,fff,1,,96.68,0.00,PASS,1318,604,21,8,10,10,1,0.2,1,1,1,1,3,20,1,8,1,1,30,30,30,30,10,200000,96,200,-93,0,0,0,False,False,False,False,UNDER,OVER,
2016/10/21 12:47:05,INFO  - ,MEASURE,fff,2,,88.66,0.00,NG,1314,601,29,12,20,20,1,0.2,1,1,1,1.1,3,20,1,5,1,1,45,45,45,45,100,200000,95,200,-93,0,0,0,False,False,False,False,UNDER,OVER,
2016/10/21 12:47:05,INFO  - ,JUDGE,fff,10,NG,7,3,1,1,0.55,,
2016/10/21 14:36:54,INFO  - ,=== This application works at 64 bits  ===
2016/10/21 14:36:54,INFO  - ,=== START-UP!  ===
2016/10/21 14:36:54,ERROR - ,=== Not Find USB-Key!  ===
2016/10/21 14:58:36,INFO  - ,=== This application works at 64 bits  ===
2016/10/21 14:58:36,INFO  - ,=== START-UP!  ===
2016/10/21 14:58:36,ERROR - ,=== Not Find USB-Key!  ===
2016/10/21 14:58:58,INFO  - ,=== This application works at 64 bits  ===
2016/10/21 14:58:58,INFO  - ,=== START-UP!  ===
2016/10/21 14:58:58,INFO  - ,=== USB-Key OK!  ===
2016/10/21 14:58:58,INFO  - ,=== USER LEVEL : Operator ===
2016/10/21 15:01:54,INFO  - ,=== This application works at 64 bits  ===
2016/10/21 15:01:54,INFO  - ,=== START-UP!  ===
2016/10/21 15:01:54,INFO  - ,=== USB-Key OK!  ===
2016/10/21 15:01:54,INFO  - ,=== USER LEVEL : Operator ===
2016/10/21 15:27:41,INFO  - ,MEASURE,fff,1,,99.42,0.00,PASS,549,229,112,336,20,20,1,0.2,1,1,1,1.1,3,20,1,5,1,1,45,45,45,45,100,200000,95,200,0,0,0,0,False,False,False,False,,,
2016/10/21 15:27:41,INFO  - ,MEASURE,fff,2,,99.43,0.00,PASS,766,217,117,274,20,20,1,0.2,1,1,1,1.1,3,20,1,5,1,1,45,45,45,45,100,200000,95,200,0,0,0,0,False,False,False,False,,,
2016/10/21 15:27:41,INFO  - ,MEASURE,fff,3,,99.49,0.00,PASS,969,212,110,298,20,20,1,0.2,1,1,1,1.1,3,20,1,5,1,1,45,45,45,45,100,200000,95,200,0,0,0,0,False,False,False,False,,,
2016/10/21 15:27:41,INFO  - ,JUDGE,fff,1,PASS,1,0,3,0,0.81,,
2016/10/21 15:27:59,INFO  - ,MEASURE,fff,1,,88.78,1.97,NG,549,229,112,336,20,20,1,0.2,1,1,1,1.1,3,20,1,5,1,1,45,45,45,45,100,200000,95,200,-120,-85,0,0,False,False,False,False,,,
2016/10/21 15:27:59,INFO  - ,MEASURE,fff,2,,78.74,4.00,NG,766,217,117,274,20,20,1,0.2,1,1,1,1.1,3,20,1,5,1,1,45,45,45,45,100,200000,95,200,-120,-85,0,0,False,False,False,False,,,
2016/10/21 15:27:59,INFO  - ,MEASURE,fff,3,,76.52,15.27,NG,969,212,110,298,20,20,1,0.2,1,1,1,1.1,3,20,1,5,1,1,45,45,45,45,100,200000,95,200,-120,-85,0,0,False,False,False,False,,,
2016/10/21 15:27:59,INFO  - ,JUDGE,fff,2,NG,1,1,0,3,0.72,,
2016/10/21 15:28:22,INFO  - ,MEASURE,fff,1,,98.83,0.00,PASS,549,229,112,336,20,20,1,0.2,1,1,1,1.1,3,20,1,5,1,1,45,45,45,45,100,200000,95,200,2,0,0,0,False,False,False,False,,,
2016/10/21 15:28:22,INFO  - ,MEASURE,fff,2,,99.40,0.00,PASS,766,217,117,274,20,20,1,0.2,1,1,1,1.1,3,20,1,5,1,1,45,45,45,45,100,200000,95,200,2,0,0,0,False,False,False,False,,,
2016/10/21 15:28:22,INFO  - ,MEASURE,fff,3,,99.47,0.00,PASS,969,212,110,298,20,20,1,0.2,1,1,1,1.1,3,20,1,5,1,1,45,45,45,45,100,200000,95,200,2,0,0,0,False,False,False,False,,,
2016/10/21 15:28:22,INFO  - ,JUDGE,fff,3,PASS,2,1,3,0,0.67,,
2016/10/21 15:28:33,INFO  - ,MEASURE,fff,1,,88.79,1.61,NG,549,229,112,336,20,20,1,0.2,1,1,1,1.1,3,20,1,5,1,1,45,45,45,45,100,200000,95,200,-120,-83,0,0,False,False,False,False,,,
2016/10/21 15:28:33,INFO  - ,MEASURE,fff,2,,78.88,3.64,NG,766,217,117,274,20,20,1,0.2,1,1,1,1.1,3,20,1,5,1,1,45,45,45,45,100,200000,95,200,-120,-83,0,0,False,False,False,False,,,
2016/10/21 15:28:33,INFO  - ,MEASURE,fff,3,,77.00,14.12,NG,969,212,110,298,20,20,1,0.2,1,1,1,1.1,3,20,1,5,1,1,45,45,45,45,100,200000,95,200,-120,-83,0,0,False,False,False,False,,,
2016/10/21 15:28:33,INFO  - ,JUDGE,fff,4,NG,2,2,0,3,0.72,,
2016/10/21 15:28:49,INFO  - ,MEASURE,fff,1,,89.24,0.00,NG,549,229,112,336,20,20,1,0.2,1,1,1,1.1,3,20,1,5,1,1,45,45,45,45,100,200000,95,200,0,0,0,0,False,False,False,False,,,
2016/10/21 15:28:49,INFO  - ,MEASURE,fff,2,,99.31,0.00,PASS,766,217,117,274,20,20,1,0.2,1,1,1,1.1,3,20,1,5,1,1,45,45,45,45,100,200000,95,200,0,0,0,0,False,False,False,False,,,
2016/10/21 15:28:49,INFO  - ,MEASURE,fff,3,,99.41,0.00,PASS,969,212,110,298,20,20,1,0.2,1,1,1,1.1,3,20,1,5,1,1,45,45,45,45,100,200000,95,200,0,0,0,0,False,False,False,False,,,
2016/10/21 15:28:49,INFO  - ,JUDGE,fff,5,NG,2,3,2,1,0.69,,
2016/10/21 15:33:58,INFO  - ,=== This application works at 64 bits  ===
2016/10/21 15:33:58,INFO  - ,=== START-UP!  ===
2016/10/21 15:33:58,INFO  - ,=== USB-Key OK!  ===
2016/10/21 15:33:58,INFO  - ,=== USER LEVEL : Operator ===
2016/10/21 15:38:49,INFO  - ,=== This application works at 64 bits  ===
2016/10/21 15:38:49,INFO  - ,=== START-UP!  ===
2016/10/21 15:38:49,INFO  - ,=== USB-Key OK!  ===
2016/10/21 15:38:49,INFO  - ,=== USER LEVEL : Operator ===
2016/10/21 15:48:27,INFO  - ,=== This application works at 64 bits  ===
2016/10/21 15:48:27,INFO  - ,=== START-UP!  ===
2016/10/21 15:48:27,ERROR - ,=== Not Find USB-Key!  ===
