2016/08/30 21:54:43,INFO  - ,=== This application works at 64 bits  ===
2016/08/30 21:54:43,INFO  - ,=== START-UP!  ===
2016/08/30 21:54:43,INFO  - ,=== USB-Key OK!  ===
2016/08/30 21:54:43,INFO  - ,=== USER LEVEL : Operator ===
2016/08/30 21:58:28,INFO  - ,=== USER LEVEL : Service  ===
2016/08/30 21:58:55,INFO  - ,MEASURE,a,1,,99.27,0.00,PASS,1159,866,647,364,10,10,1,0.2,1,1,1,1,3,20,1,8,1,1,30,30,30,30,10,200000,96,200,0,0,0,0,False,False,False,False,,,
2016/08/30 21:58:55,INFO  - ,JUDGE,a,1,PASS,1,0,1,0,1.17,,
2016/08/30 21:59:01,INFO  - ,MEASURE,a,1,,99.27,0.00,PASS,1159,866,647,364,10,10,1,0.2,1,1,1,1,3,20,1,8,1,1,30,30,30,30,10,200000,96,200,0,0,0,0,False,False,False,False,,,
2016/08/30 21:59:01,INFO  - ,JUDGE,a,2,PASS,2,0,1,0,1.01,,
2016/08/30 22:30:51,INFO  - ,=== This application works at 64 bits  ===
2016/08/30 22:30:51,INFO  - ,=== START-UP!  ===
2016/08/30 22:30:51,INFO  - ,=== USB-Key OK!  ===
2016/08/30 22:30:51,INFO  - ,=== USER LEVEL : Operator ===
2016/08/30 22:30:53,INFO  - ,=== Initialize DIO ===
2016/08/30 22:30:53,INFO  - ,=== ret = 0 : Normality completion===
2016/08/30 22:31:05,INFO  - ,=== USER LEVEL : Service  ===
2016/08/30 22:31:32,INFO  - ,MEASURE,a,1,,87.55,3.09,NG,1159,866,647,364,10,10,1,0.2,1,1,1,1,3,20,1,8,1,1,30,30,30,30,10,200000,96,200,110,17,0,0,False,False,False,False,,,
2016/08/30 22:31:32,INFO  - ,JUDGE,a,1,NG,0,1,0,1,1.23,,
2016/08/30 22:32:28,INFO  - ,MEASURE,a,1,,87.55,3.10,NG,1159,866,647,364,10,10,1,0.2,1,1,1,1,3,20,1,8,1,1,30,30,30,30,10,200000,96,200,110,17,0,0,False,False,False,False,,,
2016/08/30 22:32:28,INFO  - ,JUDGE,a,2,NG,0,2,0,1,1.05,,
2016/08/30 22:32:31,INFO  - ,MEASURE,a,1,,87.55,3.09,NG,1159,866,647,364,10,10,1,0.2,1,1,1,1,3,20,1,8,1,1,30,30,30,30,10,200000,96,200,110,17,0,0,False,False,False,False,,,
2016/08/30 22:32:31,INFO  - ,JUDGE,a,3,NG,0,3,0,1,1.08,,
2016/08/30 22:32:34,INFO  - ,MEASURE,a,1,,87.55,3.09,NG,1159,866,647,364,10,10,1,0.2,1,1,1,1,3,20,1,8,1,1,30,30,30,30,10,200000,96,200,110,17,0,0,False,False,False,False,,,
2016/08/30 22:32:34,INFO  - ,JUDGE,a,4,NG,0,4,0,1,1.04,,
2016/08/30 22:32:35,INFO  - ,MEASURE,a,1,,87.53,3.12,NG,1159,866,647,364,10,10,1,0.2,1,1,1,1,3,20,1,8,1,1,30,30,30,30,10,200000,96,200,110,16,0,0,False,False,False,False,,,
2016/08/30 22:32:35,INFO  - ,JUDGE,a,5,NG,0,5,0,1,1.09,,
2016/08/30 22:32:48,INFO  - ,MEASURE,a,1,,87.55,3.08,NG,1159,866,647,364,10,10,1,0.2,1,1,1,1,3,20,1,8,1,1,30,30,30,30,10,200000,96,200,110,17,0,0,False,False,False,False,,,
2016/08/30 22:32:48,INFO  - ,JUDGE,a,6,NG,0,6,0,1,1.08,,
2016/08/30 22:32:59,INFO  - ,MEASURE,a,1,,87.54,3.13,NG,1159,866,647,364,10,10,1,0.2,1,1,1,1,3,20,1,8,1,1,30,30,30,30,10,200000,96,200,110,16,0,0,False,False,False,False,,,
2016/08/30 22:32:59,INFO  - ,JUDGE,a,7,NG,0,7,0,1,1.05,,
2016/08/30 22:48:40,INFO  - ,=== This application works at 64 bits  ===
2016/08/30 22:48:40,INFO  - ,=== START-UP!  ===
2016/08/30 22:48:40,INFO  - ,=== USB-Key OK!  ===
2016/08/30 22:48:41,INFO  - ,=== USER LEVEL : Operator ===
2016/08/30 22:50:40,INFO  - ,=== This application works at 64 bits  ===
2016/08/30 22:50:40,INFO  - ,=== START-UP!  ===
2016/08/30 22:50:40,ERROR - ,=== Invalid USB-Key!  ===
2016/08/30 22:51:02,INFO  - ,=== This application works at 64 bits  ===
2016/08/30 22:51:02,INFO  - ,=== START-UP!  ===
2016/08/30 22:51:02,INFO  - ,=== USB-Key OK!  ===
2016/08/30 22:51:02,INFO  - ,=== USER LEVEL : Operator ===
