2016/10/20 17:10:36,INFO  - ,=== This application works at 64 bits  ===
2016/10/20 17:10:36,INFO  - ,=== START-UP!  ===
2016/10/20 17:10:36,INFO  - ,=== USB-Key OK!  ===
2016/10/20 17:10:36,INFO  - ,=== USER LEVEL : Operator ===
2016/10/20 17:33:29,INFO  - ,MEASURE,first program,1,,60.64,0.00,NG,770,803,231,189,25,25,1,0.2,1,1,1,1,3,20,1,4,1,0,55,55,55,55,150,200000,92,200,125,125,0,0,False,False,False,False,UNDER,OVER,
2016/10/20 17:33:29,INFO  - ,MEASURE,first program,2,,0.00,9.47,NG,374,1029,175,254,25,25,1,0.2,1,1,1,1,3,20,1,4,1,0,55,55,55,55,150,200000,92,200,125,125,0,0,False,False,False,False,UNDER,OVER,
2016/10/20 17:33:29,INFO  - ,MEASURE,first program,3,,54.45,0.00,NG,1259,641,148,300,25,25,1,0.2,1,1,1,1,3,20,1,4,1,0,55,55,55,55,150,200000,92,200,125,125,0,0,False,False,False,False,UNDER,OVER,
2016/10/20 17:33:29,INFO  - ,MEASURE,first program,4,,0.00,1.87,NG,1070,1342,244,268,25,25,1,0.2,1,1,1,1,3,20,1,4,1,0,55,55,55,55,150,200000,92,200,125,125,0,0,False,False,False,False,UNDER,OVER,
2016/10/20 17:33:29,INFO  - ,MEASURE,first program,5,,17.29,0.00,NG,503,355,318,240,25,25,1,0.2,1,1,1,1,3,20,1,4,1,0,55,55,55,55,150,200000,92,200,125,125,0,0,False,False,False,False,UNDER,OVER,
2016/10/20 17:33:29,INFO  - ,MEASURE,first program,6,,0.00,3.98,NG,1757,1126,83,244,25,25,1,0.2,1,1,1,1,3,20,1,4,1,0,55,55,55,55,150,200000,92,200,125,125,0,0,False,False,False,False,UNDER,OVER,
2016/10/20 17:33:29,INFO  - ,MEASURE,first program,7,,25.95,0.00,NG,752,1527,143,125,25,25,1,0.2,1,1,1,1,3,20,1,4,1,0,55,55,55,55,150,200000,92,200,125,125,0,0,False,False,False,False,UNDER,OVER,
2016/10/20 17:33:29,INFO  - ,MEASURE,first program,8,,0.00,15.47,NG,304,1485,244,208,25,25,1,0.2,1,1,1,1,3,20,1,4,1,0,55,55,55,55,150,200000,92,200,125,125,0,0,False,False,False,False,UNDER,OVER,
2016/10/20 17:33:29,INFO  - ,MEASURE,first program,9,,26.43,0.00,NG,849,263,244,143,25,25,1,0.2,1,1,1,1,3,20,1,4,1,0,55,55,55,55,150,200000,92,200,125,125,0,0,False,False,False,False,UNDER,OVER,
2016/10/20 17:33:29,INFO  - ,JUDGE,first program,1,NG,0,1,0,9,2.14,,
2016/10/20 17:33:52,INFO  - ,MEASURE,first program,1,,60.49,0.00,NG,770,803,231,189,25,25,1,0.2,1,1,1,1,3,20,1,4,1,0,55,55,55,55,150,200000,92,200,125,125,0,0,False,False,False,False,UNDER,OVER,
2016/10/20 17:33:52,INFO  - ,MEASURE,first program,2,,0.00,9.58,NG,374,1029,175,254,25,25,1,0.2,1,1,1,1,3,20,1,4,1,0,55,55,55,55,150,200000,92,200,125,125,0,0,False,False,False,False,UNDER,OVER,
2016/10/20 17:33:52,INFO  - ,MEASURE,first program,3,,54.23,0.00,NG,1259,641,148,300,25,25,1,0.2,1,1,1,1,3,20,1,4,1,0,55,55,55,55,150,200000,92,200,125,125,0,0,False,False,False,False,UNDER,OVER,
2016/10/20 17:33:52,INFO  - ,MEASURE,first program,4,,0.00,1.87,NG,1070,1342,244,268,25,25,1,0.2,1,1,1,1,3,20,1,4,1,0,55,55,55,55,150,200000,92,200,125,125,0,0,False,False,False,False,UNDER,OVER,
2016/10/20 17:33:52,INFO  - ,MEASURE,first program,5,,17.23,0.00,NG,503,355,318,240,25,25,1,0.2,1,1,1,1,3,20,1,4,1,0,55,55,55,55,150,200000,92,200,125,125,0,0,False,False,False,False,UNDER,OVER,
2016/10/20 17:33:52,INFO  - ,MEASURE,first program,6,,0.00,3.87,NG,1757,1126,83,244,25,25,1,0.2,1,1,1,1,3,20,1,4,1,0,55,55,55,55,150,200000,92,200,125,125,0,0,False,False,False,False,UNDER,OVER,
2016/10/20 17:33:52,INFO  - ,MEASURE,first program,7,,25.89,0.00,NG,752,1527,143,125,25,25,1,0.2,1,1,1,1,3,20,1,4,1,0,55,55,55,55,150,200000,92,200,125,125,0,0,False,False,False,False,UNDER,OVER,
2016/10/20 17:33:52,INFO  - ,MEASURE,first program,8,,0.00,15.51,NG,304,1485,244,208,25,25,1,0.2,1,1,1,1,3,20,1,4,1,0,55,55,55,55,150,200000,92,200,125,125,0,0,False,False,False,False,UNDER,OVER,
2016/10/20 17:33:52,INFO  - ,MEASURE,first program,9,,26.41,0.00,NG,849,263,244,143,25,25,1,0.2,1,1,1,1,3,20,1,4,1,0,55,55,55,55,150,200000,92,200,125,125,0,0,False,False,False,False,UNDER,OVER,
2016/10/20 17:33:52,INFO  - ,JUDGE,first program,2,NG,0,2,0,9,1.64,,
2016/10/20 17:34:08,INFO  - ,MEASURE,second,1,Led,66.62,82.95,NG,1846,228,68,59,10,10,1,0.2,1,1,1,1,3,20,1,8,1,1,30,30,30,30,10,200000,96,200,82,-49,0,0,False,False,False,False,UNDER,OVER,
2016/10/20 17:34:08,INFO  - ,MEASURE,second,2,red wire,70.95,62.52,NG,1969,620,73,14,10,10,1,0.2,1,1,1,1,3,20,1,8,1,1,30,30,30,30,10,200000,96,200,82,-49,0,0,False,False,False,False,UNDER,OVER,
2016/10/20 17:34:08,INFO  - ,MEASURE,second,3,green wire,87.34,6.85,NG,1947,656,96,14,10,10,1,0.2,1,1,1,1,3,20,1,8,1,1,30,30,30,30,10,200000,96,200,82,-49,0,0,False,False,False,False,UNDER,OVER,
2016/10/20 17:34:08,INFO  - ,MEASURE,second,4,yellow wire,73.60,72.12,NG,1969,720,55,9,10,10,1,0.2,1,1,1,1,3,20,1,8,1,1,30,30,30,30,10,200000,96,200,82,-49,0,0,False,False,False,False,UNDER,OVER,
2016/10/20 17:34:08,INFO  - ,MEASURE,second,5,wihite wire,61.47,83.49,NG,2001,766,73,18,10,10,1,0.2,1,1,1,1,3,20,1,8,1,1,30,30,30,30,10,200000,96,200,82,-49,0,0,False,False,False,False,UNDER,OVER,
2016/10/20 17:34:08,INFO  - ,MEASURE,second,6,,86.38,0.00,NG,513,1771,22,52,20,20,1,0.2,1,1,1,1.1,3,20,1,5,1,1,45,45,45,45,100,200000,95,200,82,-49,0,0,False,False,False,False,UNDER,OVER,
2016/10/20 17:34:08,INFO  - ,MEASURE,second,7,botton1,43.42,54.05,NG,1265,1449,135,138,20,20,1,0.2,1,1,1,1.1,3,20,1,5,1,1,45,45,45,45,100,200000,95,200,82,-49,0,0,False,False,False,False,UNDER,OVER,
2016/10/20 17:34:08,INFO  - ,MEASURE,second,8,Led,93.62,0.00,NG,1126,109,23,27,20,20,1,0.2,1,1,1,1.1,3,20,1,5,1,1,45,45,45,45,100,200000,95,200,82,-49,0,0,False,False,False,False,UNDER,OVER,
2016/10/20 17:34:08,INFO  - ,MEASURE,second,9,polar2,0.00,67.97,NG,49,288,7,62,10,10,1,0.2,1,1,1,1,3,20,1,8,1,1,30,30,30,30,10,200000,96,200,82,-49,0,0,False,False,False,False,UNDER,OVER,
2016/10/20 17:34:08,INFO  - ,MEASURE,second,10,polar 1,0.00,56.47,NG,45,1291,5,51,10,10,1,0.2,1,1,1,1,3,20,1,8,1,1,30,30,30,30,10,200000,96,200,82,-49,0,0,False,False,False,False,UNDER,OVER,
2016/10/20 17:34:08,INFO  - ,JUDGE,second,1,NG,0,1,0,10,0.86,,
2016/10/20 17:39:20,INFO  - ,MEASURE,second,1,Led,66.77,82.48,NG,1846,228,68,59,10,10,1,0.2,1,1,1,1,3,20,1,8,1,1,30,30,30,30,10,200000,96,200,81,-49,0,0,False,False,False,False,UNDER,OVER,
2016/10/20 17:39:20,INFO  - ,MEASURE,second,2,red wire,71.46,61.94,NG,1969,620,73,14,10,10,1,0.2,1,1,1,1,3,20,1,8,1,1,30,30,30,30,10,200000,96,200,81,-49,0,0,False,False,False,False,UNDER,OVER,
2016/10/20 17:39:20,INFO  - ,MEASURE,second,3,green wire,87.50,6.99,NG,1947,656,96,14,10,10,1,0.2,1,1,1,1,3,20,1,8,1,1,30,30,30,30,10,200000,96,200,81,-49,0,0,False,False,False,False,UNDER,OVER,
2016/10/20 17:39:20,INFO  - ,MEASURE,second,4,yellow wire,73.63,73.13,NG,1969,720,55,9,10,10,1,0.2,1,1,1,1,3,20,1,8,1,1,30,30,30,30,10,200000,96,200,81,-49,0,0,False,False,False,False,UNDER,OVER,
2016/10/20 17:39:20,INFO  - ,MEASURE,second,5,wihite wire,61.99,83.33,NG,2001,766,73,18,10,10,1,0.2,1,1,1,1,3,20,1,8,1,1,30,30,30,30,10,200000,96,200,81,-49,0,0,False,False,False,False,UNDER,OVER,
2016/10/20 17:39:20,INFO  - ,MEASURE,second,6,,86.74,0.00,NG,513,1771,22,52,20,20,1,0.2,1,1,1,1.1,3,20,1,5,1,1,45,45,45,45,100,200000,95,200,81,-49,0,0,False,False,False,False,UNDER,OVER,
2016/10/20 17:39:20,INFO  - ,MEASURE,second,7,botton1,43.34,54.19,NG,1265,1449,135,138,20,20,1,0.2,1,1,1,1.1,3,20,1,5,1,1,45,45,45,45,100,200000,95,200,81,-49,0,0,False,False,False,False,UNDER,OVER,
2016/10/20 17:39:20,INFO  - ,MEASURE,second,8,Led,93.67,0.00,NG,1126,109,23,27,20,20,1,0.2,1,1,1,1.1,3,20,1,5,1,1,45,45,45,45,100,200000,95,200,81,-49,0,0,False,False,False,False,UNDER,OVER,
2016/10/20 17:39:20,INFO  - ,MEASURE,second,9,polar2,0.00,69.12,NG,49,288,7,62,10,10,1,0.2,1,1,1,1,3,20,1,8,1,1,30,30,30,30,10,200000,96,200,81,-49,0,0,False,False,False,False,UNDER,OVER,
2016/10/20 17:39:20,INFO  - ,MEASURE,second,10,polar 1,0.00,56.47,NG,45,1291,5,51,10,10,1,0.2,1,1,1,1,3,20,1,8,1,1,30,30,30,30,10,200000,96,200,81,-49,0,0,False,False,False,False,UNDER,OVER,
2016/10/20 17:39:20,INFO  - ,JUDGE,second,2,NG,0,2,0,10,0.76,,
2016/10/20 17:41:10,INFO  - ,MEASURE,second,1,Led,66.67,82.55,NG,1846,228,68,59,10,10,1,0.2,1,1,1,1,3,20,1,8,1,1,30,30,30,30,10,200000,96,200,57,-17,0,0,False,False,False,False,UNDER,OVER,
2016/10/20 17:41:10,INFO  - ,MEASURE,second,2,red wire,74.22,64.58,NG,1969,620,73,14,10,10,1,0.2,1,1,1,1,3,20,1,8,1,1,30,30,30,30,10,200000,96,200,57,-17,0,0,False,False,False,False,UNDER,OVER,
2016/10/20 17:41:10,INFO  - ,MEASURE,second,3,green wire,76.70,18.38,NG,1947,656,96,14,10,10,1,0.2,1,1,1,1,3,20,1,8,1,1,30,30,30,30,10,200000,96,200,57,-17,0,0,False,False,False,False,UNDER,OVER,
2016/10/20 17:41:10,INFO  - ,MEASURE,second,4,yellow wire,78.97,71.52,NG,1969,720,55,9,10,10,1,0.2,1,1,1,1,3,20,1,8,1,1,30,30,30,30,10,200000,96,200,57,-17,0,0,False,False,False,False,UNDER,OVER,
2016/10/20 17:41:10,INFO  - ,MEASURE,second,5,wihite wire,71.68,80.21,NG,2001,766,73,18,10,10,1,0.2,1,1,1,1,3,20,1,8,1,1,30,30,30,30,10,200000,96,200,57,-17,0,0,False,False,False,False,UNDER,OVER,
2016/10/20 17:41:10,INFO  - ,MEASURE,second,6,,57.67,35.31,NG,513,1771,22,52,20,20,1,0.2,1,1,1,1.1,3,20,1,5,1,1,45,45,45,45,100,200000,95,200,57,-17,0,0,False,False,False,False,UNDER,OVER,
2016/10/20 17:41:10,INFO  - ,MEASURE,second,7,botton1,38.76,52.84,NG,1265,1449,135,138,20,20,1,0.2,1,1,1,1.1,3,20,1,5,1,1,45,45,45,45,100,200000,95,200,57,-17,0,0,False,False,False,False,UNDER,OVER,
2016/10/20 17:41:10,INFO  - ,MEASURE,second,8,Led,93.78,0.00,NG,1126,109,23,27,20,20,1,0.2,1,1,1,1.1,3,20,1,5,1,1,45,45,45,45,100,200000,95,200,57,-17,0,0,False,False,False,False,UNDER,OVER,
2016/10/20 17:41:10,INFO  - ,MEASURE,second,9,polar2,0.00,67.97,NG,49,288,7,62,10,10,1,0.2,1,1,1,1,3,20,1,8,1,1,30,30,30,30,10,200000,96,200,57,-17,0,0,False,False,False,False,UNDER,OVER,
2016/10/20 17:41:10,INFO  - ,MEASURE,second,10,polar 1,0.00,56.47,NG,45,1291,5,51,10,10,1,0.2,1,1,1,1,3,20,1,8,1,1,30,30,30,30,10,200000,96,200,57,-17,0,0,False,False,False,False,UNDER,OVER,
2016/10/20 17:41:10,INFO  - ,JUDGE,second,3,NG,0,3,0,10,0.97,,
2016/10/20 18:10:18,INFO  - ,=== This application works at 64 bits  ===
2016/10/20 18:10:18,INFO  - ,=== START-UP!  ===
2016/10/20 18:10:18,INFO  - ,=== USB-Key OK!  ===
2016/10/20 18:10:19,INFO  - ,=== USER LEVEL : Operator ===
2016/10/20 18:11:57,INFO  - ,MEASURE,first program,1,,61.10,0.00,NG,770,803,231,189,25,25,1,0.2,1,1,1,1,3,20,1,4,1,0,55,55,55,55,150,200000,92,200,125,125,0,0,False,False,False,False,UNDER,OVER,
2016/10/20 18:11:57,INFO  - ,MEASURE,first program,2,,0.00,10.34,NG,374,1029,175,254,25,25,1,0.2,1,1,1,1,3,20,1,4,1,0,55,55,55,55,150,200000,92,200,125,125,0,0,False,False,False,False,UNDER,OVER,
2016/10/20 18:11:57,INFO  - ,MEASURE,first program,3,,56.13,0.00,NG,1259,641,148,300,25,25,1,0.2,1,1,1,1,3,20,1,4,1,0,55,55,55,55,150,200000,92,200,125,125,0,0,False,False,False,False,UNDER,OVER,
2016/10/20 18:11:57,INFO  - ,MEASURE,first program,4,,0.00,2.91,NG,1070,1342,244,268,25,25,1,0.2,1,1,1,1,3,20,1,4,1,0,55,55,55,55,150,200000,92,200,125,125,0,0,False,False,False,False,UNDER,OVER,
2016/10/20 18:11:57,INFO  - ,MEASURE,first program,5,,17.84,0.00,NG,503,355,318,240,25,25,1,0.2,1,1,1,1,3,20,1,4,1,0,55,55,55,55,150,200000,92,200,125,125,0,0,False,False,False,False,UNDER,OVER,
2016/10/20 18:11:57,INFO  - ,MEASURE,first program,6,,0.00,3.63,NG,1757,1126,83,244,25,25,1,0.2,1,1,1,1,3,20,1,4,1,0,55,55,55,55,150,200000,92,200,125,125,0,0,False,False,False,False,UNDER,OVER,
2016/10/20 18:11:57,INFO  - ,MEASURE,first program,7,,25.41,0.00,NG,752,1527,143,125,25,25,1,0.2,1,1,1,1,3,20,1,4,1,0,55,55,55,55,150,200000,92,200,125,125,0,0,False,False,False,False,UNDER,OVER,
2016/10/20 18:11:57,INFO  - ,MEASURE,first program,8,,0.00,15.61,NG,304,1485,244,208,25,25,1,0.2,1,1,1,1,3,20,1,4,1,0,55,55,55,55,150,200000,92,200,125,125,0,0,False,False,False,False,UNDER,OVER,
2016/10/20 18:11:57,INFO  - ,MEASURE,first program,9,,27.16,0.00,NG,849,263,244,143,25,25,1,0.2,1,1,1,1,3,20,1,4,1,0,55,55,55,55,150,200000,92,200,125,125,0,0,False,False,False,False,UNDER,OVER,
2016/10/20 18:11:57,INFO  - ,JUDGE,first program,1,NG,0,1,0,9,1.70,,
2016/10/20 18:30:22,INFO  - ,MEASURE,second,1,Led,63.04,83.45,NG,1846,228,68,59,10,10,1,0.2,1,1,1,1,3,20,1,8,1,1,30,30,30,30,10,200000,96,200,-19,-20,0,0,False,False,False,False,UNDER,OVER,
2016/10/20 18:30:22,INFO  - ,MEASURE,second,2,red wire,35.02,62.23,NG,1969,620,73,14,10,10,1,0.2,1,1,1,1,3,20,1,8,1,1,30,30,30,30,10,200000,96,200,-19,-20,0,0,False,False,False,False,UNDER,OVER,
2016/10/20 18:30:22,INFO  - ,MEASURE,second,3,green wire,77.73,13.47,NG,1947,656,96,14,10,10,1,0.2,1,1,1,1,3,20,1,8,1,1,30,30,30,30,10,200000,96,200,-19,-20,0,0,False,False,False,False,UNDER,OVER,
2016/10/20 18:30:22,INFO  - ,MEASURE,second,4,yellow wire,80.80,71.92,NG,1969,720,55,9,10,10,1,0.2,1,1,1,1,3,20,1,8,1,1,30,30,30,30,10,200000,96,200,-19,-20,0,0,False,False,False,False,UNDER,OVER,
2016/10/20 18:30:22,INFO  - ,MEASURE,second,5,wihite wire,72.71,74.58,NG,2001,766,73,18,10,10,1,0.2,1,1,1,1,3,20,1,8,1,1,30,30,30,30,10,200000,96,200,-19,-20,0,0,False,False,False,False,UNDER,OVER,
2016/10/20 18:30:22,INFO  - ,MEASURE,second,6,,90.93,0.00,NG,513,1771,22,52,20,20,1,0.2,1,1,1,1.1,3,20,1,5,1,1,45,45,45,45,100,200000,95,200,-19,-20,0,0,False,False,False,False,UNDER,OVER,
2016/10/20 18:30:22,INFO  - ,MEASURE,second,7,botton1,35.03,56.48,NG,1265,1449,135,138,20,20,1,0.2,1,1,1,1.1,3,20,1,5,1,1,45,45,45,45,100,200000,95,200,-19,-20,0,0,False,False,False,False,UNDER,OVER,
2016/10/20 18:30:22,INFO  - ,MEASURE,second,8,Led,90.79,0.00,NG,1126,109,23,27,20,20,1,0.2,1,1,1,1.1,3,20,1,5,1,1,45,45,45,45,100,200000,95,200,-19,-20,0,0,False,False,False,False,UNDER,OVER,
2016/10/20 18:30:22,INFO  - ,MEASURE,second,9,polar2,0.00,69.12,NG,49,288,7,62,10,10,1,0.2,1,1,1,1,3,20,1,8,1,1,30,30,30,30,10,200000,96,200,-19,-20,0,0,False,False,False,False,UNDER,OVER,
2016/10/20 18:30:22,INFO  - ,MEASURE,second,10,polar 1,0.00,56.47,NG,45,1291,5,51,10,10,1,0.2,1,1,1,1,3,20,1,8,1,1,30,30,30,30,10,200000,96,200,-19,-20,0,0,False,False,False,False,UNDER,OVER,
2016/10/20 18:30:22,INFO  - ,JUDGE,second,1,NG,0,1,0,10,0.81,,
2016/10/20 18:30:34,INFO  - ,MEASURE,second,1,Led,63.13,82.03,NG,1846,228,68,59,10,10,1,0.2,1,1,1,1,3,20,1,8,1,1,30,30,30,30,10,200000,96,200,-101,110,0,0,False,False,False,False,UNDER,OVER,
2016/10/20 18:30:34,INFO  - ,MEASURE,second,2,red wire,49.43,67.42,NG,1969,620,73,14,10,10,1,0.2,1,1,1,1,3,20,1,8,1,1,30,30,30,30,10,200000,96,200,-101,110,0,0,False,False,False,False,UNDER,OVER,
2016/10/20 18:30:34,INFO  - ,MEASURE,second,3,green wire,62.18,20.01,NG,1947,656,96,14,10,10,1,0.2,1,1,1,1,3,20,1,8,1,1,30,30,30,30,10,200000,96,200,-101,110,0,0,False,False,False,False,UNDER,OVER,
2016/10/20 18:30:34,INFO  - ,MEASURE,second,4,yellow wire,74.16,74.95,NG,1969,720,55,9,10,10,1,0.2,1,1,1,1,3,20,1,8,1,1,30,30,30,30,10,200000,96,200,-101,110,0,0,False,False,False,False,UNDER,OVER,
2016/10/20 18:30:34,INFO  - ,MEASURE,second,5,wihite wire,80.38,74.96,NG,2001,766,73,18,10,10,1,0.2,1,1,1,1,3,20,1,8,1,1,30,30,30,30,10,200000,96,200,-101,110,0,0,False,False,False,False,UNDER,OVER,
2016/10/20 18:30:34,INFO  - ,MEASURE,second,6,,93.59,0.00,NG,513,1771,22,52,20,20,1,0.2,1,1,1,1.1,3,20,1,5,1,1,45,45,45,45,100,200000,95,200,-101,110,0,0,False,False,False,False,UNDER,OVER,
2016/10/20 18:30:34,INFO  - ,MEASURE,second,7,botton1,0.00,59.41,NG,1265,1449,135,138,20,20,1,0.2,1,1,1,1.1,3,20,1,5,1,1,45,45,45,45,100,200000,95,200,-101,110,0,0,False,False,False,False,UNDER,OVER,
2016/10/20 18:30:34,INFO  - ,MEASURE,second,8,Led,90.94,0.00,NG,1126,109,23,27,20,20,1,0.2,1,1,1,1.1,3,20,1,5,1,1,45,45,45,45,100,200000,95,200,-101,110,0,0,False,False,False,False,UNDER,OVER,
2016/10/20 18:30:34,INFO  - ,MEASURE,second,9,polar2,0.00,67.97,NG,49,288,7,62,10,10,1,0.2,1,1,1,1,3,20,1,8,1,1,30,30,30,30,10,200000,96,200,-101,110,0,0,False,False,False,False,UNDER,OVER,
2016/10/20 18:30:34,INFO  - ,MEASURE,second,10,polar 1,0.00,56.47,NG,45,1291,5,51,10,10,1,0.2,1,1,1,1,3,20,1,8,1,1,30,30,30,30,10,200000,96,200,-101,110,0,0,False,False,False,False,UNDER,OVER,
2016/10/20 18:30:34,INFO  - ,JUDGE,second,2,NG,0,2,0,10,0.85,,
2016/10/20 18:37:07,INFO  - ,MEASURE,the third,1,,99.03,0.00,PASS,1691,1317,104,19,10,10,1,0.2,1,1,1,1,3,20,1,8,1,1,30,30,30,30,10,200000,96,200,-2,-1,0,0,False,False,False,False,UNDER,OVER,
2016/10/20 18:37:07,INFO  - ,MEASURE,the third,2,,96.49,0.00,PASS,948,1365,91,71,25,25,1,0.2,1,1,1,1,3,20,1,4,1,0,55,55,55,55,150,200000,92,200,-2,-1,0,0,False,False,False,False,UNDER,OVER,
2016/10/20 18:37:07,INFO  - ,MEASURE,the third,3,,94.47,6.53,NG,729,1314,95,15,10,10,1,0.2,1,1,1,1,3,20,1,8,1,1,30,30,30,30,10,200000,96,200,-2,-1,0,0,False,False,False,False,UNDER,OVER,
2016/10/20 18:37:07,INFO  - ,MEASURE,the third,4,,96.70,0.00,PASS,629,1749,66,10,10,10,1,0.2,1,1,1,1,3,20,1,8,1,1,30,30,30,30,10,200000,96,200,-2,-1,0,0,False,False,False,False,UNDER,OVER,
2016/10/20 18:37:07,INFO  - ,MEASURE,the third,5,,98.08,0.00,PASS,245,226,134,74,20,20,1,0.2,1,1,1,1.1,3,20,1,5,1,1,45,45,45,45,100,200000,95,200,-2,-1,0,0,False,False,False,False,UNDER,OVER,
2016/10/20 18:37:07,INFO  - ,MEASURE,the third,6,,93.64,0.00,NG,203,477,111,53,20,20,1,0.2,1,1,1,1.1,3,20,1,5,1,1,45,45,45,45,100,200000,95,200,-2,-1,0,0,False,False,False,False,UNDER,OVER,
2016/10/20 18:37:07,INFO  - ,MEASURE,the third,7,,94.50,0.00,NG,1110,1695,219,101,20,20,1,0.2,1,1,1,1.1,3,20,1,5,1,1,45,45,45,45,100,200000,95,200,-2,-1,0,0,False,False,False,False,UNDER,OVER,
2016/10/20 18:37:07,INFO  - ,JUDGE,the third,1,NG,0,1,4,3,0.60,,
2016/10/20 18:40:28,INFO  - ,MEASURE,the third,1,,99.01,0.00,PASS,1691,1317,104,19,10,10,1,0.2,1,1,1,1,3,20,1,8,1,1,30,30,30,30,10,200000,96,200,-3,-1,0,0,False,False,False,False,UNDER,OVER,
2016/10/20 18:40:28,INFO  - ,MEASURE,the third,2,,96.44,0.00,PASS,948,1365,91,71,25,25,1,0.2,1,1,1,1,3,20,1,4,1,0,55,55,55,55,150,200000,92,200,-3,-1,0,0,False,False,False,False,UNDER,OVER,
2016/10/20 18:40:28,INFO  - ,MEASURE,the third,3,,94.46,6.88,NG,729,1314,95,15,10,10,1,0.2,1,1,1,1,3,20,1,8,1,1,30,30,30,30,10,200000,96,200,-3,-1,0,0,False,False,False,False,UNDER,OVER,
2016/10/20 18:40:28,INFO  - ,MEASURE,the third,4,,96.47,0.00,PASS,629,1749,66,10,10,10,1,0.2,1,1,1,1,3,20,1,8,1,1,30,30,30,30,10,200000,96,200,-3,-1,0,0,False,False,False,False,UNDER,OVER,
2016/10/20 18:40:28,INFO  - ,MEASURE,the third,5,,98.23,0.00,PASS,245,226,134,74,20,20,1,0.2,1,1,1,1.1,3,20,1,5,1,1,45,45,45,45,100,200000,95,200,-3,-1,0,0,False,False,False,False,UNDER,OVER,
2016/10/20 18:40:28,INFO  - ,MEASURE,the third,6,,93.61,0.00,NG,203,477,111,53,20,20,1,0.2,1,1,1,1.1,3,20,1,5,1,1,45,45,45,45,100,200000,95,200,-3,-1,0,0,False,False,False,False,UNDER,OVER,
2016/10/20 18:40:28,INFO  - ,MEASURE,the third,7,,94.57,0.00,NG,1110,1695,219,101,20,20,1,0.2,1,1,1,1.1,3,20,1,5,1,1,45,45,45,45,100,200000,95,200,-3,-1,0,0,False,False,False,False,UNDER,OVER,
2016/10/20 18:40:28,INFO  - ,JUDGE,the third,2,NG,0,2,4,3,0.65,,
2016/10/20 18:47:19,INFO  - ,MEASURE,the third,1,,98.95,0.00,PASS,1691,1317,104,19,10,10,1,0.2,1,1,1,1,3,20,1,8,1,1,30,30,30,30,10,200000,96,200,-3,0,0,0,False,False,False,False,UNDER,OVER,
2016/10/20 18:47:19,INFO  - ,MEASURE,the third,2,,96.50,0.00,PASS,948,1365,91,71,25,25,1,0.2,1,1,1,1,3,20,1,4,1,0,55,55,55,55,150,200000,92,200,-3,0,0,0,False,False,False,False,UNDER,OVER,
2016/10/20 18:47:19,INFO  - ,MEASURE,the third,3,,94.28,8.07,NG,729,1314,95,15,10,10,1,0.2,1,1,1,1,3,20,1,8,1,1,30,30,30,30,10,200000,96,200,-3,0,0,0,False,False,False,False,UNDER,OVER,
2016/10/20 18:47:19,INFO  - ,MEASURE,the third,4,,96.47,0.00,PASS,629,1749,66,10,10,10,1,0.2,1,1,1,1,3,20,1,8,1,1,30,30,30,30,10,200000,96,200,-3,0,0,0,False,False,False,False,UNDER,OVER,
2016/10/20 18:47:19,INFO  - ,MEASURE,the third,5,,98.22,0.00,PASS,245,226,134,74,20,20,1,0.2,1,1,1,1.1,3,20,1,5,1,1,45,45,45,45,100,200000,95,200,-3,0,0,0,False,False,False,False,UNDER,OVER,
2016/10/20 18:47:19,INFO  - ,MEASURE,the third,6,,93.66,0.00,NG,203,477,111,53,20,20,1,0.2,1,1,1,1.1,3,20,1,5,1,1,45,45,45,45,100,200000,95,200,-3,0,0,0,False,False,False,False,UNDER,OVER,
2016/10/20 18:47:19,INFO  - ,MEASURE,the third,7,,0.00,0.00,Not inspection,1110,1695,219,101,20,20,1,0.2,1,1,1,1.1,3,20,1,5,1,1,45,45,45,45,100,200000,95,200,-3,0,0,0,False,False,False,False,UNDER,OVER,
2016/10/20 18:47:19,INFO  - ,JUDGE,the third,3,NG,0,3,4,2,0.58,,
2016/10/20 18:48:03,INFO  - ,MEASURE,the third,1,,99.00,0.00,PASS,1691,1317,104,19,10,10,1,0.2,1,1,1,1,3,20,1,8,1,1,30,30,30,30,10,200000,96,200,-3,0,0,0,False,False,False,False,UNDER,OVER,
2016/10/20 18:48:03,INFO  - ,MEASURE,the third,2,,96.48,0.00,PASS,948,1365,91,71,25,25,1,0.2,1,1,1,1,3,20,1,4,1,0,55,55,55,55,150,200000,92,200,-3,0,0,0,False,False,False,False,UNDER,OVER,
2016/10/20 18:48:03,INFO  - ,MEASURE,the third,3,,94.34,7.09,NG,729,1314,95,15,10,10,1,0.2,1,1,1,1,3,20,1,8,1,1,30,30,30,30,10,200000,96,200,-3,0,0,0,False,False,False,False,UNDER,OVER,
2016/10/20 18:48:03,INFO  - ,MEASURE,the third,4,,96.52,0.00,PASS,629,1749,66,10,10,10,1,0.2,1,1,1,1,3,20,1,8,1,1,30,30,30,30,10,200000,96,200,-3,0,0,0,False,False,False,False,UNDER,OVER,
2016/10/20 18:48:03,INFO  - ,MEASURE,the third,5,,98.25,0.00,PASS,245,226,134,74,20,20,1,0.2,1,1,1,1.1,3,20,1,5,1,1,45,45,45,45,100,200000,95,200,-3,0,0,0,False,False,False,False,UNDER,OVER,
2016/10/20 18:48:03,INFO  - ,MEASURE,the third,6,,93.49,0.00,NG,203,477,111,53,20,20,1,0.2,1,1,1,1.1,3,20,1,5,1,1,45,45,45,45,100,200000,95,200,-3,0,0,0,False,False,False,False,UNDER,OVER,
2016/10/20 18:48:03,INFO  - ,MEASURE,the third,7,,94.50,0.00,NG,1110,1695,219,101,20,20,1,0.2,1,1,1,1.1,3,20,1,5,1,1,45,45,45,45,100,200000,95,200,-3,0,0,0,False,False,False,False,UNDER,OVER,
2016/10/20 18:48:03,INFO  - ,JUDGE,the third,4,NG,0,4,4,3,0.60,,
2016/10/20 18:51:24,INFO  - ,MEASURE,the third,1,,98.99,0.00,PASS,1691,1317,104,19,10,10,1,0.2,1,1,1,1,3,20,1,8,1,1,30,30,30,30,10,200000,96,200,-3,0,0,0,False,False,False,False,UNDER,OVER,
2016/10/20 18:51:24,INFO  - ,MEASURE,the third,2,,96.44,0.00,PASS,948,1365,91,71,25,25,1,0.2,1,1,1,1,3,20,1,4,1,0,55,55,55,55,150,200000,92,200,-3,0,0,0,False,False,False,False,UNDER,OVER,
2016/10/20 18:51:24,INFO  - ,MEASURE,the third,3,,94.33,7.16,NG,729,1314,95,15,10,10,1,0.2,1,1,1,1,3,20,1,8,1,1,30,30,30,30,10,200000,96,200,-3,0,0,0,False,False,False,False,UNDER,OVER,
2016/10/20 18:51:24,INFO  - ,MEASURE,the third,4,,96.47,0.00,PASS,629,1749,66,10,10,10,1,0.2,1,1,1,1,3,20,1,8,1,1,30,30,30,30,10,200000,96,200,-3,0,0,0,False,False,False,False,UNDER,OVER,
2016/10/20 18:51:24,INFO  - ,MEASURE,the third,5,,98.23,0.00,PASS,245,226,134,74,20,20,1,0.2,1,1,1,1.1,3,20,1,5,1,1,45,45,45,45,100,200000,95,200,-3,0,0,0,False,False,False,False,UNDER,OVER,
2016/10/20 18:51:24,INFO  - ,MEASURE,the third,6,,93.75,0.00,NG,203,477,111,53,20,20,1,0.2,1,1,1,1.1,3,20,1,5,1,1,45,45,45,45,100,200000,95,200,-3,0,0,0,False,False,False,False,UNDER,OVER,
2016/10/20 18:51:24,INFO  - ,MEASURE,the third,7,,94.54,0.00,PASS,1110,1695,219,101,25,25,1,0.2,1,1,1,1,3,20,1,4,1,0,55,55,55,55,150,200000,92,200,-3,0,0,0,False,False,False,False,UNDER,OVER,
2016/10/20 18:51:24,INFO  - ,JUDGE,the third,5,NG,0,5,5,2,0.67,,
2016/10/20 18:51:43,INFO  - ,MEASURE,the third,1,,99.00,0.00,PASS,1691,1317,104,19,10,10,1,0.2,1,1,1,1,3,20,1,8,1,1,30,30,30,30,10,200000,96,200,-3,0,0,0,False,False,False,False,UNDER,OVER,
2016/10/20 18:51:43,INFO  - ,MEASURE,the third,2,,96.48,0.00,PASS,948,1365,91,71,25,25,1,0.2,1,1,1,1,3,20,1,4,1,0,55,55,55,55,150,200000,92,200,-3,0,0,0,False,False,False,False,UNDER,OVER,
2016/10/20 18:51:43,INFO  - ,MEASURE,the third,3,,94.41,8.14,NG,729,1314,95,15,10,10,1,0.2,1,1,1,1,3,20,1,8,1,1,30,30,30,30,10,200000,96,200,-3,0,0,0,False,False,False,False,UNDER,OVER,
2016/10/20 18:51:43,INFO  - ,MEASURE,the third,4,,96.64,0.00,PASS,629,1749,66,10,10,10,1,0.2,1,1,1,1,3,20,1,8,1,1,30,30,30,30,10,200000,96,200,-3,0,0,0,False,False,False,False,UNDER,OVER,
2016/10/20 18:51:43,INFO  - ,MEASURE,the third,5,,98.23,0.00,PASS,245,226,134,74,20,20,1,0.2,1,1,1,1.1,3,20,1,5,1,1,45,45,45,45,100,200000,95,200,-3,0,0,0,False,False,False,False,UNDER,OVER,
2016/10/20 18:51:43,INFO  - ,MEASURE,the third,6,,93.67,0.00,PASS,203,477,111,53,25,25,1,0.2,1,1,1,1,3,20,1,4,1,0,55,55,55,55,150,200000,92,200,-3,0,0,0,False,False,False,False,UNDER,OVER,
2016/10/20 18:51:43,INFO  - ,MEASURE,the third,7,,94.52,0.00,PASS,1110,1695,219,101,25,25,1,0.2,1,1,1,1,3,20,1,4,1,0,55,55,55,55,150,200000,92,200,-3,0,0,0,False,False,False,False,UNDER,OVER,
2016/10/20 18:51:43,INFO  - ,JUDGE,the third,6,NG,0,6,6,1,0.66,,
2016/10/20 18:59:15,INFO  - ,MEASURE,the third,1,,99.35,0.00,PASS,1691,1317,104,19,10,10,1,0.2,1,1,1,1,3,20,1,8,1,1,30,30,30,30,10,200000,96,200,2,0,0,0,False,False,False,False,UNDER,OVER,
2016/10/20 18:59:15,INFO  - ,MEASURE,the third,2,,99.22,0.00,PASS,948,1365,91,71,25,25,1,0.2,1,1,1,1,3,20,1,4,1,0,55,55,55,55,150,200000,92,200,2,0,0,0,False,False,False,False,UNDER,OVER,
2016/10/20 18:59:15,INFO  - ,MEASURE,the third,3,,99.36,0.00,PASS,729,1314,95,15,10,10,1,0.2,1,1,1,1,3,20,1,8,1,1,30,30,30,30,10,200000,96,200,2,0,0,0,False,False,False,False,UNDER,OVER,
2016/10/20 18:59:15,INFO  - ,MEASURE,the third,4,,99.17,0.00,PASS,629,1749,66,10,10,10,1,0.2,1,1,1,1,3,20,1,8,1,1,30,30,30,30,10,200000,96,200,2,0,0,0,False,False,False,False,UNDER,OVER,
2016/10/20 18:59:15,INFO  - ,MEASURE,the third,5,,99.04,0.00,PASS,245,226,134,74,20,20,1,0.2,1,1,1,1.1,3,20,1,5,1,1,45,45,45,45,100,200000,95,200,2,0,0,0,False,False,False,False,UNDER,OVER,
2016/10/20 18:59:15,INFO  - ,MEASURE,the third,6,,99.16,0.00,PASS,203,477,111,53,25,25,1,0.2,1,1,1,1,3,20,1,4,1,0,55,55,55,55,150,200000,92,200,2,0,0,0,False,False,False,False,UNDER,OVER,
2016/10/20 18:59:15,INFO  - ,MEASURE,the third,7,,99.15,0.00,PASS,1110,1695,219,101,25,25,1,0.2,1,1,1,1,3,20,1,4,1,0,55,55,55,55,150,200000,92,200,2,0,0,0,False,False,False,False,UNDER,OVER,
2016/10/20 18:59:15,INFO  - ,JUDGE,the third,7,PASS,1,6,7,0,0.66,,
2016/10/20 18:59:29,INFO  - ,MEASURE,the third,1,,99.34,0.00,PASS,1691,1317,104,19,10,10,1,0.2,1,1,1,1,3,20,1,8,1,1,30,30,30,30,10,200000,96,200,2,-1,0,0,False,False,False,False,UNDER,OVER,
2016/10/20 18:59:29,INFO  - ,MEASURE,the third,2,,99.20,0.00,PASS,948,1365,91,71,25,25,1,0.2,1,1,1,1,3,20,1,4,1,0,55,55,55,55,150,200000,92,200,2,-1,0,0,False,False,False,False,UNDER,OVER,
2016/10/20 18:59:29,INFO  - ,MEASURE,the third,3,,99.38,0.00,PASS,729,1314,95,15,10,10,1,0.2,1,1,1,1,3,20,1,8,1,1,30,30,30,30,10,200000,96,200,2,-1,0,0,False,False,False,False,UNDER,OVER,
2016/10/20 18:59:29,INFO  - ,MEASURE,the third,4,,99.14,0.00,PASS,629,1749,66,10,10,10,1,0.2,1,1,1,1,3,20,1,8,1,1,30,30,30,30,10,200000,96,200,2,-1,0,0,False,False,False,False,UNDER,OVER,
2016/10/20 18:59:29,INFO  - ,MEASURE,the third,5,,99.06,0.00,PASS,245,226,134,74,20,20,1,0.2,1,1,1,1.1,3,20,1,5,1,1,45,45,45,45,100,200000,95,200,2,-1,0,0,False,False,False,False,UNDER,OVER,
2016/10/20 18:59:29,INFO  - ,MEASURE,the third,6,,99.10,0.00,PASS,203,477,111,53,25,25,1,0.2,1,1,1,1,3,20,1,4,1,0,55,55,55,55,150,200000,92,200,2,-1,0,0,False,False,False,False,UNDER,OVER,
2016/10/20 18:59:29,INFO  - ,MEASURE,the third,7,,99.12,0.00,PASS,1110,1695,219,101,25,25,1,0.2,1,1,1,1,3,20,1,4,1,0,55,55,55,55,150,200000,92,200,2,-1,0,0,False,False,False,False,UNDER,OVER,
2016/10/20 18:59:29,INFO  - ,JUDGE,the third,8,PASS,2,6,7,0,0.58,,
2016/10/20 18:59:42,INFO  - ,MEASURE,the third,1,,99.04,0.00,PASS,1691,1317,104,19,10,10,1,0.2,1,1,1,1,3,20,1,8,1,1,30,30,30,30,10,200000,96,200,-2,-1,0,0,False,False,False,False,UNDER,OVER,
2016/10/20 18:59:42,INFO  - ,MEASURE,the third,2,,96.51,0.00,PASS,948,1365,91,71,25,25,1,0.2,1,1,1,1,3,20,1,4,1,0,55,55,55,55,150,200000,92,200,-2,-1,0,0,False,False,False,False,UNDER,OVER,
2016/10/20 18:59:42,INFO  - ,MEASURE,the third,3,,94.40,8.35,NG,729,1314,95,15,10,10,1,0.2,1,1,1,1,3,20,1,8,1,1,30,30,30,30,10,200000,96,200,-2,-1,0,0,False,False,False,False,UNDER,OVER,
2016/10/20 18:59:42,INFO  - ,MEASURE,the third,4,,96.66,0.00,PASS,629,1749,66,10,10,10,1,0.2,1,1,1,1,3,20,1,8,1,1,30,30,30,30,10,200000,96,200,-2,-1,0,0,False,False,False,False,UNDER,OVER,
2016/10/20 18:59:42,INFO  - ,MEASURE,the third,5,,98.06,0.00,PASS,245,226,134,74,20,20,1,0.2,1,1,1,1.1,3,20,1,5,1,1,45,45,45,45,100,200000,95,200,-2,-1,0,0,False,False,False,False,UNDER,OVER,
2016/10/20 18:59:42,INFO  - ,MEASURE,the third,6,,93.64,0.00,PASS,203,477,111,53,25,25,1,0.2,1,1,1,1,3,20,1,4,1,0,55,55,55,55,150,200000,92,200,-2,-1,0,0,False,False,False,False,UNDER,OVER,
2016/10/20 18:59:42,INFO  - ,MEASURE,the third,7,,94.54,0.00,PASS,1110,1695,219,101,25,25,1,0.2,1,1,1,1,3,20,1,4,1,0,55,55,55,55,150,200000,92,200,-2,-1,0,0,False,False,False,False,UNDER,OVER,
2016/10/20 18:59:42,INFO  - ,JUDGE,the third,9,NG,2,7,6,1,0.61,,
2016/10/20 19:06:17,INFO  - ,MEASURE,the third,1,,99.02,0.00,PASS,1691,1317,104,19,10,10,1,0.2,1,1,1,1,3,20,1,8,1,1,30,30,30,30,10,200000,96,200,-2,-1,0,0,False,False,False,False,UNDER,OVER,
2016/10/20 19:06:17,INFO  - ,MEASURE,the third,2,,96.46,0.00,PASS,948,1365,91,71,25,25,1,0.2,1,1,1,1,3,20,1,4,1,0,55,55,55,55,150,200000,92,200,-2,-1,0,0,False,False,False,False,UNDER,OVER,
2016/10/20 19:06:17,INFO  - ,MEASURE,the third,3,,94.27,7.93,NG,729,1314,95,15,10,10,1,0.2,1,1,1,1,3,20,1,8,1,1,30,30,30,30,10,200000,96,200,-2,-1,0,0,False,False,False,False,UNDER,OVER,
2016/10/20 19:06:17,INFO  - ,MEASURE,the third,4,,96.58,0.00,PASS,629,1749,66,10,10,10,1,0.2,1,1,1,1,3,20,1,8,1,1,30,30,30,30,10,200000,96,200,-2,-1,0,0,False,False,False,False,UNDER,OVER,
2016/10/20 19:06:17,INFO  - ,MEASURE,the third,5,,98.06,0.00,PASS,245,226,134,74,20,20,1,0.2,1,1,1,1.1,3,20,1,5,1,1,45,45,45,45,100,200000,95,200,-2,-1,0,0,False,False,False,False,UNDER,OVER,
2016/10/20 19:06:17,INFO  - ,MEASURE,the third,6,,93.67,0.00,PASS,203,477,111,53,25,25,1,0.2,1,1,1,1,3,20,1,4,1,0,55,55,55,55,150,200000,92,200,-2,-1,0,0,False,False,False,False,UNDER,OVER,
2016/10/20 19:06:17,INFO  - ,MEASURE,the third,7,,94.51,0.00,PASS,1110,1695,219,101,25,25,1,0.2,1,1,1,1,3,20,1,4,1,0,55,55,55,55,150,200000,92,200,-2,-1,0,0,False,False,False,False,UNDER,OVER,
2016/10/20 19:06:17,INFO  - ,JUDGE,the third,10,NG,2,8,6,1,0.61,,
2016/10/20 19:06:34,INFO  - ,MEASURE,the third,1,,99.34,0.00,PASS,1691,1317,104,19,10,10,1,0.2,1,1,1,1,3,20,1,8,1,1,30,30,30,30,10,200000,96,200,1,-1,0,0,False,False,False,False,UNDER,OVER,
2016/10/20 19:06:34,INFO  - ,MEASURE,the third,2,,99.21,0.00,PASS,948,1365,91,71,25,25,1,0.2,1,1,1,1,3,20,1,4,1,0,55,55,55,55,150,200000,92,200,1,-1,0,0,False,False,False,False,UNDER,OVER,
2016/10/20 19:06:34,INFO  - ,MEASURE,the third,3,,99.34,0.00,PASS,729,1314,95,15,10,10,1,0.2,1,1,1,1,3,20,1,8,1,1,30,30,30,30,10,200000,96,200,1,-1,0,0,False,False,False,False,UNDER,OVER,
2016/10/20 19:06:34,INFO  - ,MEASURE,the third,4,,99.00,0.00,PASS,629,1749,66,10,10,10,1,0.2,1,1,1,1,3,20,1,8,1,1,30,30,30,30,10,200000,96,200,1,-1,0,0,False,False,False,False,UNDER,OVER,
2016/10/20 19:06:34,INFO  - ,MEASURE,the third,5,,99.11,0.00,PASS,245,226,134,74,20,20,1,0.2,1,1,1,1.1,3,20,1,5,1,1,45,45,45,45,100,200000,95,200,1,-1,0,0,False,False,False,False,UNDER,OVER,
2016/10/20 19:06:34,INFO  - ,MEASURE,the third,6,,99.13,0.00,PASS,203,477,111,53,25,25,1,0.2,1,1,1,1,3,20,1,4,1,0,55,55,55,55,150,200000,92,200,1,-1,0,0,False,False,False,False,UNDER,OVER,
2016/10/20 19:06:34,INFO  - ,MEASURE,the third,7,,99.11,0.00,PASS,1110,1695,219,101,25,25,1,0.2,1,1,1,1,3,20,1,4,1,0,55,55,55,55,150,200000,92,200,1,-1,0,0,False,False,False,False,UNDER,OVER,
2016/10/20 19:06:34,INFO  - ,JUDGE,the third,11,PASS,3,8,7,0,0.60,,
