2016/09/19 15:31:16,INFO  - ,=== This application works at 64 bits  ===
2016/09/19 15:31:16,INFO  - ,=== START-UP!  ===
2016/09/19 15:31:16,ERROR - ,=== Not Find USB-Key!  ===
2016/09/19 15:40:52,INFO  - ,=== This application works at 64 bits  ===
2016/09/19 15:40:52,INFO  - ,=== START-UP!  ===
2016/09/19 15:40:52,INFO  - ,=== USB-Key OK!  ===
2016/09/19 15:40:52,INFO  - ,=== USER LEVEL : Operator ===
2016/09/19 16:06:57,INFO  - ,MEASURE,second,1,,99.75,0.00,PASS,481,1846,42,12,10,10,1,0.2,1,1,1,1,3,20,1,8,1,1,30,30,30,30,10,200000,96,200,0,0,0,0,False,False,False,False,,,
2016/09/19 16:06:57,INFO  - ,MEASURE,second,2,,99.71,0.00,PASS,1361,1822,45,18,10,10,1,0.2,1,1,1,1,3,20,1,8,1,1,30,30,30,30,10,200000,96,200,0,0,0,0,False,False,False,False,,,
2016/09/19 16:06:57,INFO  - ,JUDGE,second,1,PASS,1,0,2,0,1.28,,
2016/09/19 16:07:25,INFO  - ,MEASURE,second,1,,99.06,2.38,NG,481,1846,42,12,10,10,1,0.2,1,1,1,1,3,20,1,8,1,1,30,30,30,30,10,200000,96,200,61,-1832,0,0,False,False,False,False,,,
2016/09/19 16:07:25,INFO  - ,MEASURE,second,2,,98.96,0.00,PASS,1361,1822,45,18,10,10,1,0.2,1,1,1,1,3,20,1,8,1,1,30,30,30,30,10,200000,96,200,61,-1832,0,0,False,False,False,False,,,
2016/09/19 16:07:25,INFO  - ,JUDGE,second,2,NG,1,1,1,1,0.79,,
2016/09/19 16:08:37,INFO  - ,MEASURE,second,1,,99.04,3.77,NG,481,1846,42,12,10,10,1,0.2,1,1,1,1,3,20,1,8,1,1,30,30,30,30,10,200000,96,200,44,-1839,0,0,False,False,False,False,,,
2016/09/19 16:08:37,INFO  - ,MEASURE,second,2,,98.83,0.00,PASS,1361,1822,45,18,10,10,1,0.2,1,1,1,1,3,20,1,8,1,1,30,30,30,30,10,200000,96,200,44,-1839,0,0,False,False,False,False,,,
2016/09/19 16:08:37,INFO  - ,JUDGE,second,3,NG,1,2,1,1,0.59,,
2016/09/19 16:08:50,INFO  - ,MEASURE,second,1,,99.07,0.00,PASS,481,1846,42,12,10,10,1,0.2,1,1,1,1,3,20,1,8,1,1,30,30,30,30,10,200000,96,200,62,-1832,0,0,False,False,False,False,,,
2016/09/19 16:08:50,INFO  - ,MEASURE,second,2,,98.13,0.00,PASS,1361,1822,45,18,10,10,1,0.2,1,1,1,1,3,20,1,8,1,1,30,30,30,30,10,200000,96,200,62,-1832,0,0,False,False,False,False,,,
2016/09/19 16:08:50,INFO  - ,JUDGE,second,4,PASS,2,2,2,0,0.58,,
2016/09/19 16:09:32,INFO  - ,MEASURE,second,1,,99.09,0.00,PASS,481,1846,42,12,10,10,1,0.2,1,1,1,1,3,20,1,8,1,1,30,30,30,30,10,200000,96,200,82,-1846,0,0,False,False,False,False,UNDER,OVER,
2016/09/19 16:09:32,INFO  - ,MEASURE,second,2,,98.07,6.91,NG,1361,1822,45,18,10,10,1,0.2,1,1,1,1,3,20,1,8,1,1,30,30,30,30,10,200000,96,200,82,-1846,0,0,False,False,False,False,,,
2016/09/19 16:09:32,INFO  - ,JUDGE,second,5,NG,2,3,1,1,0.59,,
2016/09/19 16:09:35,INFO  - ,MEASURE,second,1,,99.04,0.00,PASS,481,1846,42,12,10,10,1,0.2,1,1,1,1,3,20,1,8,1,1,30,30,30,30,10,200000,96,200,88,-1846,0,0,False,False,False,False,UNDER,OVER,
2016/09/19 16:09:35,INFO  - ,MEASURE,second,2,,98.10,4.32,NG,1361,1822,45,18,10,10,1,0.2,1,1,1,1,3,20,1,8,1,1,30,30,30,30,10,200000,96,200,88,-1846,0,0,False,False,False,False,,,
2016/09/19 16:09:35,INFO  - ,JUDGE,second,6,NG,2,4,1,1,0.70,,
2016/09/19 16:09:43,INFO  - ,MEASURE,second,1,,98.97,6.75,NG,481,1846,42,12,10,10,1,0.2,1,1,1,1,3,20,1,8,1,1,30,30,30,30,10,200000,96,200,95,-1788,0,0,False,False,False,False,UNDER,OVER,
2016/09/19 16:09:43,INFO  - ,MEASURE,second,2,,97.65,3.70,NG,1361,1822,45,18,10,10,1,0.2,1,1,1,1,3,20,1,8,1,1,30,30,30,30,10,200000,96,200,95,-1788,0,0,False,False,False,False,,,
2016/09/19 16:09:43,INFO  - ,JUDGE,second,7,NG,2,5,0,2,0.61,,
2016/09/19 16:36:41,INFO  - ,MEASURE,second,1,,99.51,0.00,PASS,424,1746,146,132,20,20,1,0.2,1,1,1,1.1,3,20,1,5,1,1,45,45,45,45,100,200000,95,200,0,0,0,0,False,False,False,False,UNDER,OVER,
2016/09/19 16:36:41,INFO  - ,MEASURE,second,2,,99.47,0.00,PASS,119,1103,77,73,20,20,1,0.2,1,1,1,1.1,3,20,1,5,1,1,45,45,45,45,100,200000,95,200,0,0,0,0,False,False,False,False,UNDER,OVER,
2016/09/19 16:36:41,INFO  - ,MEASURE,second,3,,99.63,0.00,PASS,561,597,32,128,20,20,1,0.2,1,1,1,1.1,3,20,1,5,1,1,45,45,45,45,100,200000,95,200,0,0,0,0,False,False,False,False,UNDER,OVER,
2016/09/19 16:36:41,INFO  - ,MEASURE,second,4,,99.59,0.00,PASS,1965,647,68,14,10,10,1,0.2,1,1,1,1,3,20,1,8,1,1,30,30,30,30,10,200000,96,200,0,0,0,0,False,False,False,False,UNDER,OVER,
2016/09/19 16:36:41,INFO  - ,MEASURE,second,5,,99.46,0.00,PASS,1951,697,82,14,10,10,1,0.2,1,1,1,1,3,20,1,8,1,1,30,30,30,30,10,200000,96,200,0,0,0,0,False,False,False,False,UNDER,OVER,
2016/09/19 16:36:41,INFO  - ,MEASURE,second,6,,99.65,0.00,PASS,1956,748,59,14,10,10,1,0.2,1,1,1,1,3,20,1,8,1,1,30,30,30,30,10,200000,96,200,0,0,0,0,False,False,False,False,UNDER,OVER,
2016/09/19 16:36:41,INFO  - ,MEASURE,second,7,,99.77,0.00,PASS,1956,802,64,14,10,10,1,0.2,1,1,1,1,3,20,1,8,1,1,30,30,30,30,10,200000,96,200,0,0,0,0,False,False,False,False,UNDER,OVER,
2016/09/19 16:36:41,INFO  - ,JUDGE,second,8,PASS,3,5,7,0,1.20,,
2016/09/19 16:36:48,INFO  - ,MEASURE,second,1,,99.51,0.00,PASS,424,1746,146,132,20,20,1,0.2,1,1,1,1.1,3,20,1,5,1,1,45,45,45,45,100,200000,95,200,0,0,0,0,False,False,False,False,UNDER,OVER,
2016/09/19 16:36:48,INFO  - ,MEASURE,second,2,,99.46,0.00,PASS,119,1103,77,73,20,20,1,0.2,1,1,1,1.1,3,20,1,5,1,1,45,45,45,45,100,200000,95,200,0,0,0,0,False,False,False,False,UNDER,OVER,
2016/09/19 16:36:48,INFO  - ,MEASURE,second,3,,99.63,0.00,PASS,561,597,32,128,20,20,1,0.2,1,1,1,1.1,3,20,1,5,1,1,45,45,45,45,100,200000,95,200,0,0,0,0,False,False,False,False,UNDER,OVER,
2016/09/19 16:36:48,INFO  - ,MEASURE,second,4,,99.57,0.00,PASS,1965,647,68,14,10,10,1,0.2,1,1,1,1,3,20,1,8,1,1,30,30,30,30,10,200000,96,200,0,0,0,0,False,False,False,False,UNDER,OVER,
2016/09/19 16:36:48,INFO  - ,MEASURE,second,5,,99.42,0.00,PASS,1951,697,82,14,10,10,1,0.2,1,1,1,1,3,20,1,8,1,1,30,30,30,30,10,200000,96,200,0,0,0,0,False,False,False,False,UNDER,OVER,
2016/09/19 16:36:48,INFO  - ,MEASURE,second,6,,99.63,0.00,PASS,1956,748,59,14,10,10,1,0.2,1,1,1,1,3,20,1,8,1,1,30,30,30,30,10,200000,96,200,0,0,0,0,False,False,False,False,UNDER,OVER,
2016/09/19 16:36:48,INFO  - ,MEASURE,second,7,,99.80,0.00,PASS,1956,802,64,14,10,10,1,0.2,1,1,1,1,3,20,1,8,1,1,30,30,30,30,10,200000,96,200,0,0,0,0,False,False,False,False,UNDER,OVER,
2016/09/19 16:36:48,INFO  - ,JUDGE,second,9,PASS,4,5,7,0,0.67,,
2016/09/19 16:37:18,INFO  - ,MEASURE,second,1,,98.93,0.00,PASS,424,1746,146,132,20,20,1,0.2,1,1,1,1.1,3,20,1,5,1,1,45,45,45,45,100,200000,95,200,0,0,0,0,False,False,False,False,UNDER,OVER,
2016/09/19 16:37:18,INFO  - ,MEASURE,second,2,,98.56,0.00,PASS,119,1103,77,73,20,20,1,0.2,1,1,1,1.1,3,20,1,5,1,1,45,45,45,45,100,200000,95,200,0,0,0,0,False,False,False,False,UNDER,OVER,
2016/09/19 16:37:18,INFO  - ,MEASURE,second,3,,95.96,0.00,PASS,561,597,32,128,20,20,1,0.2,1,1,1,1.1,3,20,1,5,1,1,45,45,45,45,100,200000,95,200,0,0,0,0,False,False,False,False,UNDER,OVER,
2016/09/19 16:37:18,INFO  - ,MEASURE,second,4,,99.48,0.00,PASS,1965,647,68,14,10,10,1,0.2,1,1,1,1,3,20,1,8,1,1,30,30,30,30,10,200000,96,200,0,0,0,0,False,False,False,False,UNDER,OVER,
2016/09/19 16:37:18,INFO  - ,MEASURE,second,5,,74.42,42.33,NG,1951,697,82,14,10,10,1,0.2,1,1,1,1,3,20,1,8,1,1,30,30,30,30,10,200000,96,200,0,0,0,0,False,False,False,False,UNDER,OVER,
2016/09/19 16:37:18,INFO  - ,MEASURE,second,6,,53.31,82.81,NG,1956,748,59,14,10,10,1,0.2,1,1,1,1,3,20,1,8,1,1,30,30,30,30,10,200000,96,200,0,0,0,0,False,False,False,False,UNDER,OVER,
2016/09/19 16:37:18,INFO  - ,MEASURE,second,7,,44.67,83.04,NG,1956,802,64,14,10,10,1,0.2,1,1,1,1,3,20,1,8,1,1,30,30,30,30,10,200000,96,200,0,0,0,0,False,False,False,False,UNDER,OVER,
2016/09/19 16:37:18,INFO  - ,JUDGE,second,10,NG,4,6,4,3,0.72,,
2016/09/19 16:37:53,INFO  - ,MEASURE,second,1,,98.94,0.00,PASS,424,1746,146,132,20,20,1,0.2,1,1,1,1.1,3,20,1,5,1,1,45,45,45,45,100,200000,95,200,1,0,0,0,False,False,False,False,UNDER,OVER,
2016/09/19 16:37:53,INFO  - ,MEASURE,second,2,,98.54,0.00,PASS,119,1103,77,73,20,20,1,0.2,1,1,1,1.1,3,20,1,5,1,1,45,45,45,45,100,200000,95,200,1,0,0,0,False,False,False,False,UNDER,OVER,
2016/09/19 16:37:53,INFO  - ,MEASURE,second,3,,95.98,0.00,PASS,561,597,32,128,20,20,1,0.2,1,1,1,1.1,3,20,1,5,1,1,45,45,45,45,100,200000,95,200,1,0,0,0,False,False,False,False,UNDER,OVER,
2016/09/19 16:37:53,INFO  - ,MEASURE,second,4,,99.47,0.00,PASS,1965,647,68,14,10,10,1,0.2,1,1,1,1,3,20,1,8,1,1,30,30,30,30,10,200000,96,200,1,0,0,0,False,False,False,False,UNDER,OVER,
2016/09/19 16:37:53,INFO  - ,MEASURE,second,5,,73.66,45.03,NG,1951,697,82,14,10,10,1,0.2,1,1,1,1,3,20,1,8,1,1,30,30,30,30,10,200000,96,200,1,0,0,0,False,False,False,False,UNDER,OVER,
2016/09/19 16:37:53,INFO  - ,MEASURE,second,6,,53.53,82.81,NG,1956,748,59,14,10,10,1,0.2,1,1,1,1,3,20,1,8,1,1,30,30,30,30,10,200000,96,200,1,0,0,0,False,False,False,False,UNDER,OVER,
2016/09/19 16:37:53,INFO  - ,MEASURE,second,7,,44.63,83.04,NG,1956,802,64,14,10,10,1,0.2,1,1,1,1,3,20,1,8,1,1,30,30,30,30,10,200000,96,200,1,0,0,0,False,False,False,False,UNDER,OVER,
2016/09/19 16:37:53,INFO  - ,JUDGE,second,11,NG,4,7,4,3,0.73,,
2016/09/19 16:38:03,INFO  - ,MEASURE,second,1,,98.93,0.00,PASS,424,1746,146,132,20,20,1,0.2,1,1,1,1.1,3,20,1,5,1,1,45,45,45,45,100,200000,95,200,1,0,0,0,False,False,False,False,UNDER,OVER,
2016/09/19 16:38:03,INFO  - ,MEASURE,second,2,,98.57,0.00,PASS,119,1103,77,73,20,20,1,0.2,1,1,1,1.1,3,20,1,5,1,1,45,45,45,45,100,200000,95,200,1,0,0,0,False,False,False,False,UNDER,OVER,
2016/09/19 16:38:03,INFO  - ,MEASURE,second,3,,95.95,0.00,PASS,561,597,32,128,20,20,1,0.2,1,1,1,1.1,3,20,1,5,1,1,45,45,45,45,100,200000,95,200,1,0,0,0,False,False,False,False,UNDER,OVER,
2016/09/19 16:38:03,INFO  - ,MEASURE,second,4,,99.40,0.00,PASS,1965,647,68,14,10,10,1,0.2,1,1,1,1,3,20,1,8,1,1,30,30,30,30,10,200000,96,200,1,0,0,0,False,False,False,False,UNDER,OVER,
2016/09/19 16:38:03,INFO  - ,MEASURE,second,5,,73.52,44.34,NG,1951,697,82,14,10,10,1,0.2,1,1,1,1,3,20,1,8,1,1,30,30,30,30,10,200000,96,200,1,0,0,0,False,False,False,False,UNDER,OVER,
2016/09/19 16:38:03,INFO  - ,MEASURE,second,6,,54.24,82.81,NG,1956,748,59,14,10,10,1,0.2,1,1,1,1,3,20,1,8,1,1,30,30,30,30,10,200000,96,200,1,0,0,0,False,False,False,False,UNDER,OVER,
2016/09/19 16:38:03,INFO  - ,MEASURE,second,7,,44.88,83.04,NG,1956,802,64,14,10,10,1,0.2,1,1,1,1,3,20,1,8,1,1,30,30,30,30,10,200000,96,200,1,0,0,0,False,False,False,False,UNDER,OVER,
2016/09/19 16:38:03,INFO  - ,JUDGE,second,12,NG,4,8,4,3,0.71,,
2016/09/19 16:38:12,INFO  - ,MEASURE,second,1,,78.43,32.95,NG,424,1746,146,132,20,20,1,0.2,1,1,1,1.1,3,20,1,5,1,1,45,45,45,45,100,200000,95,200,-116,-758,0,0,False,False,False,False,UNDER,OVER,
2016/09/19 16:38:12,INFO  - ,MEASURE,second,2,,1.87,29.48,NG,119,1103,77,73,20,20,1,0.2,1,1,1,1.1,3,20,1,5,1,1,45,45,45,45,100,200000,95,200,-116,-758,0,0,False,False,False,False,UNDER,OVER,
2016/09/19 16:38:12,INFO  - ,MEASURE,second,3,,79.24,39.67,NG,561,597,32,128,20,20,1,0.2,1,1,1,1.1,3,20,1,5,1,1,45,45,45,45,100,200000,95,200,-116,-758,0,0,False,False,False,False,UNDER,OVER,
2016/09/19 16:38:12,INFO  - ,MEASURE,second,4,,16.53,81.83,NG,1965,647,68,14,10,10,1,0.2,1,1,1,1,3,20,1,8,1,1,30,30,30,30,10,200000,96,200,-116,-758,0,0,False,False,False,False,UNDER,OVER,
2016/09/19 16:38:12,INFO  - ,MEASURE,second,5,,49.50,40.16,NG,1951,697,82,14,10,10,1,0.2,1,1,1,1,3,20,1,8,1,1,30,30,30,30,10,200000,96,200,-116,-758,0,0,False,False,False,False,UNDER,OVER,
2016/09/19 16:38:12,INFO  - ,MEASURE,second,6,,0.00,82.81,NG,1956,748,59,14,10,10,1,0.2,1,1,1,1,3,20,1,8,1,1,30,30,30,30,10,200000,96,200,-116,-758,0,0,False,False,False,False,UNDER,OVER,
2016/09/19 16:38:12,INFO  - ,MEASURE,second,7,,3.56,83.04,NG,1956,802,64,14,10,10,1,0.2,1,1,1,1,3,20,1,8,1,1,30,30,30,30,10,200000,96,200,-116,-758,0,0,False,False,False,False,UNDER,OVER,
2016/09/19 16:38:12,INFO  - ,JUDGE,second,13,NG,4,9,0,7,0.83,,
2016/09/19 16:38:23,INFO  - ,MEASURE,second,1,,98.93,0.00,PASS,424,1746,146,132,20,20,1,0.2,1,1,1,1.1,3,20,1,5,1,1,45,45,45,45,100,200000,95,200,0,0,0,0,False,False,False,False,UNDER,OVER,
2016/09/19 16:38:23,INFO  - ,MEASURE,second,2,,98.56,0.00,PASS,119,1103,77,73,20,20,1,0.2,1,1,1,1.1,3,20,1,5,1,1,45,45,45,45,100,200000,95,200,0,0,0,0,False,False,False,False,UNDER,OVER,
2016/09/19 16:38:23,INFO  - ,MEASURE,second,3,,95.99,0.00,PASS,561,597,32,128,20,20,1,0.2,1,1,1,1.1,3,20,1,5,1,1,45,45,45,45,100,200000,95,200,0,0,0,0,False,False,False,False,UNDER,OVER,
2016/09/19 16:38:23,INFO  - ,MEASURE,second,4,,99.44,0.00,PASS,1965,647,68,14,10,10,1,0.2,1,1,1,1,3,20,1,8,1,1,30,30,30,30,10,200000,96,200,0,0,0,0,False,False,False,False,UNDER,OVER,
2016/09/19 16:38:23,INFO  - ,MEASURE,second,5,,75.51,37.54,NG,1951,697,82,14,10,10,1,0.2,1,1,1,1,3,20,1,8,1,1,30,30,30,30,10,200000,96,200,0,0,0,0,False,False,False,False,UNDER,OVER,
2016/09/19 16:38:23,INFO  - ,MEASURE,second,6,,52.24,82.81,NG,1956,748,59,14,10,10,1,0.2,1,1,1,1,3,20,1,8,1,1,30,30,30,30,10,200000,96,200,0,0,0,0,False,False,False,False,UNDER,OVER,
2016/09/19 16:38:23,INFO  - ,MEASURE,second,7,,44.44,83.04,NG,1956,802,64,14,10,10,1,0.2,1,1,1,1,3,20,1,8,1,1,30,30,30,30,10,200000,96,200,0,0,0,0,False,False,False,False,UNDER,OVER,
2016/09/19 16:38:23,INFO  - ,JUDGE,second,14,NG,4,10,4,3,0.71,,
2016/09/19 16:38:35,INFO  - ,MEASURE,second,1,,99.48,0.00,PASS,424,1746,146,132,20,20,1,0.2,1,1,1,1.1,3,20,1,5,1,1,45,45,45,45,100,200000,95,200,-15,-10,0,0,False,False,False,False,UNDER,OVER,
2016/09/19 16:38:35,INFO  - ,MEASURE,second,2,,99.44,0.00,PASS,119,1103,77,73,20,20,1,0.2,1,1,1,1.1,3,20,1,5,1,1,45,45,45,45,100,200000,95,200,-15,-10,0,0,False,False,False,False,UNDER,OVER,
2016/09/19 16:38:35,INFO  - ,MEASURE,second,3,,99.62,0.00,PASS,561,597,32,128,20,20,1,0.2,1,1,1,1.1,3,20,1,5,1,1,45,45,45,45,100,200000,95,200,-15,-10,0,0,False,False,False,False,UNDER,OVER,
2016/09/19 16:38:35,INFO  - ,MEASURE,second,4,,99.43,0.00,PASS,1965,647,68,14,10,10,1,0.2,1,1,1,1,3,20,1,8,1,1,30,30,30,30,10,200000,96,200,-15,-10,0,0,False,False,False,False,UNDER,OVER,
2016/09/19 16:38:35,INFO  - ,MEASURE,second,5,,99.35,0.00,PASS,1951,697,82,14,10,10,1,0.2,1,1,1,1,3,20,1,8,1,1,30,30,30,30,10,200000,96,200,-15,-10,0,0,False,False,False,False,UNDER,OVER,
2016/09/19 16:38:35,INFO  - ,MEASURE,second,6,,99.60,0.00,PASS,1956,748,59,14,10,10,1,0.2,1,1,1,1,3,20,1,8,1,1,30,30,30,30,10,200000,96,200,-15,-10,0,0,False,False,False,False,UNDER,OVER,
2016/09/19 16:38:35,INFO  - ,MEASURE,second,7,,99.73,0.00,PASS,1956,802,64,14,10,10,1,0.2,1,1,1,1,3,20,1,8,1,1,30,30,30,30,10,200000,96,200,-15,-10,0,0,False,False,False,False,UNDER,OVER,
2016/09/19 16:38:35,INFO  - ,JUDGE,second,15,PASS,5,10,7,0,0.68,,
2016/09/19 16:38:54,INFO  - ,MEASURE,second,1,,98.91,0.00,PASS,424,1746,146,132,20,20,1,0.2,1,1,1,1.1,3,20,1,5,1,1,45,45,45,45,100,200000,95,200,-14,-11,0,0,False,False,False,False,UNDER,OVER,
2016/09/19 16:38:54,INFO  - ,MEASURE,second,2,,98.56,0.00,PASS,119,1103,77,73,20,20,1,0.2,1,1,1,1.1,3,20,1,5,1,1,45,45,45,45,100,200000,95,200,-14,-11,0,0,False,False,False,False,UNDER,OVER,
2016/09/19 16:38:54,INFO  - ,MEASURE,second,3,,96.00,0.00,PASS,561,597,32,128,20,20,1,0.2,1,1,1,1.1,3,20,1,5,1,1,45,45,45,45,100,200000,95,200,-14,-11,0,0,False,False,False,False,UNDER,OVER,
2016/09/19 16:38:54,INFO  - ,MEASURE,second,4,,96.31,9.45,NG,1965,647,68,14,10,10,1,0.2,1,1,1,1,3,20,1,8,1,1,30,30,30,30,10,200000,96,200,-14,-11,0,0,False,False,False,False,UNDER,OVER,
2016/09/19 16:38:54,INFO  - ,MEASURE,second,5,,82.03,13.33,NG,1951,697,82,14,10,10,1,0.2,1,1,1,1,3,20,1,8,1,1,30,30,30,30,10,200000,96,200,-14,-11,0,0,False,False,False,False,UNDER,OVER,
2016/09/19 16:38:54,INFO  - ,MEASURE,second,6,,35.77,82.81,NG,1956,748,59,14,10,10,1,0.2,1,1,1,1,3,20,1,8,1,1,30,30,30,30,10,200000,96,200,-14,-11,0,0,False,False,False,False,UNDER,OVER,
2016/09/19 16:38:54,INFO  - ,MEASURE,second,7,,22.80,83.04,NG,1956,802,64,14,10,10,1,0.2,1,1,1,1,3,20,1,8,1,1,30,30,30,30,10,200000,96,200,-14,-11,0,0,False,False,False,False,UNDER,OVER,
2016/09/19 16:38:54,INFO  - ,JUDGE,second,16,NG,5,11,3,4,0.74,,
2016/09/19 16:39:09,INFO  - ,MEASURE,second,1,,99.50,0.00,PASS,424,1746,146,132,20,20,1,0.2,1,1,1,1.1,3,20,1,5,1,1,45,45,45,45,100,200000,95,200,-16,-10,0,0,False,False,False,False,UNDER,OVER,
2016/09/19 16:39:09,INFO  - ,MEASURE,second,2,,99.41,0.00,PASS,119,1103,77,73,20,20,1,0.2,1,1,1,1.1,3,20,1,5,1,1,45,45,45,45,100,200000,95,200,-16,-10,0,0,False,False,False,False,UNDER,OVER,
2016/09/19 16:39:09,INFO  - ,MEASURE,second,3,,99.63,0.00,PASS,561,597,32,128,20,20,1,0.2,1,1,1,1.1,3,20,1,5,1,1,45,45,45,45,100,200000,95,200,-16,-10,0,0,False,False,False,False,UNDER,OVER,
2016/09/19 16:39:09,INFO  - ,MEASURE,second,4,,99.43,0.00,PASS,1965,647,68,14,10,10,1,0.2,1,1,1,1,3,20,1,8,1,1,30,30,30,30,10,200000,96,200,-16,-10,0,0,False,False,False,False,UNDER,OVER,
2016/09/19 16:39:09,INFO  - ,MEASURE,second,5,,99.29,0.00,PASS,1951,697,82,14,10,10,1,0.2,1,1,1,1,3,20,1,8,1,1,30,30,30,30,10,200000,96,200,-16,-10,0,0,False,False,False,False,UNDER,OVER,
2016/09/19 16:39:09,INFO  - ,MEASURE,second,6,,99.58,0.00,PASS,1956,748,59,14,10,10,1,0.2,1,1,1,1,3,20,1,8,1,1,30,30,30,30,10,200000,96,200,-16,-10,0,0,False,False,False,False,UNDER,OVER,
2016/09/19 16:39:09,INFO  - ,MEASURE,second,7,,99.70,0.00,PASS,1956,802,64,14,10,10,1,0.2,1,1,1,1,3,20,1,8,1,1,30,30,30,30,10,200000,96,200,-16,-10,0,0,False,False,False,False,UNDER,OVER,
2016/09/19 16:39:09,INFO  - ,JUDGE,second,17,PASS,6,11,7,0,0.69,,
2016/09/19 16:39:16,INFO  - ,MEASURE,second,1,,99.49,0.00,PASS,424,1746,146,132,20,20,1,0.2,1,1,1,1.1,3,20,1,5,1,1,45,45,45,45,100,200000,95,200,-16,-10,0,0,False,False,False,False,UNDER,OVER,
2016/09/19 16:39:16,INFO  - ,MEASURE,second,2,,99.40,0.00,PASS,119,1103,77,73,20,20,1,0.2,1,1,1,1.1,3,20,1,5,1,1,45,45,45,45,100,200000,95,200,-16,-10,0,0,False,False,False,False,UNDER,OVER,
2016/09/19 16:39:16,INFO  - ,MEASURE,second,3,,99.62,0.00,PASS,561,597,32,128,20,20,1,0.2,1,1,1,1.1,3,20,1,5,1,1,45,45,45,45,100,200000,95,200,-16,-10,0,0,False,False,False,False,UNDER,OVER,
2016/09/19 16:39:16,INFO  - ,MEASURE,second,4,,99.45,0.00,PASS,1965,647,68,14,10,10,1,0.2,1,1,1,1,3,20,1,8,1,1,30,30,30,30,10,200000,96,200,-16,-10,0,0,False,False,False,False,UNDER,OVER,
2016/09/19 16:39:16,INFO  - ,MEASURE,second,5,,99.27,0.00,PASS,1951,697,82,14,10,10,1,0.2,1,1,1,1,3,20,1,8,1,1,30,30,30,30,10,200000,96,200,-16,-10,0,0,False,False,False,False,UNDER,OVER,
2016/09/19 16:39:16,INFO  - ,MEASURE,second,6,,99.58,0.00,PASS,1956,748,59,14,10,10,1,0.2,1,1,1,1,3,20,1,8,1,1,30,30,30,30,10,200000,96,200,-16,-10,0,0,False,False,False,False,UNDER,OVER,
2016/09/19 16:39:16,INFO  - ,MEASURE,second,7,,99.65,0.00,PASS,1956,802,64,14,10,10,1,0.2,1,1,1,1,3,20,1,8,1,1,30,30,30,30,10,200000,96,200,-16,-10,0,0,False,False,False,False,UNDER,OVER,
2016/09/19 16:39:16,INFO  - ,JUDGE,second,18,PASS,7,11,7,0,0.71,,
2016/09/19 16:39:18,INFO  - ,MEASURE,second,1,,99.49,0.00,PASS,424,1746,146,132,20,20,1,0.2,1,1,1,1.1,3,20,1,5,1,1,45,45,45,45,100,200000,95,200,-16,-10,0,0,False,False,False,False,UNDER,OVER,
2016/09/19 16:39:18,INFO  - ,MEASURE,second,2,,99.40,0.00,PASS,119,1103,77,73,20,20,1,0.2,1,1,1,1.1,3,20,1,5,1,1,45,45,45,45,100,200000,95,200,-16,-10,0,0,False,False,False,False,UNDER,OVER,
2016/09/19 16:39:18,INFO  - ,MEASURE,second,3,,99.63,0.00,PASS,561,597,32,128,20,20,1,0.2,1,1,1,1.1,3,20,1,5,1,1,45,45,45,45,100,200000,95,200,-16,-10,0,0,False,False,False,False,UNDER,OVER,
2016/09/19 16:39:18,INFO  - ,MEASURE,second,4,,99.44,0.00,PASS,1965,647,68,14,10,10,1,0.2,1,1,1,1,3,20,1,8,1,1,30,30,30,30,10,200000,96,200,-16,-10,0,0,False,False,False,False,UNDER,OVER,
2016/09/19 16:39:18,INFO  - ,MEASURE,second,5,,99.27,0.00,PASS,1951,697,82,14,10,10,1,0.2,1,1,1,1,3,20,1,8,1,1,30,30,30,30,10,200000,96,200,-16,-10,0,0,False,False,False,False,UNDER,OVER,
2016/09/19 16:39:18,INFO  - ,MEASURE,second,6,,99.60,0.00,PASS,1956,748,59,14,10,10,1,0.2,1,1,1,1,3,20,1,8,1,1,30,30,30,30,10,200000,96,200,-16,-10,0,0,False,False,False,False,UNDER,OVER,
2016/09/19 16:39:18,INFO  - ,MEASURE,second,7,,99.69,0.00,PASS,1956,802,64,14,10,10,1,0.2,1,1,1,1,3,20,1,8,1,1,30,30,30,30,10,200000,96,200,-16,-10,0,0,False,False,False,False,UNDER,OVER,
2016/09/19 16:39:18,INFO  - ,JUDGE,second,19,PASS,8,11,7,0,0.70,,
2016/09/19 16:39:21,INFO  - ,MEASURE,second,1,,99.49,0.00,PASS,424,1746,146,132,20,20,1,0.2,1,1,1,1.1,3,20,1,5,1,1,45,45,45,45,100,200000,95,200,-16,-10,0,0,False,False,False,False,UNDER,OVER,
2016/09/19 16:39:21,INFO  - ,MEASURE,second,2,,99.40,0.00,PASS,119,1103,77,73,20,20,1,0.2,1,1,1,1.1,3,20,1,5,1,1,45,45,45,45,100,200000,95,200,-16,-10,0,0,False,False,False,False,UNDER,OVER,
2016/09/19 16:39:21,INFO  - ,MEASURE,second,3,,99.64,0.00,PASS,561,597,32,128,20,20,1,0.2,1,1,1,1.1,3,20,1,5,1,1,45,45,45,45,100,200000,95,200,-16,-10,0,0,False,False,False,False,UNDER,OVER,
2016/09/19 16:39:21,INFO  - ,MEASURE,second,4,,99.41,0.00,PASS,1965,647,68,14,10,10,1,0.2,1,1,1,1,3,20,1,8,1,1,30,30,30,30,10,200000,96,200,-16,-10,0,0,False,False,False,False,UNDER,OVER,
2016/09/19 16:39:21,INFO  - ,MEASURE,second,5,,99.23,0.00,PASS,1951,697,82,14,10,10,1,0.2,1,1,1,1,3,20,1,8,1,1,30,30,30,30,10,200000,96,200,-16,-10,0,0,False,False,False,False,UNDER,OVER,
2016/09/19 16:39:21,INFO  - ,MEASURE,second,6,,99.57,0.00,PASS,1956,748,59,14,10,10,1,0.2,1,1,1,1,3,20,1,8,1,1,30,30,30,30,10,200000,96,200,-16,-10,0,0,False,False,False,False,UNDER,OVER,
2016/09/19 16:39:21,INFO  - ,MEASURE,second,7,,99.68,0.00,PASS,1956,802,64,14,10,10,1,0.2,1,1,1,1,3,20,1,8,1,1,30,30,30,30,10,200000,96,200,-16,-10,0,0,False,False,False,False,UNDER,OVER,
2016/09/19 16:39:21,INFO  - ,JUDGE,second,20,PASS,9,11,7,0,0.72,,
2016/09/19 16:44:14,INFO  - ,MEASURE,second,1,,99.58,0.00,PASS,1846,228,68,59,10,10,1,0.2,1,1,1,1,3,20,1,8,1,1,30,30,30,30,10,200000,96,200,0,0,0,0,False,False,False,False,UNDER,OVER,
2016/09/19 16:44:14,INFO  - ,MEASURE,second,2,,99.60,0.00,PASS,1969,620,73,14,10,10,1,0.2,1,1,1,1,3,20,1,8,1,1,30,30,30,30,10,200000,96,200,0,0,0,0,False,False,False,False,UNDER,OVER,
2016/09/19 16:44:14,INFO  - ,MEASURE,second,3,,99.36,0.00,PASS,1947,656,96,14,10,10,1,0.2,1,1,1,1,3,20,1,8,1,1,30,30,30,30,10,200000,96,200,0,0,0,0,False,False,False,False,UNDER,OVER,
2016/09/19 16:44:14,INFO  - ,MEASURE,second,4,,99.71,0.00,PASS,1969,720,55,9,10,10,1,0.2,1,1,1,1,3,20,1,8,1,1,30,30,30,30,10,200000,96,200,0,0,0,0,False,False,False,False,UNDER,OVER,
2016/09/19 16:44:14,INFO  - ,MEASURE,second,5,,99.76,0.00,PASS,2001,766,73,18,10,10,1,0.2,1,1,1,1,3,20,1,8,1,1,30,30,30,30,10,200000,96,200,0,0,0,0,False,False,False,False,UNDER,OVER,
2016/09/19 16:44:14,INFO  - ,MEASURE,second,6,,99.81,0.00,PASS,41,1276,36,64,10,10,1,0.2,1,1,1,1,3,20,1,8,1,1,30,30,30,30,10,200000,96,200,0,0,0,0,False,False,False,False,UNDER,OVER,
2016/09/19 16:44:14,INFO  - ,MEASURE,second,7,,99.84,0.00,PASS,55,287,46,68,10,10,1,0.2,1,1,1,1,3,20,1,8,1,1,30,30,30,30,10,200000,96,200,0,0,0,0,False,False,False,False,UNDER,OVER,
2016/09/19 16:44:14,INFO  - ,MEASURE,second,8,,99.86,0.00,PASS,620,369,9,41,10,10,1,0.2,1,1,1,1,3,20,1,8,1,1,30,30,30,30,10,200000,96,200,0,0,0,0,False,False,False,False,UNDER,OVER,
2016/09/19 16:44:14,INFO  - ,MEASURE,second,9,,99.63,0.00,PASS,561,1254,18,18,10,10,1,0.2,1,1,1,1,3,20,1,8,1,1,30,30,30,30,10,200000,96,200,0,0,0,0,False,False,False,False,UNDER,OVER,
2016/09/19 16:44:14,INFO  - ,MEASURE,second,10,,99.41,0.00,PASS,513,1771,22,52,20,20,1,0.2,1,1,1,1.1,3,20,1,5,1,1,45,45,45,45,100,200000,95,200,0,0,0,0,False,False,False,False,UNDER,OVER,
2016/09/19 16:44:14,INFO  - ,MEASURE,second,11,,99.79,0.00,PASS,1265,1449,135,138,20,20,1,0.2,1,1,1,1.1,3,20,1,5,1,1,45,45,45,45,100,200000,95,200,0,0,0,0,False,False,False,False,UNDER,OVER,
2016/09/19 16:44:14,INFO  - ,JUDGE,second,21,PASS,10,11,11,0,0.71,,
2016/09/19 16:44:29,INFO  - ,MEASURE,second,1,,74.54,76.45,NG,1846,228,68,59,10,10,1,0.2,1,1,1,1,3,20,1,8,1,1,30,30,30,30,10,200000,96,200,-29,-91,0,0,False,False,False,False,UNDER,OVER,
2016/09/19 16:44:29,INFO  - ,MEASURE,second,2,,71.27,60.27,NG,1969,620,73,14,10,10,1,0.2,1,1,1,1,3,20,1,8,1,1,30,30,30,30,10,200000,96,200,-29,-91,0,0,False,False,False,False,UNDER,OVER,
2016/09/19 16:44:29,INFO  - ,MEASURE,second,3,,90.83,0.00,NG,1947,656,96,14,10,10,1,0.2,1,1,1,1,3,20,1,8,1,1,30,30,30,30,10,200000,96,200,-29,-91,0,0,False,False,False,False,UNDER,OVER,
2016/09/19 16:44:29,INFO  - ,MEASURE,second,4,,73.61,71.52,NG,1969,720,55,9,10,10,1,0.2,1,1,1,1,3,20,1,8,1,1,30,30,30,30,10,200000,96,200,-29,-91,0,0,False,False,False,False,UNDER,OVER,
2016/09/19 16:44:29,INFO  - ,MEASURE,second,5,,86.57,64.46,NG,2001,766,73,18,10,10,1,0.2,1,1,1,1,3,20,1,8,1,1,30,30,30,30,10,200000,96,200,-29,-91,0,0,False,False,False,False,UNDER,OVER,
2016/09/19 16:44:29,INFO  - ,MEASURE,second,6,,0.00,90.76,NG,41,1276,36,64,10,10,1,0.2,1,1,1,1,3,20,1,8,1,1,30,30,30,30,10,200000,96,200,-29,-91,0,0,False,False,False,False,UNDER,OVER,
2016/09/19 16:44:29,INFO  - ,MEASURE,second,7,,38.61,90.41,NG,55,287,46,68,10,10,1,0.2,1,1,1,1,3,20,1,8,1,1,30,30,30,30,10,200000,96,200,-29,-91,0,0,False,False,False,False,UNDER,OVER,
2016/09/19 16:44:29,INFO  - ,MEASURE,second,8,,70.31,55.56,NG,620,369,9,41,10,10,1,0.2,1,1,1,1,3,20,1,8,1,1,30,30,30,30,10,200000,96,200,-29,-91,0,0,False,False,False,False,UNDER,OVER,
2016/09/19 16:44:29,INFO  - ,MEASURE,second,9,,73.58,75.00,NG,561,1254,18,18,10,10,1,0.2,1,1,1,1,3,20,1,8,1,1,30,30,30,30,10,200000,96,200,-29,-91,0,0,False,False,False,False,UNDER,OVER,
2016/09/19 16:44:29,INFO  - ,MEASURE,second,10,,93.96,0.00,NG,513,1771,22,52,20,20,1,0.2,1,1,1,1.1,3,20,1,5,1,1,45,45,45,45,100,200000,95,200,-29,-91,0,0,False,False,False,False,UNDER,OVER,
2016/09/19 16:44:29,INFO  - ,MEASURE,second,11,,55.96,53.59,NG,1265,1449,135,138,20,20,1,0.2,1,1,1,1.1,3,20,1,5,1,1,45,45,45,45,100,200000,95,200,-29,-91,0,0,False,False,False,False,UNDER,OVER,
2016/09/19 16:44:29,INFO  - ,JUDGE,second,22,NG,10,12,0,11,0.70,,
2016/09/19 16:45:01,INFO  - ,MEASURE,second,1,,74.60,78.61,NG,1846,228,68,59,10,10,1,0.2,1,1,1,1,3,20,1,8,1,1,30,30,30,30,10,200000,96,200,-30,-89,0,0,False,False,False,False,UNDER,OVER,
2016/09/19 16:45:01,INFO  - ,MEASURE,second,2,,70.23,62.92,NG,1969,620,73,14,10,10,1,0.2,1,1,1,1,3,20,1,8,1,1,30,30,30,30,10,200000,96,200,-30,-89,0,0,False,False,False,False,UNDER,OVER,
2016/09/19 16:45:01,INFO  - ,MEASURE,second,3,,90.61,0.97,NG,1947,656,96,14,10,10,1,0.2,1,1,1,1,3,20,1,8,1,1,30,30,30,30,10,200000,96,200,-30,-89,0,0,False,False,False,False,UNDER,OVER,
2016/09/19 16:45:01,INFO  - ,MEASURE,second,4,,73.73,72.12,NG,1969,720,55,9,10,10,1,0.2,1,1,1,1,3,20,1,8,1,1,30,30,30,30,10,200000,96,200,-30,-89,0,0,False,False,False,False,UNDER,OVER,
2016/09/19 16:45:01,INFO  - ,MEASURE,second,5,,82.39,68.42,NG,2001,766,73,18,10,10,1,0.2,1,1,1,1,3,20,1,8,1,1,30,30,30,30,10,200000,96,200,-30,-89,0,0,False,False,False,False,UNDER,OVER,
2016/09/19 16:45:01,INFO  - ,MEASURE,second,6,,2.56,90.80,NG,41,1276,36,64,10,10,1,0.2,1,1,1,1,3,20,1,8,1,1,30,30,30,30,10,200000,96,200,-30,-89,0,0,False,False,False,False,UNDER,OVER,
2016/09/19 16:45:01,INFO  - ,MEASURE,second,7,,42.85,90.47,NG,55,287,46,68,10,10,1,0.2,1,1,1,1,3,20,1,8,1,1,30,30,30,30,10,200000,96,200,-30,-89,0,0,False,False,False,False,UNDER,OVER,
2016/09/19 16:45:01,INFO  - ,MEASURE,second,8,,71.51,54.47,NG,620,369,9,41,10,10,1,0.2,1,1,1,1,3,20,1,8,1,1,30,30,30,30,10,200000,96,200,-30,-89,0,0,False,False,False,False,UNDER,OVER,
2016/09/19 16:45:01,INFO  - ,MEASURE,second,9,,76.24,77.78,NG,561,1254,18,18,10,10,1,0.2,1,1,1,1,3,20,1,8,1,1,30,30,30,30,10,200000,96,200,-30,-89,0,0,False,False,False,False,UNDER,OVER,
2016/09/19 16:45:01,INFO  - ,MEASURE,second,10,,94.00,0.00,NG,513,1771,22,52,20,20,1,0.2,1,1,1,1.1,3,20,1,5,1,1,45,45,45,45,100,200000,95,200,-30,-89,0,0,False,False,False,False,UNDER,OVER,
2016/09/19 16:45:01,INFO  - ,MEASURE,second,11,,56.14,53.09,NG,1265,1449,135,138,20,20,1,0.2,1,1,1,1.1,3,20,1,5,1,1,45,45,45,45,100,200000,95,200,-30,-89,0,0,False,False,False,False,UNDER,OVER,
2016/09/19 16:45:01,INFO  - ,JUDGE,second,23,NG,10,13,0,11,0.68,,
2016/09/19 16:45:18,INFO  - ,MEASURE,second,1,,99.54,0.00,PASS,1846,228,68,59,10,10,1,0.2,1,1,1,1,3,20,1,8,1,1,30,30,30,30,10,200000,96,200,-1,0,0,0,False,False,False,False,UNDER,OVER,
2016/09/19 16:45:18,INFO  - ,MEASURE,second,2,,99.57,0.00,PASS,1969,620,73,14,10,10,1,0.2,1,1,1,1,3,20,1,8,1,1,30,30,30,30,10,200000,96,200,-1,0,0,0,False,False,False,False,UNDER,OVER,
2016/09/19 16:45:18,INFO  - ,MEASURE,second,3,,99.35,0.00,PASS,1947,656,96,14,10,10,1,0.2,1,1,1,1,3,20,1,8,1,1,30,30,30,30,10,200000,96,200,-1,0,0,0,False,False,False,False,UNDER,OVER,
2016/09/19 16:45:18,INFO  - ,MEASURE,second,4,,99.65,0.00,PASS,1969,720,55,9,10,10,1,0.2,1,1,1,1,3,20,1,8,1,1,30,30,30,30,10,200000,96,200,-1,0,0,0,False,False,False,False,UNDER,OVER,
2016/09/19 16:45:18,INFO  - ,MEASURE,second,5,,99.74,0.00,PASS,2001,766,73,18,10,10,1,0.2,1,1,1,1,3,20,1,8,1,1,30,30,30,30,10,200000,96,200,-1,0,0,0,False,False,False,False,UNDER,OVER,
2016/09/19 16:45:18,INFO  - ,MEASURE,second,6,,99.80,0.00,PASS,41,1276,36,64,10,10,1,0.2,1,1,1,1,3,20,1,8,1,1,30,30,30,30,10,200000,96,200,-1,0,0,0,False,False,False,False,UNDER,OVER,
2016/09/19 16:45:18,INFO  - ,MEASURE,second,7,,99.83,0.00,PASS,55,287,46,68,10,10,1,0.2,1,1,1,1,3,20,1,8,1,1,30,30,30,30,10,200000,96,200,-1,0,0,0,False,False,False,False,UNDER,OVER,
2016/09/19 16:45:18,INFO  - ,MEASURE,second,8,,99.84,0.00,PASS,620,369,9,41,10,10,1,0.2,1,1,1,1,3,20,1,8,1,1,30,30,30,30,10,200000,96,200,-1,0,0,0,False,False,False,False,UNDER,OVER,
2016/09/19 16:45:18,INFO  - ,MEASURE,second,9,,99.62,0.00,PASS,561,1254,18,18,10,10,1,0.2,1,1,1,1,3,20,1,8,1,1,30,30,30,30,10,200000,96,200,-1,0,0,0,False,False,False,False,UNDER,OVER,
2016/09/19 16:45:18,INFO  - ,MEASURE,second,10,,99.44,0.00,PASS,513,1771,22,52,20,20,1,0.2,1,1,1,1.1,3,20,1,5,1,1,45,45,45,45,100,200000,95,200,-1,0,0,0,False,False,False,False,UNDER,OVER,
2016/09/19 16:45:18,INFO  - ,MEASURE,second,11,,99.78,0.00,PASS,1265,1449,135,138,20,20,1,0.2,1,1,1,1.1,3,20,1,5,1,1,45,45,45,45,100,200000,95,200,-1,0,0,0,False,False,False,False,UNDER,OVER,
2016/09/19 16:45:18,INFO  - ,JUDGE,second,24,PASS,11,13,11,0,0.60,,
2016/09/19 16:45:34,INFO  - ,MEASURE,second,1,,74.79,76.82,NG,1846,228,68,59,10,10,1,0.2,1,1,1,1,3,20,1,8,1,1,30,30,30,30,10,200000,96,200,-30,-91,0,0,False,False,False,False,UNDER,OVER,
2016/09/19 16:45:34,INFO  - ,MEASURE,second,2,,70.36,61.15,NG,1969,620,73,14,10,10,1,0.2,1,1,1,1,3,20,1,8,1,1,30,30,30,30,10,200000,96,200,-30,-91,0,0,False,False,False,False,UNDER,OVER,
2016/09/19 16:45:34,INFO  - ,MEASURE,second,3,,90.86,1.04,NG,1947,656,96,14,10,10,1,0.2,1,1,1,1,3,20,1,8,1,1,30,30,30,30,10,200000,96,200,-30,-91,0,0,False,False,False,False,UNDER,OVER,
2016/09/19 16:45:34,INFO  - ,MEASURE,second,4,,73.71,72.32,NG,1969,720,55,9,10,10,1,0.2,1,1,1,1,3,20,1,8,1,1,30,30,30,30,10,200000,96,200,-30,-91,0,0,False,False,False,False,UNDER,OVER,
2016/09/19 16:45:34,INFO  - ,MEASURE,second,5,,85.62,64.76,NG,2001,766,73,18,10,10,1,0.2,1,1,1,1,3,20,1,8,1,1,30,30,30,30,10,200000,96,200,-30,-91,0,0,False,False,False,False,UNDER,OVER,
2016/09/19 16:45:34,INFO  - ,MEASURE,second,6,,0.00,90.71,NG,41,1276,36,64,10,10,1,0.2,1,1,1,1,3,20,1,8,1,1,30,30,30,30,10,200000,96,200,-30,-91,0,0,False,False,False,False,UNDER,OVER,
2016/09/19 16:45:34,INFO  - ,MEASURE,second,7,,34.41,91.21,NG,55,287,46,68,10,10,1,0.2,1,1,1,1,3,20,1,8,1,1,30,30,30,30,10,200000,96,200,-30,-91,0,0,False,False,False,False,UNDER,OVER,
2016/09/19 16:45:34,INFO  - ,MEASURE,second,8,,70.80,57.18,NG,620,369,9,41,10,10,1,0.2,1,1,1,1,3,20,1,8,1,1,30,30,30,30,10,200000,96,200,-30,-91,0,0,False,False,False,False,UNDER,OVER,
2016/09/19 16:45:34,INFO  - ,MEASURE,second,9,,74.45,75.00,NG,561,1254,18,18,10,10,1,0.2,1,1,1,1,3,20,1,8,1,1,30,30,30,30,10,200000,96,200,-30,-91,0,0,False,False,False,False,UNDER,OVER,
2016/09/19 16:45:34,INFO  - ,MEASURE,second,10,,94.00,0.00,NG,513,1771,22,52,20,20,1,0.2,1,1,1,1.1,3,20,1,5,1,1,45,45,45,45,100,200000,95,200,-30,-91,0,0,False,False,False,False,UNDER,OVER,
2016/09/19 16:45:34,INFO  - ,MEASURE,second,11,,55.78,53.72,NG,1265,1449,135,138,20,20,1,0.2,1,1,1,1.1,3,20,1,5,1,1,45,45,45,45,100,200000,95,200,-30,-91,0,0,False,False,False,False,UNDER,OVER,
2016/09/19 16:45:34,INFO  - ,JUDGE,second,25,NG,11,14,0,11,0.72,,
2016/09/19 16:46:03,INFO  - ,MEASURE,second,1,,99.54,0.00,PASS,1846,228,68,59,10,10,1,0.2,1,1,1,1,3,20,1,8,1,1,30,30,30,30,10,200000,96,200,-1,0,0,0,False,False,False,False,UNDER,OVER,
2016/09/19 16:46:03,INFO  - ,MEASURE,second,2,,99.61,0.00,PASS,1969,620,73,14,10,10,1,0.2,1,1,1,1,3,20,1,8,1,1,30,30,30,30,10,200000,96,200,-1,0,0,0,False,False,False,False,UNDER,OVER,
2016/09/19 16:46:03,INFO  - ,MEASURE,second,3,,99.34,0.00,PASS,1947,656,96,14,10,10,1,0.2,1,1,1,1,3,20,1,8,1,1,30,30,30,30,10,200000,96,200,-1,0,0,0,False,False,False,False,UNDER,OVER,
2016/09/19 16:46:03,INFO  - ,MEASURE,second,4,,99.67,0.00,PASS,1969,720,55,9,10,10,1,0.2,1,1,1,1,3,20,1,8,1,1,30,30,30,30,10,200000,96,200,-1,0,0,0,False,False,False,False,UNDER,OVER,
2016/09/19 16:46:03,INFO  - ,MEASURE,second,5,,99.73,0.00,PASS,2001,766,73,18,10,10,1,0.2,1,1,1,1,3,20,1,8,1,1,30,30,30,30,10,200000,96,200,-1,0,0,0,False,False,False,False,UNDER,OVER,
2016/09/19 16:46:03,INFO  - ,MEASURE,second,6,,99.80,0.00,PASS,41,1276,36,64,10,10,1,0.2,1,1,1,1,3,20,1,8,1,1,30,30,30,30,10,200000,96,200,-1,0,0,0,False,False,False,False,UNDER,OVER,
2016/09/19 16:46:03,INFO  - ,MEASURE,second,7,,99.82,0.00,PASS,55,287,46,68,10,10,1,0.2,1,1,1,1,3,20,1,8,1,1,30,30,30,30,10,200000,96,200,-1,0,0,0,False,False,False,False,UNDER,OVER,
2016/09/19 16:46:03,INFO  - ,MEASURE,second,8,,99.83,0.00,PASS,620,369,9,41,10,10,1,0.2,1,1,1,1,3,20,1,8,1,1,30,30,30,30,10,200000,96,200,-1,0,0,0,False,False,False,False,UNDER,OVER,
2016/09/19 16:46:03,INFO  - ,MEASURE,second,9,,99.69,0.00,PASS,561,1254,18,18,10,10,1,0.2,1,1,1,1,3,20,1,8,1,1,30,30,30,30,10,200000,96,200,-1,0,0,0,False,False,False,False,UNDER,OVER,
2016/09/19 16:46:03,INFO  - ,MEASURE,second,10,,99.43,0.00,PASS,513,1771,22,52,20,20,1,0.2,1,1,1,1.1,3,20,1,5,1,1,45,45,45,45,100,200000,95,200,-1,0,0,0,False,False,False,False,UNDER,OVER,
2016/09/19 16:46:03,INFO  - ,MEASURE,second,11,,99.77,0.00,PASS,1265,1449,135,138,20,20,1,0.2,1,1,1,1.1,3,20,1,5,1,1,45,45,45,45,100,200000,95,200,-1,0,0,0,False,False,False,False,UNDER,OVER,
2016/09/19 16:46:03,INFO  - ,JUDGE,second,26,PASS,12,14,11,0,0.61,,
2016/09/19 16:46:41,INFO  - ,MEASURE,second,1,,74.67,76.42,NG,1846,228,68,59,10,10,1,0.2,1,1,1,1,3,20,1,8,1,1,30,30,30,30,10,200000,96,200,-31,-91,0,0,False,False,False,False,UNDER,OVER,
2016/09/19 16:46:41,INFO  - ,MEASURE,second,2,,70.40,60.57,NG,1969,620,73,14,10,10,1,0.2,1,1,1,1,3,20,1,8,1,1,30,30,30,30,10,200000,96,200,-31,-91,0,0,False,False,False,False,UNDER,OVER,
2016/09/19 16:46:41,INFO  - ,MEASURE,second,3,,90.75,0.52,NG,1947,656,96,14,10,10,1,0.2,1,1,1,1,3,20,1,8,1,1,30,30,30,30,10,200000,96,200,-31,-91,0,0,False,False,False,False,UNDER,OVER,
2016/09/19 16:46:41,INFO  - ,MEASURE,second,4,,74.26,72.93,NG,1969,720,55,9,10,10,1,0.2,1,1,1,1,3,20,1,8,1,1,30,30,30,30,10,200000,96,200,-31,-91,0,0,False,False,False,False,UNDER,OVER,
2016/09/19 16:46:41,INFO  - ,MEASURE,second,5,,85.75,64.46,NG,2001,766,73,18,10,10,1,0.2,1,1,1,1,3,20,1,8,1,1,30,30,30,30,10,200000,96,200,-31,-91,0,0,False,False,False,False,UNDER,OVER,
2016/09/19 16:46:41,INFO  - ,MEASURE,second,6,,0.00,90.80,NG,41,1276,36,64,10,10,1,0.2,1,1,1,1,3,20,1,8,1,1,30,30,30,30,10,200000,96,200,-31,-91,0,0,False,False,False,False,UNDER,OVER,
2016/09/19 16:46:41,INFO  - ,MEASURE,second,7,,31.94,91.72,NG,55,287,46,68,10,10,1,0.2,1,1,1,1,3,20,1,8,1,1,30,30,30,30,10,200000,96,200,-31,-91,0,0,False,False,False,False,UNDER,OVER,
2016/09/19 16:46:41,INFO  - ,MEASURE,second,8,,70.88,60.70,NG,620,369,9,41,10,10,1,0.2,1,1,1,1,3,20,1,8,1,1,30,30,30,30,10,200000,96,200,-31,-91,0,0,False,False,False,False,UNDER,OVER,
2016/09/19 16:46:41,INFO  - ,MEASURE,second,9,,75.08,73.15,NG,561,1254,18,18,10,10,1,0.2,1,1,1,1,3,20,1,8,1,1,30,30,30,30,10,200000,96,200,-31,-91,0,0,False,False,False,False,UNDER,OVER,
2016/09/19 16:46:41,INFO  - ,MEASURE,second,10,,94.05,0.00,NG,513,1771,22,52,20,20,1,0.2,1,1,1,1.1,3,20,1,5,1,1,45,45,45,45,100,200000,95,200,-31,-91,0,0,False,False,False,False,UNDER,OVER,
2016/09/19 16:46:41,INFO  - ,MEASURE,second,11,,55.79,53.92,NG,1265,1449,135,138,20,20,1,0.2,1,1,1,1.1,3,20,1,5,1,1,45,45,45,45,100,200000,95,200,-31,-91,0,0,False,False,False,False,UNDER,OVER,
2016/09/19 16:46:41,INFO  - ,JUDGE,second,27,NG,12,15,0,11,0.74,,
2016/09/19 16:50:49,INFO  - ,MEASURE,second,1,,99.55,0.00,PASS,1846,228,68,59,10,10,1,0.2,1,1,1,1,3,20,1,8,1,1,30,30,30,30,10,200000,96,200,-1,0,0,0,False,False,False,False,UNDER,OVER,
2016/09/19 16:50:49,INFO  - ,MEASURE,second,2,,99.61,0.00,PASS,1969,620,73,14,10,10,1,0.2,1,1,1,1,3,20,1,8,1,1,30,30,30,30,10,200000,96,200,-1,0,0,0,False,False,False,False,UNDER,OVER,
2016/09/19 16:50:49,INFO  - ,MEASURE,second,3,,99.30,0.00,PASS,1947,656,96,14,10,10,1,0.2,1,1,1,1,3,20,1,8,1,1,30,30,30,30,10,200000,96,200,-1,0,0,0,False,False,False,False,UNDER,OVER,
2016/09/19 16:50:49,INFO  - ,MEASURE,second,4,,99.68,0.00,PASS,1969,720,55,9,10,10,1,0.2,1,1,1,1,3,20,1,8,1,1,30,30,30,30,10,200000,96,200,-1,0,0,0,False,False,False,False,UNDER,OVER,
2016/09/19 16:50:49,INFO  - ,MEASURE,second,5,,99.74,0.00,PASS,2001,766,73,18,10,10,1,0.2,1,1,1,1,3,20,1,8,1,1,30,30,30,30,10,200000,96,200,-1,0,0,0,False,False,False,False,UNDER,OVER,
2016/09/19 16:50:49,INFO  - ,MEASURE,second,6,,99.78,0.00,PASS,41,1276,36,64,10,10,1,0.2,1,1,1,1,3,20,1,8,1,1,30,30,30,30,10,200000,96,200,-1,0,0,0,False,False,False,False,UNDER,OVER,
2016/09/19 16:50:49,INFO  - ,MEASURE,second,7,,99.82,0.00,PASS,55,287,46,68,10,10,1,0.2,1,1,1,1,3,20,1,8,1,1,30,30,30,30,10,200000,96,200,-1,0,0,0,False,False,False,False,UNDER,OVER,
2016/09/19 16:50:49,INFO  - ,MEASURE,second,8,,99.87,0.00,PASS,620,369,9,41,10,10,1,0.2,1,1,1,1,3,20,1,8,1,1,30,30,30,30,10,200000,96,200,-1,0,0,0,False,False,False,False,UNDER,OVER,
2016/09/19 16:50:49,INFO  - ,MEASURE,second,9,,99.67,0.00,PASS,561,1254,18,18,10,10,1,0.2,1,1,1,1,3,20,1,8,1,1,30,30,30,30,10,200000,96,200,-1,0,0,0,False,False,False,False,UNDER,OVER,
2016/09/19 16:50:49,INFO  - ,MEASURE,second,10,,99.35,0.00,PASS,513,1771,22,52,20,20,1,0.2,1,1,1,1.1,3,20,1,5,1,1,45,45,45,45,100,200000,95,200,-1,0,0,0,False,False,False,False,UNDER,OVER,
2016/09/19 16:50:49,INFO  - ,MEASURE,second,11,,99.78,0.00,PASS,1265,1449,135,138,20,20,1,0.2,1,1,1,1.1,3,20,1,5,1,1,45,45,45,45,100,200000,95,200,-1,0,0,0,False,False,False,False,UNDER,OVER,
2016/09/19 16:50:49,INFO  - ,JUDGE,second,28,PASS,13,15,11,0,0.59,,
2016/09/19 16:51:32,INFO  - ,MEASURE,second,1,,99.59,0.00,PASS,1846,228,68,59,10,10,1,0.2,1,1,1,1,3,20,1,8,1,1,30,30,30,30,10,200000,96,200,-2,0,0,0,False,False,False,False,UNDER,OVER,
2016/09/19 16:51:32,INFO  - ,MEASURE,second,2,,99.64,0.00,PASS,1969,620,73,14,10,10,1,0.2,1,1,1,1,3,20,1,8,1,1,30,30,30,30,10,200000,96,200,-2,0,0,0,False,False,False,False,UNDER,OVER,
2016/09/19 16:51:32,INFO  - ,MEASURE,second,3,,99.36,0.00,PASS,1947,656,96,14,10,10,1,0.2,1,1,1,1,3,20,1,8,1,1,30,30,30,30,10,200000,96,200,-2,0,0,0,False,False,False,False,UNDER,OVER,
2016/09/19 16:51:32,INFO  - ,MEASURE,second,4,,99.70,0.00,PASS,1969,720,55,9,10,10,1,0.2,1,1,1,1,3,20,1,8,1,1,30,30,30,30,10,200000,96,200,-2,0,0,0,False,False,False,False,UNDER,OVER,
2016/09/19 16:51:32,INFO  - ,MEASURE,second,5,,99.71,0.00,PASS,2001,766,73,18,10,10,1,0.2,1,1,1,1,3,20,1,8,1,1,30,30,30,30,10,200000,96,200,-2,0,0,0,False,False,False,False,UNDER,OVER,
2016/09/19 16:51:32,INFO  - ,MEASURE,second,6,,99.80,0.00,PASS,41,1276,36,64,10,10,1,0.2,1,1,1,1,3,20,1,8,1,1,30,30,30,30,10,200000,96,200,-2,0,0,0,False,False,False,False,UNDER,OVER,
2016/09/19 16:51:32,INFO  - ,MEASURE,second,7,,99.82,0.00,PASS,55,287,46,68,10,10,1,0.2,1,1,1,1,3,20,1,8,1,1,30,30,30,30,10,200000,96,200,-2,0,0,0,False,False,False,False,UNDER,OVER,
2016/09/19 16:51:32,INFO  - ,MEASURE,second,8,,99.89,0.00,PASS,620,369,9,41,10,10,1,0.2,1,1,1,1,3,20,1,8,1,1,30,30,30,30,10,200000,96,200,-2,0,0,0,False,False,False,False,UNDER,OVER,
2016/09/19 16:51:32,INFO  - ,MEASURE,second,9,,99.59,0.00,PASS,561,1254,18,18,10,10,1,0.2,1,1,1,1,3,20,1,8,1,1,30,30,30,30,10,200000,96,200,-2,0,0,0,False,False,False,False,UNDER,OVER,
2016/09/19 16:51:32,INFO  - ,MEASURE,second,10,,99.38,0.00,PASS,513,1771,22,52,20,20,1,0.2,1,1,1,1.1,3,20,1,5,1,1,45,45,45,45,100,200000,95,200,-2,0,0,0,False,False,False,False,UNDER,OVER,
2016/09/19 16:51:32,INFO  - ,MEASURE,second,11,,99.78,0.00,PASS,1265,1449,135,138,20,20,1,0.2,1,1,1,1.1,3,20,1,5,1,1,45,45,45,45,100,200000,95,200,-2,0,0,0,False,False,False,False,UNDER,OVER,
2016/09/19 16:51:32,INFO  - ,JUDGE,second,29,PASS,14,15,11,0,0.62,,
2016/09/19 16:52:00,INFO  - ,MEASURE,second,1,Led,99.56,0.00,PASS,1846,228,68,59,10,10,1,0.2,1,1,1,1,3,20,1,8,1,1,30,30,30,30,10,200000,96,200,-1,0,0,0,False,False,False,False,UNDER,OVER,
2016/09/19 16:52:00,INFO  - ,MEASURE,second,2,,99.57,0.00,PASS,1969,620,73,14,10,10,1,0.2,1,1,1,1,3,20,1,8,1,1,30,30,30,30,10,200000,96,200,-1,0,0,0,False,False,False,False,UNDER,OVER,
2016/09/19 16:52:00,INFO  - ,MEASURE,second,3,,99.32,0.00,PASS,1947,656,96,14,10,10,1,0.2,1,1,1,1,3,20,1,8,1,1,30,30,30,30,10,200000,96,200,-1,0,0,0,False,False,False,False,UNDER,OVER,
2016/09/19 16:52:00,INFO  - ,MEASURE,second,4,,99.69,0.00,PASS,1969,720,55,9,10,10,1,0.2,1,1,1,1,3,20,1,8,1,1,30,30,30,30,10,200000,96,200,-1,0,0,0,False,False,False,False,UNDER,OVER,
2016/09/19 16:52:00,INFO  - ,MEASURE,second,5,,99.73,0.00,PASS,2001,766,73,18,10,10,1,0.2,1,1,1,1,3,20,1,8,1,1,30,30,30,30,10,200000,96,200,-1,0,0,0,False,False,False,False,UNDER,OVER,
2016/09/19 16:52:00,INFO  - ,MEASURE,second,6,,99.80,0.00,PASS,41,1276,36,64,10,10,1,0.2,1,1,1,1,3,20,1,8,1,1,30,30,30,30,10,200000,96,200,-1,0,0,0,False,False,False,False,UNDER,OVER,
2016/09/19 16:52:00,INFO  - ,MEASURE,second,7,,99.82,0.00,PASS,55,287,46,68,10,10,1,0.2,1,1,1,1,3,20,1,8,1,1,30,30,30,30,10,200000,96,200,-1,0,0,0,False,False,False,False,UNDER,OVER,
2016/09/19 16:52:00,INFO  - ,MEASURE,second,8,,99.88,0.00,PASS,620,369,9,41,10,10,1,0.2,1,1,1,1,3,20,1,8,1,1,30,30,30,30,10,200000,96,200,-1,0,0,0,False,False,False,False,UNDER,OVER,
2016/09/19 16:52:00,INFO  - ,MEASURE,second,9,,99.55,0.00,PASS,561,1254,18,18,10,10,1,0.2,1,1,1,1,3,20,1,8,1,1,30,30,30,30,10,200000,96,200,-1,0,0,0,False,False,False,False,UNDER,OVER,
2016/09/19 16:52:00,INFO  - ,MEASURE,second,10,,99.36,0.00,PASS,513,1771,22,52,20,20,1,0.2,1,1,1,1.1,3,20,1,5,1,1,45,45,45,45,100,200000,95,200,-1,0,0,0,False,False,False,False,UNDER,OVER,
2016/09/19 16:52:00,INFO  - ,MEASURE,second,11,,99.79,0.00,PASS,1265,1449,135,138,20,20,1,0.2,1,1,1,1.1,3,20,1,5,1,1,45,45,45,45,100,200000,95,200,-1,0,0,0,False,False,False,False,UNDER,OVER,
2016/09/19 16:52:00,INFO  - ,JUDGE,second,30,PASS,15,15,11,0,0.63,,
2016/09/19 16:53:58,INFO  - ,MEASURE,second,1,Led,99.61,0.00,PASS,1846,228,68,59,10,10,1,0.2,1,1,1,1,3,20,1,8,1,1,30,30,30,30,10,200000,96,200,-1,0,0,0,False,False,False,False,UNDER,OVER,
2016/09/19 16:53:58,INFO  - ,MEASURE,second,2,red wire,99.55,0.00,PASS,1969,620,73,14,10,10,1,0.2,1,1,1,1,3,20,1,8,1,1,30,30,30,30,10,200000,96,200,-1,0,0,0,False,False,False,False,UNDER,OVER,
2016/09/19 16:53:58,INFO  - ,MEASURE,second,3,green wire,99.35,0.00,PASS,1947,656,96,14,10,10,1,0.2,1,1,1,1,3,20,1,8,1,1,30,30,30,30,10,200000,96,200,-1,0,0,0,False,False,False,False,UNDER,OVER,
2016/09/19 16:53:58,INFO  - ,MEASURE,second,4,yellow wire,99.61,0.00,PASS,1969,720,55,9,10,10,1,0.2,1,1,1,1,3,20,1,8,1,1,30,30,30,30,10,200000,96,200,-1,0,0,0,False,False,False,False,UNDER,OVER,
2016/09/19 16:53:58,INFO  - ,MEASURE,second,5,wihite wire,99.75,0.00,PASS,2001,766,73,18,10,10,1,0.2,1,1,1,1,3,20,1,8,1,1,30,30,30,30,10,200000,96,200,-1,0,0,0,False,False,False,False,UNDER,OVER,
2016/09/19 16:53:58,INFO  - ,MEASURE,second,6,,99.79,0.00,PASS,41,1276,36,64,10,10,1,0.2,1,1,1,1,3,20,1,8,1,1,30,30,30,30,10,200000,96,200,-1,0,0,0,False,False,False,False,UNDER,OVER,
2016/09/19 16:53:58,INFO  - ,MEASURE,second,7,,99.82,0.00,PASS,55,287,46,68,10,10,1,0.2,1,1,1,1,3,20,1,8,1,1,30,30,30,30,10,200000,96,200,-1,0,0,0,False,False,False,False,UNDER,OVER,
2016/09/19 16:53:58,INFO  - ,MEASURE,second,8,,99.87,0.00,PASS,620,369,9,41,10,10,1,0.2,1,1,1,1,3,20,1,8,1,1,30,30,30,30,10,200000,96,200,-1,0,0,0,False,False,False,False,UNDER,OVER,
2016/09/19 16:53:58,INFO  - ,MEASURE,second,9,,99.58,0.00,PASS,561,1254,18,18,10,10,1,0.2,1,1,1,1,3,20,1,8,1,1,30,30,30,30,10,200000,96,200,-1,0,0,0,False,False,False,False,UNDER,OVER,
2016/09/19 16:53:58,INFO  - ,MEASURE,second,10,,99.45,0.00,PASS,513,1771,22,52,20,20,1,0.2,1,1,1,1.1,3,20,1,5,1,1,45,45,45,45,100,200000,95,200,-1,0,0,0,False,False,False,False,UNDER,OVER,
2016/09/19 16:53:58,INFO  - ,MEASURE,second,11,,99.78,0.00,PASS,1265,1449,135,138,20,20,1,0.2,1,1,1,1.1,3,20,1,5,1,1,45,45,45,45,100,200000,95,200,-1,0,0,0,False,False,False,False,UNDER,OVER,
2016/09/19 16:53:58,INFO  - ,JUDGE,second,31,PASS,16,15,11,0,0.61,,
2016/09/19 16:55:28,INFO  - ,MEASURE,second,1,Led,99.59,0.00,PASS,1846,228,68,59,10,10,1,0.2,1,1,1,1,3,20,1,8,1,1,30,30,30,30,10,200000,96,200,-1,0,0,0,False,False,False,False,UNDER,OVER,
2016/09/19 16:55:28,INFO  - ,MEASURE,second,2,red wire,99.56,0.00,PASS,1969,620,73,14,10,10,1,0.2,1,1,1,1,3,20,1,8,1,1,30,30,30,30,10,200000,96,200,-1,0,0,0,False,False,False,False,UNDER,OVER,
2016/09/19 16:55:28,INFO  - ,MEASURE,second,3,green wire,99.37,0.00,PASS,1947,656,96,14,10,10,1,0.2,1,1,1,1,3,20,1,8,1,1,30,30,30,30,10,200000,96,200,-1,0,0,0,False,False,False,False,UNDER,OVER,
2016/09/19 16:55:28,INFO  - ,MEASURE,second,4,yellow wire,99.71,0.00,PASS,1969,720,55,9,10,10,1,0.2,1,1,1,1,3,20,1,8,1,1,30,30,30,30,10,200000,96,200,-1,0,0,0,False,False,False,False,UNDER,OVER,
2016/09/19 16:55:28,INFO  - ,MEASURE,second,5,wihite wire,99.74,0.00,PASS,2001,766,73,18,10,10,1,0.2,1,1,1,1,3,20,1,8,1,1,30,30,30,30,10,200000,96,200,-1,0,0,0,False,False,False,False,UNDER,OVER,
2016/09/19 16:55:28,INFO  - ,MEASURE,second,6,polar 1,99.81,0.00,PASS,41,1276,36,64,10,10,1,0.2,1,1,1,1,3,20,1,8,1,1,30,30,30,30,10,200000,96,200,-1,0,0,0,False,False,False,False,UNDER,OVER,
2016/09/19 16:55:28,INFO  - ,MEASURE,second,7,polar2,99.82,0.00,PASS,55,287,46,68,10,10,1,0.2,1,1,1,1,3,20,1,8,1,1,30,30,30,30,10,200000,96,200,-1,0,0,0,False,False,False,False,UNDER,OVER,
2016/09/19 16:55:28,INFO  - ,MEASURE,second,8,cap1,99.88,0.00,PASS,620,369,9,41,10,10,1,0.2,1,1,1,1,3,20,1,8,1,1,30,30,30,30,10,200000,96,200,-1,0,0,0,False,False,False,False,UNDER,OVER,
2016/09/19 16:55:28,INFO  - ,MEASURE,second,9,cap2,99.63,0.00,PASS,561,1254,18,18,10,10,1,0.2,1,1,1,1,3,20,1,8,1,1,30,30,30,30,10,200000,96,200,-1,0,0,0,False,False,False,False,UNDER,OVER,
2016/09/19 16:55:28,INFO  - ,MEASURE,second,10,,99.43,0.00,PASS,513,1771,22,52,20,20,1,0.2,1,1,1,1.1,3,20,1,5,1,1,45,45,45,45,100,200000,95,200,-1,0,0,0,False,False,False,False,UNDER,OVER,
2016/09/19 16:55:28,INFO  - ,MEASURE,second,11,botton1,99.79,0.00,PASS,1265,1449,135,138,20,20,1,0.2,1,1,1,1.1,3,20,1,5,1,1,45,45,45,45,100,200000,95,200,-1,0,0,0,False,False,False,False,UNDER,OVER,
2016/09/19 16:55:29,INFO  - ,JUDGE,second,32,PASS,17,15,11,0,0.59,,
2016/09/19 16:55:40,INFO  - ,MEASURE,second,1,Led,74.54,75.55,NG,1846,228,68,59,10,10,1,0.2,1,1,1,1,3,20,1,8,1,1,30,30,30,30,10,200000,96,200,-30,-91,0,0,False,False,False,False,UNDER,OVER,
2016/09/19 16:55:40,INFO  - ,MEASURE,second,2,red wire,69.62,62.62,NG,1969,620,73,14,10,10,1,0.2,1,1,1,1,3,20,1,8,1,1,30,30,30,30,10,200000,96,200,-30,-91,0,0,False,False,False,False,UNDER,OVER,
2016/09/19 16:55:40,INFO  - ,MEASURE,second,3,green wire,90.97,1.79,NG,1947,656,96,14,10,10,1,0.2,1,1,1,1,3,20,1,8,1,1,30,30,30,30,10,200000,96,200,-30,-91,0,0,False,False,False,False,UNDER,OVER,
2016/09/19 16:55:40,INFO  - ,MEASURE,second,4,yellow wire,73.51,73.13,NG,1969,720,55,9,10,10,1,0.2,1,1,1,1,3,20,1,8,1,1,30,30,30,30,10,200000,96,200,-30,-91,0,0,False,False,False,False,UNDER,OVER,
2016/09/19 16:55:40,INFO  - ,MEASURE,second,5,wihite wire,85.35,64.54,NG,2001,766,73,18,10,10,1,0.2,1,1,1,1,3,20,1,8,1,1,30,30,30,30,10,200000,96,200,-30,-91,0,0,False,False,False,False,UNDER,OVER,
2016/09/19 16:55:40,INFO  - ,MEASURE,second,6,polar 1,0.00,90.76,NG,41,1276,36,64,10,10,1,0.2,1,1,1,1,3,20,1,8,1,1,30,30,30,30,10,200000,96,200,-30,-91,0,0,False,False,False,False,UNDER,OVER,
2016/09/19 16:55:40,INFO  - ,MEASURE,second,7,polar2,34.63,91.02,NG,55,287,46,68,10,10,1,0.2,1,1,1,1,3,20,1,8,1,1,30,30,30,30,10,200000,96,200,-30,-91,0,0,False,False,False,False,UNDER,OVER,
2016/09/19 16:55:40,INFO  - ,MEASURE,second,8,cap1,70.74,66.67,NG,620,369,9,41,10,10,1,0.2,1,1,1,1,3,20,1,8,1,1,30,30,30,30,10,200000,96,200,-30,-91,0,0,False,False,False,False,UNDER,OVER,
2016/09/19 16:55:40,INFO  - ,MEASURE,second,9,cap2,74.78,71.60,NG,561,1254,18,18,10,10,1,0.2,1,1,1,1,3,20,1,8,1,1,30,30,30,30,10,200000,96,200,-30,-91,0,0,False,False,False,False,UNDER,OVER,
2016/09/19 16:55:40,INFO  - ,MEASURE,second,10,,94.09,0.00,NG,513,1771,22,52,20,20,1,0.2,1,1,1,1.1,3,20,1,5,1,1,45,45,45,45,100,200000,95,200,-30,-91,0,0,False,False,False,False,UNDER,OVER,
2016/09/19 16:55:40,INFO  - ,MEASURE,second,11,botton1,55.83,53.15,NG,1265,1449,135,138,20,20,1,0.2,1,1,1,1.1,3,20,1,5,1,1,45,45,45,45,100,200000,95,200,-30,-91,0,0,False,False,False,False,UNDER,OVER,
2016/09/19 16:55:40,INFO  - ,JUDGE,second,33,NG,17,16,0,11,0.73,,
2016/09/19 16:56:34,INFO  - ,MEASURE,second,1,Led,99.57,0.00,PASS,1846,228,68,59,10,10,1,0.2,1,1,1,1,3,20,1,8,1,1,30,30,30,30,10,200000,96,200,-1,0,0,0,False,False,False,False,UNDER,OVER,
2016/09/19 16:56:34,INFO  - ,MEASURE,second,2,red wire,99.58,0.00,PASS,1969,620,73,14,10,10,1,0.2,1,1,1,1,3,20,1,8,1,1,30,30,30,30,10,200000,96,200,-1,0,0,0,False,False,False,False,UNDER,OVER,
2016/09/19 16:56:34,INFO  - ,MEASURE,second,3,green wire,99.34,0.00,PASS,1947,656,96,14,10,10,1,0.2,1,1,1,1,3,20,1,8,1,1,30,30,30,30,10,200000,96,200,-1,0,0,0,False,False,False,False,UNDER,OVER,
2016/09/19 16:56:34,INFO  - ,MEASURE,second,4,yellow wire,99.66,0.00,PASS,1969,720,55,9,10,10,1,0.2,1,1,1,1,3,20,1,8,1,1,30,30,30,30,10,200000,96,200,-1,0,0,0,False,False,False,False,UNDER,OVER,
2016/09/19 16:56:34,INFO  - ,MEASURE,second,5,wihite wire,99.74,0.00,PASS,2001,766,73,18,10,10,1,0.2,1,1,1,1,3,20,1,8,1,1,30,30,30,30,10,200000,96,200,-1,0,0,0,False,False,False,False,UNDER,OVER,
2016/09/19 16:56:34,INFO  - ,MEASURE,second,6,polar 1,99.80,0.00,PASS,41,1276,36,64,10,10,1,0.2,1,1,1,1,3,20,1,8,1,1,30,30,30,30,10,200000,96,200,-1,0,0,0,False,False,False,False,UNDER,OVER,
2016/09/19 16:56:34,INFO  - ,MEASURE,second,7,polar2,99.82,0.00,PASS,55,287,46,68,10,10,1,0.2,1,1,1,1,3,20,1,8,1,1,30,30,30,30,10,200000,96,200,-1,0,0,0,False,False,False,False,UNDER,OVER,
2016/09/19 16:56:34,INFO  - ,MEASURE,second,8,cap1,99.88,0.00,PASS,620,369,9,41,10,10,1,0.2,1,1,1,1,3,20,1,8,1,1,30,30,30,30,10,200000,96,200,-1,0,0,0,False,False,False,False,UNDER,OVER,
2016/09/19 16:56:34,INFO  - ,MEASURE,second,9,cap2,99.66,0.00,PASS,561,1254,18,18,10,10,1,0.2,1,1,1,1,3,20,1,8,1,1,30,30,30,30,10,200000,96,200,-1,0,0,0,False,False,False,False,UNDER,OVER,
2016/09/19 16:56:34,INFO  - ,MEASURE,second,10,,99.42,0.00,PASS,513,1771,22,52,20,20,1,0.2,1,1,1,1.1,3,20,1,5,1,1,45,45,45,45,100,200000,95,200,-1,0,0,0,False,False,False,False,UNDER,OVER,
2016/09/19 16:56:34,INFO  - ,MEASURE,second,11,botton1,99.79,0.00,PASS,1265,1449,135,138,20,20,1,0.2,1,1,1,1.1,3,20,1,5,1,1,45,45,45,45,100,200000,95,200,-1,0,0,0,False,False,False,False,UNDER,OVER,
2016/09/19 16:56:34,INFO  - ,JUDGE,second,34,PASS,18,16,11,0,0.62,,
2016/09/19 16:58:42,INFO  - ,MEASURE,second,1,Led,99.54,0.00,PASS,1846,228,68,59,10,10,1,0.2,1,1,1,1,3,20,1,8,1,1,30,30,30,30,10,200000,96,200,-1,0,0,0,False,False,False,False,UNDER,OVER,
2016/09/19 16:58:42,INFO  - ,MEASURE,second,2,red wire,99.58,0.00,PASS,1969,620,73,14,10,10,1,0.2,1,1,1,1,3,20,1,8,1,1,30,30,30,30,10,200000,96,200,-1,0,0,0,False,False,False,False,UNDER,OVER,
2016/09/19 16:58:42,INFO  - ,MEASURE,second,3,green wire,99.35,0.00,PASS,1947,656,96,14,10,10,1,0.2,1,1,1,1,3,20,1,8,1,1,30,30,30,30,10,200000,96,200,-1,0,0,0,False,False,False,False,UNDER,OVER,
2016/09/19 16:58:42,INFO  - ,MEASURE,second,4,yellow wire,99.70,0.00,PASS,1969,720,55,9,10,10,1,0.2,1,1,1,1,3,20,1,8,1,1,30,30,30,30,10,200000,96,200,-1,0,0,0,False,False,False,False,UNDER,OVER,
2016/09/19 16:58:42,INFO  - ,MEASURE,second,5,wihite wire,99.75,0.00,PASS,2001,766,73,18,10,10,1,0.2,1,1,1,1,3,20,1,8,1,1,30,30,30,30,10,200000,96,200,-1,0,0,0,False,False,False,False,UNDER,OVER,
2016/09/19 16:58:42,INFO  - ,MEASURE,second,6,polar 1,99.78,0.00,PASS,41,1276,36,64,10,10,1,0.2,1,1,1,1,3,20,1,8,1,1,30,30,30,30,10,200000,96,200,-1,0,0,0,False,False,False,False,UNDER,OVER,
2016/09/19 16:58:42,INFO  - ,MEASURE,second,7,polar2,99.83,0.00,PASS,55,287,46,68,10,10,1,0.2,1,1,1,1,3,20,1,8,1,1,30,30,30,30,10,200000,96,200,-1,0,0,0,False,False,False,False,UNDER,OVER,
2016/09/19 16:58:42,INFO  - ,MEASURE,second,8,cap1,99.84,0.00,PASS,620,369,9,41,10,10,1,0.2,1,1,1,1,3,20,1,8,1,1,30,30,30,30,10,200000,96,200,-1,0,0,0,False,False,False,False,UNDER,OVER,
2016/09/19 16:58:42,INFO  - ,MEASURE,second,9,cap2,99.55,0.00,PASS,561,1254,18,18,10,10,1,0.2,1,1,1,1,3,20,1,8,1,1,30,30,30,30,10,200000,96,200,-1,0,0,0,False,False,False,False,UNDER,OVER,
2016/09/19 16:58:42,INFO  - ,MEASURE,second,10,,99.38,0.00,PASS,513,1771,22,52,20,20,1,0.2,1,1,1,1.1,3,20,1,5,1,1,45,45,45,45,100,200000,95,200,-1,0,0,0,False,False,False,False,UNDER,OVER,
2016/09/19 16:58:42,INFO  - ,MEASURE,second,11,botton1,99.77,0.00,PASS,1265,1449,135,138,20,20,1,0.2,1,1,1,1.1,3,20,1,5,1,1,45,45,45,45,100,200000,95,200,-1,0,0,0,False,False,False,False,UNDER,OVER,
2016/09/19 16:58:42,INFO  - ,JUDGE,second,35,PASS,19,16,11,0,0.61,,
2016/09/19 17:00:18,INFO  - ,MEASURE,second,1,Led,99.58,0.00,PASS,1846,228,68,59,10,10,1,0.2,1,1,1,1,3,20,1,8,1,1,30,30,30,30,10,200000,96,200,-1,0,0,0,False,False,False,False,UNDER,OVER,
2016/09/19 17:00:18,INFO  - ,MEASURE,second,2,red wire,99.58,0.00,PASS,1969,620,73,14,10,10,1,0.2,1,1,1,1,3,20,1,8,1,1,30,30,30,30,10,200000,96,200,-1,0,0,0,False,False,False,False,UNDER,OVER,
2016/09/19 17:00:18,INFO  - ,MEASURE,second,3,green wire,99.34,0.00,PASS,1947,656,96,14,10,10,1,0.2,1,1,1,1,3,20,1,8,1,1,30,30,30,30,10,200000,96,200,-1,0,0,0,False,False,False,False,UNDER,OVER,
2016/09/19 17:00:18,INFO  - ,MEASURE,second,4,yellow wire,99.69,0.00,PASS,1969,720,55,9,10,10,1,0.2,1,1,1,1,3,20,1,8,1,1,30,30,30,30,10,200000,96,200,-1,0,0,0,False,False,False,False,UNDER,OVER,
2016/09/19 17:00:18,INFO  - ,MEASURE,second,5,wihite wire,99.75,0.00,PASS,2001,766,73,18,10,10,1,0.2,1,1,1,1,3,20,1,8,1,1,30,30,30,30,10,200000,96,200,-1,0,0,0,False,False,False,False,UNDER,OVER,
2016/09/19 17:00:18,INFO  - ,MEASURE,second,6,polar 1,99.80,0.00,PASS,41,1276,36,64,10,10,1,0.2,1,1,1,1,3,20,1,8,1,1,30,30,30,30,10,200000,96,200,-1,0,0,0,False,False,False,False,UNDER,OVER,
2016/09/19 17:00:18,INFO  - ,MEASURE,second,7,polar2,99.82,0.00,PASS,55,287,46,68,10,10,1,0.2,1,1,1,1,3,20,1,8,1,1,30,30,30,30,10,200000,96,200,-1,0,0,0,False,False,False,False,UNDER,OVER,
2016/09/19 17:00:18,INFO  - ,MEASURE,second,8,cap1,99.80,0.00,PASS,620,369,9,41,10,10,1,0.2,1,1,1,1,3,20,1,8,1,1,30,30,30,30,10,200000,96,200,-1,0,0,0,False,False,False,False,UNDER,OVER,
2016/09/19 17:00:18,INFO  - ,MEASURE,second,9,cap2,99.54,0.00,PASS,561,1254,18,18,10,10,1,0.2,1,1,1,1,3,20,1,8,1,1,30,30,30,30,10,200000,96,200,-1,0,0,0,False,False,False,False,UNDER,OVER,
2016/09/19 17:00:18,INFO  - ,MEASURE,second,10,,99.41,0.00,PASS,513,1771,22,52,20,20,1,0.2,1,1,1,1.1,3,20,1,5,1,1,45,45,45,45,100,200000,95,200,-1,0,0,0,False,False,False,False,UNDER,OVER,
2016/09/19 17:00:18,INFO  - ,MEASURE,second,11,botton1,99.79,0.00,PASS,1265,1449,135,138,20,20,1,0.2,1,1,1,1.1,3,20,1,5,1,1,45,45,45,45,100,200000,95,200,-1,0,0,0,False,False,False,False,UNDER,OVER,
2016/09/19 17:00:18,INFO  - ,MEASURE,second,12,Led,98.60,0.00,PASS,1126,109,23,27,20,20,1,0.2,1,1,1,1.1,3,20,1,5,1,1,45,45,45,45,100,200000,95,200,-1,0,0,0,False,False,False,False,UNDER,OVER,
2016/09/19 17:00:18,INFO  - ,JUDGE,second,36,PASS,20,16,12,0,0.58,,
2016/09/19 17:00:35,INFO  - ,MEASURE,second,1,Led,74.61,76.69,NG,1846,228,68,59,10,10,1,0.2,1,1,1,1,3,20,1,8,1,1,30,30,30,30,10,200000,96,200,-31,-90,0,0,False,False,False,False,UNDER,OVER,
2016/09/19 17:00:35,INFO  - ,MEASURE,second,2,red wire,69.91,62.33,NG,1969,620,73,14,10,10,1,0.2,1,1,1,1,3,20,1,8,1,1,30,30,30,30,10,200000,96,200,-31,-90,0,0,False,False,False,False,UNDER,OVER,
2016/09/19 17:00:35,INFO  - ,MEASURE,second,3,green wire,90.70,2.23,NG,1947,656,96,14,10,10,1,0.2,1,1,1,1,3,20,1,8,1,1,30,30,30,30,10,200000,96,200,-31,-90,0,0,False,False,False,False,UNDER,OVER,
2016/09/19 17:00:35,INFO  - ,MEASURE,second,4,yellow wire,73.62,72.73,NG,1969,720,55,9,10,10,1,0.2,1,1,1,1,3,20,1,8,1,1,30,30,30,30,10,200000,96,200,-31,-90,0,0,False,False,False,False,UNDER,OVER,
2016/09/19 17:00:35,INFO  - ,MEASURE,second,5,wihite wire,83.66,66.21,NG,2001,766,73,18,10,10,1,0.2,1,1,1,1,3,20,1,8,1,1,30,30,30,30,10,200000,96,200,-31,-90,0,0,False,False,False,False,UNDER,OVER,
2016/09/19 17:00:35,INFO  - ,MEASURE,second,6,polar 1,0.00,90.71,NG,41,1276,36,64,10,10,1,0.2,1,1,1,1,3,20,1,8,1,1,30,30,30,30,10,200000,96,200,-31,-90,0,0,False,False,False,False,UNDER,OVER,
2016/09/19 17:00:35,INFO  - ,MEASURE,second,7,polar2,32.75,91.78,NG,55,287,46,68,10,10,1,0.2,1,1,1,1,3,20,1,8,1,1,30,30,30,30,10,200000,96,200,-31,-90,0,0,False,False,False,False,UNDER,OVER,
2016/09/19 17:00:35,INFO  - ,MEASURE,second,8,cap1,70.03,69.65,NG,620,369,9,41,10,10,1,0.2,1,1,1,1,3,20,1,8,1,1,30,30,30,30,10,200000,96,200,-31,-90,0,0,False,False,False,False,UNDER,OVER,
2016/09/19 17:00:35,INFO  - ,MEASURE,second,9,cap2,75.88,78.40,NG,561,1254,18,18,10,10,1,0.2,1,1,1,1,3,20,1,8,1,1,30,30,30,30,10,200000,96,200,-31,-90,0,0,False,False,False,False,UNDER,OVER,
2016/09/19 17:00:35,INFO  - ,MEASURE,second,10,,94.07,0.00,NG,513,1771,22,52,20,20,1,0.2,1,1,1,1.1,3,20,1,5,1,1,45,45,45,45,100,200000,95,200,-31,-90,0,0,False,False,False,False,UNDER,OVER,
2016/09/19 17:00:35,INFO  - ,MEASURE,second,11,botton1,56.08,53.15,NG,1265,1449,135,138,20,20,1,0.2,1,1,1,1.1,3,20,1,5,1,1,45,45,45,45,100,200000,95,200,-31,-90,0,0,False,False,False,False,UNDER,OVER,
2016/09/19 17:00:35,INFO  - ,MEASURE,second,12,Led,93.14,0.00,NG,1126,109,23,27,20,20,1,0.2,1,1,1,1.1,3,20,1,5,1,1,45,45,45,45,100,200000,95,200,-31,-90,0,0,False,False,False,False,UNDER,OVER,
2016/09/19 17:00:35,INFO  - ,JUDGE,second,37,NG,20,17,0,12,0.70,,
2016/09/19 17:01:17,INFO  - ,MEASURE,second,1,Led,99.54,0.00,PASS,1846,228,68,59,10,10,1,0.2,1,1,1,1,3,20,1,8,1,1,30,30,30,30,10,200000,96,200,-1,0,0,0,False,False,False,False,UNDER,OVER,
2016/09/19 17:01:17,INFO  - ,MEASURE,second,2,red wire,99.60,0.00,PASS,1969,620,73,14,10,10,1,0.2,1,1,1,1,3,20,1,8,1,1,30,30,30,30,10,200000,96,200,-1,0,0,0,False,False,False,False,UNDER,OVER,
2016/09/19 17:01:17,INFO  - ,MEASURE,second,3,green wire,99.36,0.00,PASS,1947,656,96,14,10,10,1,0.2,1,1,1,1,3,20,1,8,1,1,30,30,30,30,10,200000,96,200,-1,0,0,0,False,False,False,False,UNDER,OVER,
2016/09/19 17:01:17,INFO  - ,MEASURE,second,4,yellow wire,99.70,0.00,PASS,1969,720,55,9,10,10,1,0.2,1,1,1,1,3,20,1,8,1,1,30,30,30,30,10,200000,96,200,-1,0,0,0,False,False,False,False,UNDER,OVER,
2016/09/19 17:01:17,INFO  - ,MEASURE,second,5,wihite wire,99.74,0.00,PASS,2001,766,73,18,10,10,1,0.2,1,1,1,1,3,20,1,8,1,1,30,30,30,30,10,200000,96,200,-1,0,0,0,False,False,False,False,UNDER,OVER,
2016/09/19 17:01:17,INFO  - ,MEASURE,second,6,polar 1,99.79,0.00,PASS,41,1276,36,64,10,10,1,0.2,1,1,1,1,3,20,1,8,1,1,30,30,30,30,10,200000,96,200,-1,0,0,0,False,False,False,False,UNDER,OVER,
2016/09/19 17:01:17,INFO  - ,MEASURE,second,7,polar2,99.82,0.00,PASS,55,287,46,68,10,10,1,0.2,1,1,1,1,3,20,1,8,1,1,30,30,30,30,10,200000,96,200,-1,0,0,0,False,False,False,False,UNDER,OVER,
2016/09/19 17:01:17,INFO  - ,MEASURE,second,8,cap1,99.85,0.00,PASS,620,369,9,41,10,10,1,0.2,1,1,1,1,3,20,1,8,1,1,30,30,30,30,10,200000,96,200,-1,0,0,0,False,False,False,False,UNDER,OVER,
2016/09/19 17:01:17,INFO  - ,MEASURE,second,9,cap2,99.52,0.00,PASS,561,1254,18,18,10,10,1,0.2,1,1,1,1,3,20,1,8,1,1,30,30,30,30,10,200000,96,200,-1,0,0,0,False,False,False,False,UNDER,OVER,
2016/09/19 17:01:17,INFO  - ,MEASURE,second,10,,99.39,0.00,PASS,513,1771,22,52,20,20,1,0.2,1,1,1,1.1,3,20,1,5,1,1,45,45,45,45,100,200000,95,200,-1,0,0,0,False,False,False,False,UNDER,OVER,
2016/09/19 17:01:17,INFO  - ,MEASURE,second,11,botton1,99.77,0.00,PASS,1265,1449,135,138,20,20,1,0.2,1,1,1,1.1,3,20,1,5,1,1,45,45,45,45,100,200000,95,200,-1,0,0,0,False,False,False,False,UNDER,OVER,
2016/09/19 17:01:17,INFO  - ,MEASURE,second,12,Led,98.29,0.00,PASS,1126,109,23,27,20,20,1,0.2,1,1,1,1.1,3,20,1,5,1,1,45,45,45,45,100,200000,95,200,-1,0,0,0,False,False,False,False,UNDER,OVER,
2016/09/19 17:01:17,INFO  - ,JUDGE,second,38,PASS,21,17,12,0,0.60,,
2016/09/19 17:04:42,INFO  - ,MEASURE,second,1,Led,99.59,0.00,PASS,1846,228,68,59,10,10,1,0.2,1,1,1,1,3,20,1,8,1,1,30,30,30,30,10,200000,96,200,-1,1,0,0,False,False,False,False,UNDER,OVER,
2016/09/19 17:04:42,INFO  - ,MEASURE,second,2,red wire,99.56,0.00,PASS,1969,620,73,14,10,10,1,0.2,1,1,1,1,3,20,1,8,1,1,30,30,30,30,10,200000,96,200,-1,1,0,0,False,False,False,False,UNDER,OVER,
2016/09/19 17:04:42,INFO  - ,MEASURE,second,3,green wire,99.38,0.00,PASS,1947,656,96,14,10,10,1,0.2,1,1,1,1,3,20,1,8,1,1,30,30,30,30,10,200000,96,200,-1,1,0,0,False,False,False,False,UNDER,OVER,
2016/09/19 17:04:42,INFO  - ,MEASURE,second,4,yellow wire,99.70,0.00,PASS,1969,720,55,9,10,10,1,0.2,1,1,1,1,3,20,1,8,1,1,30,30,30,30,10,200000,96,200,-1,1,0,0,False,False,False,False,UNDER,OVER,
2016/09/19 17:04:42,INFO  - ,MEASURE,second,5,wihite wire,99.75,0.00,PASS,2001,766,73,18,10,10,1,0.2,1,1,1,1,3,20,1,8,1,1,30,30,30,30,10,200000,96,200,-1,1,0,0,False,False,False,False,UNDER,OVER,
2016/09/19 17:04:42,INFO  - ,MEASURE,second,6,polar 1,99.78,0.00,PASS,41,1276,36,64,10,10,1,0.2,1,1,1,1,3,20,1,8,1,1,30,30,30,30,10,200000,96,200,-1,1,0,0,False,False,False,False,UNDER,OVER,
2016/09/19 17:04:42,INFO  - ,MEASURE,second,7,polar2,99.82,0.00,PASS,55,287,46,68,10,10,1,0.2,1,1,1,1,3,20,1,8,1,1,30,30,30,30,10,200000,96,200,-1,1,0,0,False,False,False,False,UNDER,OVER,
2016/09/19 17:04:42,INFO  - ,MEASURE,second,8,cap1,99.88,0.00,PASS,620,369,9,41,10,10,1,0.2,1,1,1,1,3,20,1,8,1,1,30,30,30,30,10,200000,96,200,-1,1,0,0,False,False,False,False,UNDER,OVER,
2016/09/19 17:04:42,INFO  - ,MEASURE,second,9,cap2,99.53,0.00,PASS,561,1254,18,18,10,10,1,0.2,1,1,1,1,3,20,1,8,1,1,30,30,30,30,10,200000,96,200,-1,1,0,0,False,False,False,False,UNDER,OVER,
2016/09/19 17:04:42,INFO  - ,MEASURE,second,10,,99.40,0.00,PASS,513,1771,22,52,20,20,1,0.2,1,1,1,1.1,3,20,1,5,1,1,45,45,45,45,100,200000,95,200,-1,1,0,0,False,False,False,False,UNDER,OVER,
2016/09/19 17:04:42,INFO  - ,MEASURE,second,11,botton1,99.77,0.00,PASS,1265,1449,135,138,20,20,1,0.2,1,1,1,1.1,3,20,1,5,1,1,45,45,45,45,100,200000,95,200,-1,1,0,0,False,False,False,False,UNDER,OVER,
2016/09/19 17:04:42,INFO  - ,MEASURE,second,12,Led,98.34,0.00,PASS,1126,109,23,27,20,20,1,0.2,1,1,1,1.1,3,20,1,5,1,1,45,45,45,45,100,200000,95,200,-1,1,0,0,False,False,False,False,UNDER,OVER,
2016/09/19 17:04:42,INFO  - ,JUDGE,second,39,PASS,22,17,12,0,0.59,,
2016/09/19 17:08:17,INFO  - ,MEASURE,second,1,Led,99.55,0.00,PASS,1846,228,68,59,10,10,1,0.2,1,1,1,1,3,20,1,8,1,1,30,30,30,30,10,200000,96,200,-2,0,0,0,False,False,False,False,UNDER,OVER,
2016/09/19 17:08:17,INFO  - ,MEASURE,second,2,red wire,99.54,0.00,PASS,1969,620,73,14,10,10,1,0.2,1,1,1,1,3,20,1,8,1,1,30,30,30,30,10,200000,96,200,-2,0,0,0,False,False,False,False,UNDER,OVER,
2016/09/19 17:08:17,INFO  - ,MEASURE,second,3,green wire,99.32,0.00,PASS,1947,656,96,14,10,10,1,0.2,1,1,1,1,3,20,1,8,1,1,30,30,30,30,10,200000,96,200,-2,0,0,0,False,False,False,False,UNDER,OVER,
2016/09/19 17:08:17,INFO  - ,MEASURE,second,4,yellow wire,99.70,0.00,PASS,1969,720,55,9,10,10,1,0.2,1,1,1,1,3,20,1,8,1,1,30,30,30,30,10,200000,96,200,-2,0,0,0,False,False,False,False,UNDER,OVER,
2016/09/19 17:08:17,INFO  - ,MEASURE,second,5,wihite wire,99.75,0.00,PASS,2001,766,73,18,10,10,1,0.2,1,1,1,1,3,20,1,8,1,1,30,30,30,30,10,200000,96,200,-2,0,0,0,False,False,False,False,UNDER,OVER,
2016/09/19 17:08:17,INFO  - ,MEASURE,second,6,,99.39,0.00,PASS,513,1771,22,52,20,20,1,0.2,1,1,1,1.1,3,20,1,5,1,1,45,45,45,45,100,200000,95,200,-2,0,0,0,False,False,False,False,UNDER,OVER,
2016/09/19 17:08:17,INFO  - ,MEASURE,second,7,botton1,99.77,0.00,PASS,1265,1449,135,138,20,20,1,0.2,1,1,1,1.1,3,20,1,5,1,1,45,45,45,45,100,200000,95,200,-2,0,0,0,False,False,False,False,UNDER,OVER,
2016/09/19 17:08:17,INFO  - ,MEASURE,second,8,Led,98.42,0.00,PASS,1126,109,23,27,20,20,1,0.2,1,1,1,1.1,3,20,1,5,1,1,45,45,45,45,100,200000,95,200,-2,0,0,0,False,False,False,False,UNDER,OVER,
2016/09/19 17:08:17,INFO  - ,MEASURE,second,9,polar2,99.71,0.00,PASS,49,288,7,62,10,10,1,0.2,1,1,1,1,3,20,1,8,1,1,30,30,30,30,10,200000,96,200,-2,0,0,0,False,False,False,False,UNDER,OVER,
2016/09/19 17:08:17,INFO  - ,MEASURE,second,10,polar 1,99.77,0.00,PASS,45,1291,5,51,10,10,1,0.2,1,1,1,1,3,20,1,8,1,1,30,30,30,30,10,200000,96,200,-2,0,0,0,False,False,False,False,UNDER,OVER,
2016/09/19 17:08:17,INFO  - ,JUDGE,second,40,PASS,23,17,10,0,0.60,,
2016/09/19 17:08:35,INFO  - ,MEASURE,second,1,Led,74.60,76.20,NG,1846,228,68,59,10,10,1,0.2,1,1,1,1,3,20,1,8,1,1,30,30,30,30,10,200000,96,200,-31,-91,0,0,False,False,False,False,UNDER,OVER,
2016/09/19 17:08:35,INFO  - ,MEASURE,second,2,red wire,69.45,63.41,NG,1969,620,73,14,10,10,1,0.2,1,1,1,1,3,20,1,8,1,1,30,30,30,30,10,200000,96,200,-31,-91,0,0,False,False,False,False,UNDER,OVER,
2016/09/19 17:08:35,INFO  - ,MEASURE,second,3,green wire,90.89,1.12,NG,1947,656,96,14,10,10,1,0.2,1,1,1,1,3,20,1,8,1,1,30,30,30,30,10,200000,96,200,-31,-91,0,0,False,False,False,False,UNDER,OVER,
2016/09/19 17:08:35,INFO  - ,MEASURE,second,4,yellow wire,73.41,72.53,NG,1969,720,55,9,10,10,1,0.2,1,1,1,1,3,20,1,8,1,1,30,30,30,30,10,200000,96,200,-31,-91,0,0,False,False,False,False,UNDER,OVER,
2016/09/19 17:08:35,INFO  - ,MEASURE,second,5,wihite wire,85.83,64.99,NG,2001,766,73,18,10,10,1,0.2,1,1,1,1,3,20,1,8,1,1,30,30,30,30,10,200000,96,200,-31,-91,0,0,False,False,False,False,UNDER,OVER,
2016/09/19 17:08:35,INFO  - ,MEASURE,second,6,,94.02,0.00,NG,513,1771,22,52,20,20,1,0.2,1,1,1,1.1,3,20,1,5,1,1,45,45,45,45,100,200000,95,200,-31,-91,0,0,False,False,False,False,UNDER,OVER,
2016/09/19 17:08:35,INFO  - ,MEASURE,second,7,botton1,56.10,53.71,NG,1265,1449,135,138,20,20,1,0.2,1,1,1,1.1,3,20,1,5,1,1,45,45,45,45,100,200000,95,200,-31,-91,0,0,False,False,False,False,UNDER,OVER,
2016/09/19 17:08:35,INFO  - ,MEASURE,second,8,Led,93.31,0.00,NG,1126,109,23,27,20,20,1,0.2,1,1,1,1.1,3,20,1,5,1,1,45,45,45,45,100,200000,95,200,-31,-91,0,0,False,False,False,False,UNDER,OVER,
2016/09/19 17:08:35,INFO  - ,MEASURE,second,9,polar2,0.00,69.12,NG,49,288,7,62,10,10,1,0.2,1,1,1,1,3,20,1,8,1,1,30,30,30,30,10,200000,96,200,-31,-91,0,0,False,False,False,False,UNDER,OVER,
2016/09/19 17:08:35,INFO  - ,MEASURE,second,10,polar 1,0.00,56.47,NG,45,1291,5,51,10,10,1,0.2,1,1,1,1,3,20,1,8,1,1,30,30,30,30,10,200000,96,200,-31,-91,0,0,False,False,False,False,UNDER,OVER,
2016/09/19 17:08:35,INFO  - ,JUDGE,second,41,NG,23,18,0,10,0.76,,
2016/09/19 17:08:53,INFO  - ,MEASURE,second,1,Led,74.61,77.12,NG,1846,228,68,59,10,10,1,0.2,1,1,1,1,3,20,1,8,1,1,30,30,30,30,10,200000,96,200,-32,-91,0,0,False,False,False,False,UNDER,OVER,
2016/09/19 17:08:53,INFO  - ,MEASURE,second,2,red wire,69.10,63.21,NG,1969,620,73,14,10,10,1,0.2,1,1,1,1,3,20,1,8,1,1,30,30,30,30,10,200000,96,200,-32,-91,0,0,False,False,False,False,UNDER,OVER,
2016/09/19 17:08:53,INFO  - ,MEASURE,second,3,green wire,90.55,1.86,NG,1947,656,96,14,10,10,1,0.2,1,1,1,1,3,20,1,8,1,1,30,30,30,30,10,200000,96,200,-32,-91,0,0,False,False,False,False,UNDER,OVER,
2016/09/19 17:08:53,INFO  - ,MEASURE,second,4,yellow wire,74.13,72.93,NG,1969,720,55,9,10,10,1,0.2,1,1,1,1,3,20,1,8,1,1,30,30,30,30,10,200000,96,200,-32,-91,0,0,False,False,False,False,UNDER,OVER,
2016/09/19 17:08:53,INFO  - ,MEASURE,second,5,wihite wire,85.95,65.07,NG,2001,766,73,18,10,10,1,0.2,1,1,1,1,3,20,1,8,1,1,30,30,30,30,10,200000,96,200,-32,-91,0,0,False,False,False,False,UNDER,OVER,
2016/09/19 17:08:53,INFO  - ,MEASURE,second,6,,94.12,0.00,NG,513,1771,22,52,20,20,1,0.2,1,1,1,1.1,3,20,1,5,1,1,45,45,45,45,100,200000,95,200,-32,-91,0,0,False,False,False,False,UNDER,OVER,
2016/09/19 17:08:53,INFO  - ,MEASURE,second,7,botton1,56.06,53.77,NG,1265,1449,135,138,20,20,1,0.2,1,1,1,1.1,3,20,1,5,1,1,45,45,45,45,100,200000,95,200,-32,-91,0,0,False,False,False,False,UNDER,OVER,
2016/09/19 17:08:53,INFO  - ,MEASURE,second,8,Led,93.38,0.00,NG,1126,109,23,27,20,20,1,0.2,1,1,1,1.1,3,20,1,5,1,1,45,45,45,45,100,200000,95,200,-32,-91,0,0,False,False,False,False,UNDER,OVER,
2016/09/19 17:08:53,INFO  - ,MEASURE,second,9,polar2,0.00,67.97,NG,49,288,7,62,10,10,1,0.2,1,1,1,1,3,20,1,8,1,1,30,30,30,30,10,200000,96,200,-32,-91,0,0,False,False,False,False,UNDER,OVER,
2016/09/19 17:08:53,INFO  - ,MEASURE,second,10,polar 1,0.00,57.65,NG,45,1291,5,51,10,10,1,0.2,1,1,1,1,3,20,1,8,1,1,30,30,30,30,10,200000,96,200,-32,-91,0,0,False,False,False,False,UNDER,OVER,
2016/09/19 17:08:53,INFO  - ,JUDGE,second,42,NG,23,19,0,10,0.76,,
2016/09/19 17:25:54,INFO  - ,MEASURE,second,1,Led,74.42,65.85,NG,1846,228,68,59,10,10,1,0.2,1,1,1,1,3,20,1,8,1,1,30,30,30,30,10,200000,96,200,51,-102,0,0,False,False,False,False,UNDER,OVER,
2016/09/19 17:25:54,INFO  - ,MEASURE,second,2,red wire,67.21,69.37,NG,1969,620,73,14,10,10,1,0.2,1,1,1,1,3,20,1,8,1,1,30,30,30,30,10,200000,96,200,51,-102,0,0,False,False,False,False,UNDER,OVER,
2016/09/19 17:25:54,INFO  - ,MEASURE,second,3,green wire,83.40,12.50,NG,1947,656,96,14,10,10,1,0.2,1,1,1,1,3,20,1,8,1,1,30,30,30,30,10,200000,96,200,51,-102,0,0,False,False,False,False,UNDER,OVER,
2016/09/19 17:25:54,INFO  - ,MEASURE,second,4,yellow wire,49.08,74.95,NG,1969,720,55,9,10,10,1,0.2,1,1,1,1,3,20,1,8,1,1,30,30,30,30,10,200000,96,200,51,-102,0,0,False,False,False,False,UNDER,OVER,
2016/09/19 17:25:54,INFO  - ,MEASURE,second,5,wihite wire,45.56,82.04,NG,2001,766,73,18,10,10,1,0.2,1,1,1,1,3,20,1,8,1,1,30,30,30,30,10,200000,96,200,51,-102,0,0,False,False,False,False,UNDER,OVER,
2016/09/19 17:25:54,INFO  - ,MEASURE,second,6,,95.65,0.00,PASS,513,1771,22,52,20,20,1,0.2,1,1,1,1.1,3,20,1,5,1,1,45,45,45,45,100,200000,95,200,51,-102,0,0,False,False,False,False,UNDER,OVER,
2016/09/19 17:25:54,INFO  - ,MEASURE,second,7,botton1,66.21,46.74,NG,1265,1449,135,138,20,20,1,0.2,1,1,1,1.1,3,20,1,5,1,1,45,45,45,45,100,200000,95,200,51,-102,0,0,False,False,False,False,UNDER,OVER,
2016/09/19 17:25:54,INFO  - ,MEASURE,second,8,Led,93.80,0.00,NG,1126,109,23,27,20,20,1,0.2,1,1,1,1.1,3,20,1,5,1,1,45,45,45,45,100,200000,95,200,51,-102,0,0,False,False,False,False,UNDER,OVER,
2016/09/19 17:25:54,INFO  - ,MEASURE,second,9,polar2,90.11,61.29,NG,49,288,7,62,10,10,1,0.2,1,1,1,1,3,20,1,8,1,1,30,30,30,30,10,200000,96,200,51,-102,0,0,False,False,False,False,UNDER,OVER,
2016/09/19 17:25:54,INFO  - ,MEASURE,second,10,polar 1,86.43,52.55,NG,45,1291,5,51,10,10,1,0.2,1,1,1,1,3,20,1,8,1,1,30,30,30,30,10,200000,96,200,51,-102,0,0,False,False,False,False,UNDER,OVER,
2016/09/19 17:25:54,INFO  - ,JUDGE,second,43,NG,23,20,1,9,0.80,,
2016/09/19 17:26:08,INFO  - ,MEASURE,second,1,Led,99.18,0.00,PASS,1846,228,68,59,10,10,1,0.2,1,1,1,1,3,20,1,8,1,1,30,30,30,30,10,200000,96,200,-8,12,0,0,False,False,False,False,UNDER,OVER,
2016/09/19 17:26:08,INFO  - ,MEASURE,second,2,red wire,99.36,0.00,PASS,1969,620,73,14,10,10,1,0.2,1,1,1,1,3,20,1,8,1,1,30,30,30,30,10,200000,96,200,-8,12,0,0,False,False,False,False,UNDER,OVER,
2016/09/19 17:26:08,INFO  - ,MEASURE,second,3,green wire,98.99,0.00,PASS,1947,656,96,14,10,10,1,0.2,1,1,1,1,3,20,1,8,1,1,30,30,30,30,10,200000,96,200,-8,12,0,0,False,False,False,False,UNDER,OVER,
2016/09/19 17:26:08,INFO  - ,MEASURE,second,4,yellow wire,99.50,0.00,PASS,1969,720,55,9,10,10,1,0.2,1,1,1,1,3,20,1,8,1,1,30,30,30,30,10,200000,96,200,-8,12,0,0,False,False,False,False,UNDER,OVER,
2016/09/19 17:26:08,INFO  - ,MEASURE,second,5,wihite wire,99.54,0.00,PASS,2001,766,73,18,10,10,1,0.2,1,1,1,1,3,20,1,8,1,1,30,30,30,30,10,200000,96,200,-8,12,0,0,False,False,False,False,UNDER,OVER,
2016/09/19 17:26:08,INFO  - ,MEASURE,second,6,,93.73,0.00,NG,513,1771,22,52,20,20,1,0.2,1,1,1,1.1,3,20,1,5,1,1,45,45,45,45,100,200000,95,200,-8,12,0,0,False,False,False,False,UNDER,OVER,
2016/09/19 17:26:08,INFO  - ,MEASURE,second,7,botton1,96.43,9.18,NG,1265,1449,135,138,20,20,1,0.2,1,1,1,1.1,3,20,1,5,1,1,45,45,45,45,100,200000,95,200,-8,12,0,0,False,False,False,False,UNDER,OVER,
2016/09/19 17:26:08,INFO  - ,MEASURE,second,8,Led,98.49,0.00,PASS,1126,109,23,27,20,20,1,0.2,1,1,1,1.1,3,20,1,5,1,1,45,45,45,45,100,200000,95,200,-8,12,0,0,False,False,False,False,UNDER,OVER,
2016/09/19 17:26:08,INFO  - ,MEASURE,second,9,polar2,97.88,16.59,NG,49,288,7,62,10,10,1,0.2,1,1,1,1,3,20,1,8,1,1,30,30,30,30,10,200000,96,200,-8,12,0,0,False,False,False,False,UNDER,OVER,
2016/09/19 17:26:08,INFO  - ,MEASURE,second,10,polar 1,98.24,12.16,NG,45,1291,5,51,10,10,1,0.2,1,1,1,1,3,20,1,8,1,1,30,30,30,30,10,200000,96,200,-8,12,0,0,False,False,False,False,UNDER,OVER,
2016/09/19 17:26:08,INFO  - ,JUDGE,second,44,NG,23,21,6,4,0.65,,
2016/09/19 17:26:33,INFO  - ,MEASURE,first program,1,,19.98,0.00,NG,770,803,231,189,25,25,1,0.2,1,1,1,1,3,20,1,4,1,0,55,55,55,55,150,200000,92,200,112,125,0,0,False,False,False,False,UNDER,OVER,
2016/09/19 17:26:33,INFO  - ,MEASURE,first program,2,,0.00,24.70,NG,374,1029,175,254,25,25,1,0.2,1,1,1,1,3,20,1,4,1,0,55,55,55,55,150,200000,92,200,112,125,0,0,False,False,False,False,UNDER,OVER,
2016/09/19 17:26:33,INFO  - ,MEASURE,first program,3,,4.21,0.00,NG,1259,641,148,300,25,25,1,0.2,1,1,1,1,3,20,1,4,1,0,55,55,55,55,150,200000,92,200,112,125,0,0,False,False,False,False,UNDER,OVER,
2016/09/19 17:26:33,INFO  - ,MEASURE,first program,4,,0.00,33.73,NG,1070,1342,244,268,25,25,1,0.2,1,1,1,1,3,20,1,4,1,0,55,55,55,55,150,200000,92,200,112,125,0,0,False,False,False,False,UNDER,OVER,
2016/09/19 17:26:33,INFO  - ,MEASURE,first program,5,,0.00,16.53,NG,503,355,318,240,25,25,1,0.2,1,1,1,1,3,20,1,4,1,0,55,55,55,55,150,200000,92,200,112,125,0,0,False,False,False,False,UNDER,OVER,
2016/09/19 17:26:33,INFO  - ,MEASURE,first program,6,,0.00,67.41,NG,1757,1126,83,244,25,25,1,0.2,1,1,1,1,3,20,1,4,1,0,55,55,55,55,150,200000,92,200,112,125,0,0,False,False,False,False,UNDER,OVER,
2016/09/19 17:26:33,INFO  - ,MEASURE,first program,7,,0.00,31.91,NG,752,1527,143,125,25,25,1,0.2,1,1,1,1,3,20,1,4,1,0,55,55,55,55,150,200000,92,200,112,125,0,0,False,False,False,False,UNDER,OVER,
2016/09/19 17:26:33,INFO  - ,MEASURE,first program,8,,0.00,16.65,NG,304,1485,244,208,25,25,1,0.2,1,1,1,1,3,20,1,4,1,0,55,55,55,55,150,200000,92,200,112,125,0,0,False,False,False,False,UNDER,OVER,
2016/09/19 17:26:33,INFO  - ,MEASURE,first program,9,,1.37,0.00,NG,849,263,244,143,25,25,1,0.2,1,1,1,1,3,20,1,4,1,0,55,55,55,55,150,200000,92,200,112,125,0,0,False,False,False,False,UNDER,OVER,
2016/09/19 17:26:33,INFO  - ,JUDGE,first program,1,NG,0,1,0,9,1.99,,
2016/09/19 17:26:47,INFO  - ,MEASURE,second,1,Led,99.18,0.00,PASS,1846,228,68,59,10,10,1,0.2,1,1,1,1,3,20,1,8,1,1,30,30,30,30,10,200000,96,200,-8,13,0,0,False,False,False,False,UNDER,OVER,
2016/09/19 17:26:47,INFO  - ,MEASURE,second,2,red wire,99.32,0.00,PASS,1969,620,73,14,10,10,1,0.2,1,1,1,1,3,20,1,8,1,1,30,30,30,30,10,200000,96,200,-8,13,0,0,False,False,False,False,UNDER,OVER,
2016/09/19 17:26:47,INFO  - ,MEASURE,second,3,green wire,98.95,0.00,PASS,1947,656,96,14,10,10,1,0.2,1,1,1,1,3,20,1,8,1,1,30,30,30,30,10,200000,96,200,-8,13,0,0,False,False,False,False,UNDER,OVER,
2016/09/19 17:26:47,INFO  - ,MEASURE,second,4,yellow wire,99.48,0.00,PASS,1969,720,55,9,10,10,1,0.2,1,1,1,1,3,20,1,8,1,1,30,30,30,30,10,200000,96,200,-8,13,0,0,False,False,False,False,UNDER,OVER,
2016/09/19 17:26:47,INFO  - ,MEASURE,second,5,wihite wire,99.49,0.00,PASS,2001,766,73,18,10,10,1,0.2,1,1,1,1,3,20,1,8,1,1,30,30,30,30,10,200000,96,200,-8,13,0,0,False,False,False,False,UNDER,OVER,
2016/09/19 17:26:47,INFO  - ,MEASURE,second,6,,93.22,0.00,NG,513,1771,22,52,20,20,1,0.2,1,1,1,1.1,3,20,1,5,1,1,45,45,45,45,100,200000,95,200,-8,13,0,0,False,False,False,False,UNDER,OVER,
2016/09/19 17:26:47,INFO  - ,MEASURE,second,7,botton1,96.35,10.02,NG,1265,1449,135,138,20,20,1,0.2,1,1,1,1.1,3,20,1,5,1,1,45,45,45,45,100,200000,95,200,-8,13,0,0,False,False,False,False,UNDER,OVER,
2016/09/19 17:26:47,INFO  - ,MEASURE,second,8,Led,98.46,0.00,PASS,1126,109,23,27,20,20,1,0.2,1,1,1,1.1,3,20,1,5,1,1,45,45,45,45,100,200000,95,200,-8,13,0,0,False,False,False,False,UNDER,OVER,
2016/09/19 17:26:47,INFO  - ,MEASURE,second,9,polar2,97.65,16.82,NG,49,288,7,62,10,10,1,0.2,1,1,1,1,3,20,1,8,1,1,30,30,30,30,10,200000,96,200,-8,13,0,0,False,False,False,False,UNDER,OVER,
2016/09/19 17:26:47,INFO  - ,MEASURE,second,10,polar 1,98.13,12.94,NG,45,1291,5,51,10,10,1,0.2,1,1,1,1,3,20,1,8,1,1,30,30,30,30,10,200000,96,200,-8,13,0,0,False,False,False,False,UNDER,OVER,
2016/09/19 17:26:47,INFO  - ,JUDGE,second,1,NG,0,1,6,4,0.65,,
